[  1%] Built target ros2_robot_middleware__rs
[  1%] Built target ros2_robot_middleware__rosidl_generator_type_description
[  3%] Built target gtest
[  5%] Built target gtest_main
[  5%] Built target ament_cmake_python_copy_ros2_robot_middleware
[  5%] Built target ros2_robot_middleware__cpp
[ 22%] Built target ros2_robot_middleware__rosidl_generator_c
[ 29%] Built target ros2_robot_middleware__rosidl_typesupport_introspection_c
[ 43%] Built target ros2_robot_middleware__rosidl_typesupport_introspection_cpp
[ 43%] Built target ros2_robot_middleware__rosidl_typesupport_c
[ 50%] Built target ros2_robot_middleware__rosidl_typesupport_cpp
[ 61%] Built target ros2_robot_middleware__rosidl_typesupport_fastrtps_cpp
[ 64%] Built target ros2_robot_middleware__rosidl_typesupport_fastrtps_c
[ 64%] Built target ros2_robot_middleware
[ 65%] Building CXX object CMakeFiles/compute_component.dir/src/fusion_node.cpp.o
[ 66%] Building CXX object CMakeFiles/robot_middleware_lib.dir/src/fusion_node.cpp.o
[ 67%] Built target ros2_robot_middleware__py
[ 74%] Built target ros2_robot_middleware__rosidl_generator_py
[ 78%] Built target ros2_robot_middleware_s__rosidl_typesupport_c
[ 79%] Built target ros2_robot_middleware_s__rosidl_typesupport_fastrtps_c
[ 78%] Built target ros2_robot_middleware_s__rosidl_typesupport_introspection_c
running egg_info
writing ros2_robot_middleware.egg-info/PKG-INFO
writing dependency_links to ros2_robot_middleware.egg-info/dependency_links.txt
writing top-level names to ros2_robot_middleware.egg-info/top_level.txt
reading manifest file 'ros2_robot_middleware.egg-info/SOURCES.txt'
writing manifest file 'ros2_robot_middleware.egg-info/SOURCES.txt'
[ 79%] Built target ament_cmake_python_build_ros2_robot_middleware_egg
