[0.014s] Invoking command in '/home/guang/code/ros2_ws/src/ros2_amr_framework/build/ros2_robot_middleware': CMAKE_PREFIX_PATH=${CMAKE_PREFIX_PATH}:/opt/ros/jazzy DEBUGINFOD_URLS=https://debuginfod.ubuntu.com /usr/bin/cmake --build /home/guang/code/ros2_ws/src/ros2_amr_framework/build/ros2_robot_middleware -- -j16 -l16
[0.064s] [  1%] Built target ros2_robot_middleware__rs
[0.064s] [  1%] Built target ros2_robot_middleware__rosidl_generator_type_description
[0.068s] [  3%] Built target gtest
[0.068s] [  5%] Built target gtest_main
[0.072s] [  5%] Built target ament_cmake_python_copy_ros2_robot_middleware
[0.079s] [  5%] Built target ros2_robot_middleware__cpp
[0.084s] [ 22%] Built target ros2_robot_middleware__rosidl_generator_c
[0.105s] [ 29%] Built target ros2_robot_middleware__rosidl_typesupport_introspection_c
[0.107s] [ 43%] Built target ros2_robot_middleware__rosidl_typesupport_introspection_cpp
[0.107s] [ 43%] Built target ros2_robot_middleware__rosidl_typesupport_c
[0.108s] [ 50%] Built target ros2_robot_middleware__rosidl_typesupport_cpp
[0.110s] [ 61%] Built target ros2_robot_middleware__rosidl_typesupport_fastrtps_cpp
[0.110s] [ 64%] Built target ros2_robot_middleware__rosidl_typesupport_fastrtps_c
[0.129s] [ 64%] Built target ros2_robot_middleware
[0.133s] [ 65%] Building CXX object CMakeFiles/compute_component.dir/src/fusion_node.cpp.o
[0.144s] [ 66%] Building CXX object CMakeFiles/robot_middleware_lib.dir/src/fusion_node.cpp.o
[0.144s] [ 67%] Built target ros2_robot_middleware__py
[0.166s] [ 74%] Built target ros2_robot_middleware__rosidl_generator_py
[0.185s] [ 78%] Built target ros2_robot_middleware_s__rosidl_typesupport_c
[0.185s] [ 79%] Built target ros2_robot_middleware_s__rosidl_typesupport_fastrtps_c
[0.185s] [ 78%] Built target ros2_robot_middleware_s__rosidl_typesupport_introspection_c
[0.203s] running egg_info
[0.213s] writing ros2_robot_middleware.egg-info/PKG-INFO
[0.214s] writing dependency_links to ros2_robot_middleware.egg-info/dependency_links.txt
[0.214s] writing top-level names to ros2_robot_middleware.egg-info/top_level.txt
[0.243s] reading manifest file 'ros2_robot_middleware.egg-info/SOURCES.txt'
[0.243s] writing manifest file 'ros2_robot_middleware.egg-info/SOURCES.txt'
[0.264s] [ 79%] Built target ament_cmake_python_build_ros2_robot_middleware_egg
[1.934s] In file included from /usr/include/c++/13/memory:78,
[1.935s]                  from /home/guang/code/ros2_ws/src/ros2_amr_framework/build/ros2_robot_middleware/rosidl_generator_cpp/ros2_robot_middleware/msg/detail/perception_objects__struct.hpp:14,
[1.935s]                  from /home/guang/code/ros2_ws/src/ros2_amr_framework/build/ros2_robot_middleware/rosidl_generator_cpp/ros2_robot_middleware/msg/perception_objects.hpp:7,
[1.935s]                  from /home/guang/code/ros2_ws/src/ros2_amr_framework/include/ros2_robot_middleware/fusion_node.hpp:8,
[1.935s]                  from /home/guang/code/ros2_ws/src/ros2_amr_framework/src/fusion_node.cpp:1:
[1.935s] /usr/include/c++/13/bits/unique_ptr.h: In instantiation of ‘std::__detail::__unique_ptr_t<_Tp> std::make_unique(_Args&& ...) [with _Tp = amr::observability::Logging; _Args = {}; __detail::__unique_ptr_t<_Tp> = __detail::__unique_ptr_t<amr::observability::Logging>]’:
[1.935s] /home/guang/code/ros2_ws/src/ros2_amr_framework/include/ros2_robot_middleware/observability/logging.hpp:26:46:   required from here
[1.935s] /usr/include/c++/13/bits/unique_ptr.h:1070:30: error: ‘amr::observability::Logging::Logging()’ is private within this context
[1.935s]  1070 |     { return unique_ptr<_Tp>(new _Tp(std::forward<_Args>(__args)...)); }
[1.935s]       |                              ^~~~~~~~~~~~~~~~~~~~~~~~~~~~~~~~~~~~~~~
[1.935s] In file included from /home/guang/code/ros2_ws/src/ros2_amr_framework/src/fusion_node.cpp:2:
[1.936s] /home/guang/code/ros2_ws/src/ros2_amr_framework/include/ros2_robot_middleware/observability/logging.hpp:46:5: note: declared private here
[1.936s]    46 |     Logging() : worker_(buffer_) {}
[1.936s]       |     ^~~~~~~
[1.951s] In file included from /usr/include/c++/13/memory:78,
[1.951s]                  from /home/guang/code/ros2_ws/src/ros2_amr_framework/build/ros2_robot_middleware/rosidl_generator_cpp/ros2_robot_middleware/msg/detail/perception_objects__struct.hpp:14,
[1.951s]                  from /home/guang/code/ros2_ws/src/ros2_amr_framework/build/ros2_robot_middleware/rosidl_generator_cpp/ros2_robot_middleware/msg/perception_objects.hpp:7,
[1.951s]                  from /home/guang/code/ros2_ws/src/ros2_amr_framework/include/ros2_robot_middleware/fusion_node.hpp:8,
[1.951s]                  from /home/guang/code/ros2_ws/src/ros2_amr_framework/src/fusion_node.cpp:1:
[1.951s] /usr/include/c++/13/bits/unique_ptr.h: In instantiation of ‘std::__detail::__unique_ptr_t<_Tp> std::make_unique(_Args&& ...) [with _Tp = amr::observability::Logging; _Args = {}; __detail::__unique_ptr_t<_Tp> = __detail::__unique_ptr_t<amr::observability::Logging>]’:
[1.951s] /home/guang/code/ros2_ws/src/ros2_amr_framework/include/ros2_robot_middleware/observability/logging.hpp:26:46:   required from here
[1.951s] /usr/include/c++/13/bits/unique_ptr.h:1070:30: error: ‘amr::observability::Logging::Logging()’ is private within this context
[1.951s]  1070 |     { return unique_ptr<_Tp>(new _Tp(std::forward<_Args>(__args)...)); }
[1.951s]       |                              ^~~~~~~~~~~~~~~~~~~~~~~~~~~~~~~~~~~~~~~
[1.951s] In file included from /home/guang/code/ros2_ws/src/ros2_amr_framework/src/fusion_node.cpp:2:
[1.952s] /home/guang/code/ros2_ws/src/ros2_amr_framework/include/ros2_robot_middleware/observability/logging.hpp:46:5: note: declared private here
[1.952s]    46 |     Logging() : worker_(buffer_) {}
[1.952s]       |     ^~~~~~~
[5.183s] gmake[2]: *** [CMakeFiles/compute_component.dir/build.make:76: CMakeFiles/compute_component.dir/src/fusion_node.cpp.o] Error 1
[5.183s] gmake[1]: *** [CMakeFiles/Makefile2:707: CMakeFiles/compute_component.dir/all] Error 2
[5.184s] gmake[1]: *** Waiting for unfinished jobs....
[5.201s] gmake[2]: *** [CMakeFiles/robot_middleware_lib.dir/build.make:118: CMakeFiles/robot_middleware_lib.dir/src/fusion_node.cpp.o] Error 1
[5.201s] gmake[1]: *** [CMakeFiles/Makefile2:679: CMakeFiles/robot_middleware_lib.dir/all] Error 2
[5.201s] gmake: *** [Makefile:146: all] Error 2
[5.204s] Invoked command in '/home/guang/code/ros2_ws/src/ros2_amr_framework/build/ros2_robot_middleware' returned '2': CMAKE_PREFIX_PATH=${CMAKE_PREFIX_PATH}:/opt/ros/jazzy DEBUGINFOD_URLS=https://debuginfod.ubuntu.com /usr/bin/cmake --build /home/guang/code/ros2_ws/src/ros2_amr_framework/build/ros2_robot_middleware -- -j16 -l16
