[0.118s] DEBUG:colcon:Command line arguments: ['/usr/bin/colcon', 'build', '--packages-select', 'ros2_robot_middleware']
[0.118s] DEBUG:colcon:Parsed command line arguments: Namespace(log_base=None, log_level=None, verb_name='build', build_base='build', install_base='install', merge_install=False, symlink_install=False, test_result_base=None, continue_on_error=False, executor='parallel', parallel_workers=16, event_handlers=None, ignore_user_meta=False, metas=['./colcon.meta'], base_paths=['.'], packages_ignore=None, packages_ignore_regex=None, paths=None, packages_up_to=None, packages_up_to_regex=None, packages_above=None, packages_above_and_dependencies=None, packages_above_depth=None, packages_select_by_dep=None, packages_skip_by_dep=None, packages_skip_up_to=None, packages_select_build_failed=False, packages_skip_build_finished=False, packages_select_test_failures=False, packages_skip_test_passed=False, packages_select=['ros2_robot_middleware'], packages_skip=None, packages_select_regex=None, packages_skip_regex=None, packages_start=None, packages_end=None, allow_overriding=[], cmake_args=None, cmake_target=None, cmake_target_skip_unavailable=False, cmake_clean_cache=False, cmake_clean_first=False, cmake_force_configure=False, ament_cmake_args=None, catkin_cmake_args=None, catkin_skip_building_tests=False, verb_parser=<colcon_defaults.argument_parser.defaults.DefaultArgumentsDecorator object at 0x7a9aab163d10>, verb_extension=<colcon_core.verb.build.BuildVerb object at 0x7a9aab163980>, main=<bound method BuildVerb.main of <colcon_core.verb.build.BuildVerb object at 0x7a9aab163980>>)
[0.144s] Level 1:colcon.colcon_core.package_discovery:discover_packages(colcon_meta) check parameters
[0.144s] Level 1:colcon.colcon_core.package_discovery:discover_packages(recursive) check parameters
[0.144s] Level 1:colcon.colcon_core.package_discovery:discover_packages(ignore) check parameters
[0.144s] Level 1:colcon.colcon_core.package_discovery:discover_packages(path) check parameters
[0.144s] Level 1:colcon.colcon_core.package_discovery:discover_packages(colcon_meta) discover
[0.144s] Level 1:colcon.colcon_core.package_discovery:discover_packages(recursive) discover
[0.144s] INFO:colcon.colcon_core.package_discovery:Crawling recursively for packages in '/home/guang/code/ros2_ws/src/ros2_amr_framework'
[0.144s] Level 1:colcon.colcon_core.package_identification:_identify(.) by extensions ['ignore', 'ignore_ament_install']
[0.144s] Level 1:colcon.colcon_core.package_identification:_identify(.) by extension 'ignore'
[0.144s] Level 1:colcon.colcon_core.package_identification:_identify(.) by extension 'ignore_ament_install'
[0.144s] Level 1:colcon.colcon_core.package_identification:_identify(.) by extensions ['colcon_pkg']
[0.144s] Level 1:colcon.colcon_core.package_identification:_identify(.) by extension 'colcon_pkg'
[0.144s] Level 1:colcon.colcon_core.package_identification:_identify(.) by extensions ['colcon_meta']
[0.144s] Level 1:colcon.colcon_core.package_identification:_identify(.) by extension 'colcon_meta'
[0.144s] Level 1:colcon.colcon_core.package_identification:_identify(.) by extensions ['ros']
[0.144s] Level 1:colcon.colcon_core.package_identification:_identify(.) by extension 'ros'
[0.161s] DEBUG:colcon.colcon_core.package_identification:Package '.' with type 'ros.ament_cmake' and name 'ros2_robot_middleware'
[0.161s] Level 1:colcon.colcon_core.package_discovery:discover_packages(recursive) using defaults
[0.161s] Level 1:colcon.colcon_core.package_discovery:discover_packages(ignore) discover
[0.161s] Level 1:colcon.colcon_core.package_discovery:discover_packages(ignore) using defaults
[0.162s] Level 1:colcon.colcon_core.package_discovery:discover_packages(path) discover
[0.162s] Level 1:colcon.colcon_core.package_discovery:discover_packages(path) using defaults
[0.172s] Level 1:colcon.colcon_core.package_discovery:discover_packages(prefix_path) check parameters
[0.173s] Level 1:colcon.colcon_core.package_discovery:discover_packages(prefix_path) discover
[0.174s] DEBUG:colcon.colcon_installed_package_information.package_discovery:Found 310 installed packages in /opt/ros/jazzy
[0.174s] Level 1:colcon.colcon_core.package_discovery:discover_packages(prefix_path) using defaults
[0.197s] Level 5:colcon.colcon_core.verb:set package 'ros2_robot_middleware' build argument 'cmake_args' from command line to 'None'
[0.197s] Level 5:colcon.colcon_core.verb:set package 'ros2_robot_middleware' build argument 'cmake_target' from command line to 'None'
[0.197s] Level 5:colcon.colcon_core.verb:set package 'ros2_robot_middleware' build argument 'cmake_target_skip_unavailable' from command line to 'False'
[0.197s] Level 5:colcon.colcon_core.verb:set package 'ros2_robot_middleware' build argument 'cmake_clean_cache' from command line to 'False'
[0.197s] Level 5:colcon.colcon_core.verb:set package 'ros2_robot_middleware' build argument 'cmake_clean_first' from command line to 'False'
[0.197s] Level 5:colcon.colcon_core.verb:set package 'ros2_robot_middleware' build argument 'cmake_force_configure' from command line to 'False'
[0.197s] Level 5:colcon.colcon_core.verb:set package 'ros2_robot_middleware' build argument 'ament_cmake_args' from command line to 'None'
[0.197s] Level 5:colcon.colcon_core.verb:set package 'ros2_robot_middleware' build argument 'catkin_cmake_args' from command line to 'None'
[0.197s] Level 5:colcon.colcon_core.verb:set package 'ros2_robot_middleware' build argument 'catkin_skip_building_tests' from command line to 'False'
[0.197s] DEBUG:colcon.colcon_core.verb:Building package 'ros2_robot_middleware' with the following arguments: {'ament_cmake_args': None, 'build_base': '/home/guang/code/ros2_ws/src/ros2_amr_framework/build/ros2_robot_middleware', 'catkin_cmake_args': None, 'catkin_skip_building_tests': False, 'cmake_args': None, 'cmake_clean_cache': False, 'cmake_clean_first': False, 'cmake_force_configure': False, 'cmake_target': None, 'cmake_target_skip_unavailable': False, 'install_base': '/home/guang/code/ros2_ws/src/ros2_amr_framework/install/ros2_robot_middleware', 'merge_install': False, 'path': '/home/guang/code/ros2_ws/src/ros2_amr_framework', 'symlink_install': False, 'test_result_base': None}
[0.197s] INFO:colcon.colcon_core.executor:Executing jobs using 'parallel' executor
[0.199s] DEBUG:colcon.colcon_parallel_executor.executor.parallel:run_until_complete
[0.199s] INFO:colcon.colcon_ros.task.ament_cmake.build:Building ROS package in '/home/guang/code/ros2_ws/src/ros2_amr_framework' with build type 'ament_cmake'
[0.200s] INFO:colcon.colcon_cmake.task.cmake.build:Building CMake package in '/home/guang/code/ros2_ws/src/ros2_amr_framework'
[0.203s] INFO:colcon.colcon_core.plugin_system:Skipping extension 'colcon_core.shell.bat': Not used on non-Windows systems
[0.203s] INFO:colcon.colcon_core.shell:Skip shell extension 'powershell' for command environment: Not usable outside of PowerShell
[0.203s] DEBUG:colcon.colcon_core.shell:Skip shell extension 'dsv' for command environment
[0.213s] DEBUG:colcon.colcon_core.event_handler.log_command:Invoking command in '/home/guang/code/ros2_ws/src/ros2_amr_framework/build/ros2_robot_middleware': CMAKE_PREFIX_PATH=${CMAKE_PREFIX_PATH}:/opt/ros/jazzy DEBUGINFOD_URLS=https://debuginfod.ubuntu.com /usr/bin/cmake --build /home/guang/code/ros2_ws/src/ros2_amr_framework/build/ros2_robot_middleware -- -j16 -l16
[5.403s] DEBUG:colcon.colcon_core.event_handler.log_command:Invoked command in '/home/guang/code/ros2_ws/src/ros2_amr_framework/build/ros2_robot_middleware' returned '2': CMAKE_PREFIX_PATH=${CMAKE_PREFIX_PATH}:/opt/ros/jazzy DEBUGINFOD_URLS=https://debuginfod.ubuntu.com /usr/bin/cmake --build /home/guang/code/ros2_ws/src/ros2_amr_framework/build/ros2_robot_middleware -- -j16 -l16
[5.404s] Level 1:colcon.colcon_core.environment:create_environment_scripts_only(ros2_robot_middleware)
[5.406s] Level 1:colcon.colcon_core.environment:checking '/home/guang/code/ros2_ws/src/ros2_amr_framework/install/ros2_robot_middleware' for CMake module files
[5.407s] Level 1:colcon.colcon_core.environment:checking '/home/guang/code/ros2_ws/src/ros2_amr_framework/install/ros2_robot_middleware' for CMake config files
[5.407s] Level 1:colcon.colcon_core.environment:checking '/home/guang/code/ros2_ws/src/ros2_amr_framework/install/ros2_robot_middleware/bin'
[5.407s] Level 1:colcon.colcon_core.environment:checking '/home/guang/code/ros2_ws/src/ros2_amr_framework/install/ros2_robot_middleware/lib/pkgconfig/ros2_robot_middleware.pc'
[5.408s] Level 1:colcon.colcon_core.environment:checking '/home/guang/code/ros2_ws/src/ros2_amr_framework/install/ros2_robot_middleware/lib/python3.12/site-packages'
[5.408s] Level 1:colcon.colcon_core.environment:checking '/home/guang/code/ros2_ws/src/ros2_amr_framework/install/ros2_robot_middleware/bin'
[5.408s] INFO:colcon.colcon_core.shell:Creating package script '/home/guang/code/ros2_ws/src/ros2_amr_framework/install/ros2_robot_middleware/share/ros2_robot_middleware/package.ps1'
[5.409s] INFO:colcon.colcon_core.shell:Creating package descriptor '/home/guang/code/ros2_ws/src/ros2_amr_framework/install/ros2_robot_middleware/share/ros2_robot_middleware/package.dsv'
[5.409s] INFO:colcon.colcon_core.shell:Creating package script '/home/guang/code/ros2_ws/src/ros2_amr_framework/install/ros2_robot_middleware/share/ros2_robot_middleware/package.sh'
[5.409s] INFO:colcon.colcon_core.shell:Creating package script '/home/guang/code/ros2_ws/src/ros2_amr_framework/install/ros2_robot_middleware/share/ros2_robot_middleware/package.bash'
[5.410s] INFO:colcon.colcon_core.shell:Creating package script '/home/guang/code/ros2_ws/src/ros2_amr_framework/install/ros2_robot_middleware/share/ros2_robot_middleware/package.zsh'
[5.410s] Level 1:colcon.colcon_core.environment:create_file_with_runtime_dependencies(/home/guang/code/ros2_ws/src/ros2_amr_framework/install/ros2_robot_middleware/share/colcon-core/packages/ros2_robot_middleware)
[5.421s] DEBUG:colcon.colcon_parallel_executor.executor.parallel:closing loop
[5.421s] DEBUG:colcon.colcon_parallel_executor.executor.parallel:loop closed
[5.421s] DEBUG:colcon.colcon_parallel_executor.executor.parallel:run_until_complete finished with '2'
[5.421s] DEBUG:colcon.colcon_core.event_reactor:joining thread
[5.451s] INFO:colcon.colcon_core.plugin_system:Skipping extension 'colcon_notification.desktop_notification.notify_send': Could not find 'notify-send'
[5.452s] INFO:colcon.colcon_core.plugin_system:Skipping extension 'colcon_notification.desktop_notification.terminal_notifier': Not used on non-Darwin systems
[5.452s] INFO:colcon.colcon_core.plugin_system:Skipping extension 'colcon_notification.desktop_notification.win32': Not used on non-Windows systems
[5.452s] INFO:colcon.colcon_notification.desktop_notification:Sending desktop notification using 'notify2'
[5.453s] DEBUG:colcon.colcon_notification.desktop_notification.notify2:Failed to initialize notify2: org.freedesktop.DBus.Error.ServiceUnknown: The name org.freedesktop.Notifications was not provided by any .service files
[5.453s] DEBUG:colcon.colcon_core.event_reactor:joined thread
[5.453s] INFO:colcon.colcon_core.shell:Creating prefix script '/home/guang/code/ros2_ws/src/ros2_amr_framework/install/local_setup.ps1'
[5.455s] INFO:colcon.colcon_core.shell:Creating prefix util module '/home/guang/code/ros2_ws/src/ros2_amr_framework/install/_local_setup_util_ps1.py'
[5.456s] INFO:colcon.colcon_core.shell:Creating prefix chain script '/home/guang/code/ros2_ws/src/ros2_amr_framework/install/setup.ps1'
[5.457s] INFO:colcon.colcon_core.shell:Creating prefix script '/home/guang/code/ros2_ws/src/ros2_amr_framework/install/local_setup.sh'
[5.458s] INFO:colcon.colcon_core.shell:Creating prefix util module '/home/guang/code/ros2_ws/src/ros2_amr_framework/install/_local_setup_util_sh.py'
[5.459s] INFO:colcon.colcon_core.shell:Creating prefix chain script '/home/guang/code/ros2_ws/src/ros2_amr_framework/install/setup.sh'
[5.460s] INFO:colcon.colcon_core.shell:Creating prefix script '/home/guang/code/ros2_ws/src/ros2_amr_framework/install/local_setup.bash'
[5.460s] INFO:colcon.colcon_core.shell:Creating prefix chain script '/home/guang/code/ros2_ws/src/ros2_amr_framework/install/setup.bash'
[5.461s] INFO:colcon.colcon_core.shell:Creating prefix script '/home/guang/code/ros2_ws/src/ros2_amr_framework/install/local_setup.zsh'
[5.461s] INFO:colcon.colcon_core.shell:Creating prefix chain script '/home/guang/code/ros2_ws/src/ros2_amr_framework/install/setup.zsh'
