-- The C compiler identification is GNU 13.3.0
-- The CXX compiler identification is GNU 13.3.0
-- Detecting C compiler ABI info
-- Detecting C compiler ABI info - done
-- Check for working C compiler: /usr/bin/cc - skipped
-- Detecting C compile features
-- Detecting C compile features - done
-- Detecting CXX compiler ABI info
-- Detecting CXX compiler ABI info - done
-- Check for working CXX compiler: /usr/bin/c++ - skipped
-- Detecting CXX compile features
-- Detecting CXX compile features - done
-- Found ament_cmake: 2.5.6 (/opt/ros/jazzy/share/ament_cmake/cmake)
-- Found Python3: /usr/bin/python3 (found version "3.12.3") found components: Interpreter 
-- Found rclcpp: 28.1.18 (/opt/ros/jazzy/share/rclcpp/cmake)
-- Found rosidl_generator_c: 4.6.7 (/opt/ros/jazzy/share/rosidl_generator_c/cmake)
-- Found rosidl_generator_cpp: 4.6.7 (/opt/ros/jazzy/share/rosidl_generator_cpp/cmake)
-- Using all available rosidl_typesupport_c: rosidl_typesupport_fastrtps_c;rosidl_typesupport_introspection_c
-- Using all available rosidl_typesupport_cpp: rosidl_typesupport_fastrtps_cpp;rosidl_typesupport_introspection_cpp
-- Found rmw_implementation_cmake: 7.3.3 (/opt/ros/jazzy/share/rmw_implementation_cmake/cmake)
-- Found rmw_fastrtps_cpp: 8.4.3 (/opt/ros/jazzy/share/rmw_fastrtps_cpp/cmake)
-- Found OpenSSL: /usr/lib/x86_64-linux-gnu/libcrypto.so (found version "3.0.13")  
-- Found FastRTPS: /opt/ros/jazzy/include (Required is at least version "2.13") 
-- Using RMW implementation 'rmw_fastrtps_cpp' as default
-- Found rclcpp_action: 28.1.18 (/opt/ros/jazzy/share/rclcpp_action/cmake)
-- Found rclcpp_lifecycle: 28.1.18 (/opt/ros/jazzy/share/rclcpp_lifecycle/cmake)
-- Found rclcpp_components: 28.1.18 (/opt/ros/jazzy/share/rclcpp_components/cmake)
-- Found sensor_msgs: 5.3.7 (/opt/ros/jazzy/share/sensor_msgs/cmake)
-- Found rosidl_default_generators: 1.6.0 (/opt/ros/jazzy/share/rosidl_default_generators/cmake)
-- Found rosidl_adapter: 4.6.7 (/opt/ros/jazzy/share/rosidl_adapter/cmake)
-- Found ament_cmake_ros: 0.12.0 (/opt/ros/jazzy/share/ament_cmake_ros/cmake)
-- Using all available rosidl_typesupport_c: rosidl_typesupport_fastrtps_c;rosidl_typesupport_introspection_c
-- Using all available rosidl_typesupport_cpp: rosidl_typesupport_fastrtps_cpp;rosidl_typesupport_introspection_cpp
-- Found python_cmake_module: 0.11.1 (/opt/ros/jazzy/share/python_cmake_module/cmake)
-- Found PythonExtra: /usr/bin/python3  
-- Found Python3: /usr/bin/python3 (found version "3.12.3") found components: Interpreter Development NumPy Development.Module Development.Embed 
-- Found Python3: /usr/bin/python3 (found version "3.12.3") found components: Interpreter 
-- Found gtest sources under '/opt/ros/jazzy/src/gtest_vendor': C++ tests using 'Google Test' will be built
-- Performing Test CMAKE_HAVE_LIBC_PTHREAD
-- Performing Test CMAKE_HAVE_LIBC_PTHREAD - Success
-- Found Threads: TRUE  
-- Configuring done (5.0s)
-- Generating done (0.1s)
-- Build files have been written to: /home/guang/code/ros2_ws/src/ros2_amr_framework/build/ros2_robot_middleware
[  3%] Generating Rust code for ROS interfaces
[  3%] Building CXX object gtest/CMakeFiles/gtest_main.dir/src/gtest_main.cc.o
[  3%] Building CXX object gtest/CMakeFiles/gtest.dir/src/gtest-all.cc.o
[  3%] Generating type hashes for ROS interfaces
[  3%] Built target ament_cmake_python_copy_ros2_robot_middleware
running egg_info
creating ros2_robot_middleware.egg-info
writing ros2_robot_middleware.egg-info/PKG-INFO
writing dependency_links to ros2_robot_middleware.egg-info/dependency_links.txt
writing top-level names to ros2_robot_middleware.egg-info/top_level.txt
writing manifest file 'ros2_robot_middleware.egg-info/SOURCES.txt'
reading manifest file 'ros2_robot_middleware.egg-info/SOURCES.txt'
writing manifest file 'ros2_robot_middleware.egg-info/SOURCES.txt'
[  3%] Built target ament_cmake_python_build_ros2_robot_middleware_egg
[  3%] Built target ros2_robot_middleware__rosidl_generator_type_description
[  4%] Generating C code for ROS interfaces
[  4%] Generating C++ code for ROS interfaces
[  4%] Built target ros2_robot_middleware__rs
[  5%] Linking CXX static library libgtest_main.a
[  5%] Built target gtest_main
[  5%] Built target ros2_robot_middleware__cpp
[  8%] Building C object CMakeFiles/ros2_robot_middleware__rosidl_generator_c.dir/rosidl_generator_c/ros2_robot_middleware/msg/detail/perception_objects__type_support.c.o
[  8%] Building C object CMakeFiles/ros2_robot_middleware__rosidl_generator_c.dir/rosidl_generator_c/ros2_robot_middleware/msg/detail/object__functions.c.o
[  8%] Building C object CMakeFiles/ros2_robot_middleware__rosidl_generator_c.dir/rosidl_generator_c/ros2_robot_middleware/msg/detail/perception_objects__description.c.o
[ 11%] Building C object CMakeFiles/ros2_robot_middleware__rosidl_generator_c.dir/rosidl_generator_c/ros2_robot_middleware/msg/detail/health_status__functions.c.o
[ 11%] Building C object CMakeFiles/ros2_robot_middleware__rosidl_generator_c.dir/rosidl_generator_c/ros2_robot_middleware/msg/detail/object__description.c.o
[ 11%] Building C object CMakeFiles/ros2_robot_middleware__rosidl_generator_c.dir/rosidl_generator_c/ros2_robot_middleware/msg/detail/object__type_support.c.o
[ 12%] Building C object CMakeFiles/ros2_robot_middleware__rosidl_generator_c.dir/rosidl_generator_c/ros2_robot_middleware/msg/detail/health_report__functions.c.o
[ 11%] Building C object CMakeFiles/ros2_robot_middleware__rosidl_generator_c.dir/rosidl_generator_c/ros2_robot_middleware/msg/detail/perception_objects__functions.c.o
[ 13%] Building C object CMakeFiles/ros2_robot_middleware__rosidl_generator_c.dir/rosidl_generator_c/ros2_robot_middleware/msg/detail/health_status__description.c.o
[ 14%] Building C object CMakeFiles/ros2_robot_middleware__rosidl_generator_c.dir/rosidl_generator_c/ros2_robot_middleware/srv/detail/set_param__description.c.o
[ 15%] Building C object CMakeFiles/ros2_robot_middleware__rosidl_generator_c.dir/rosidl_generator_c/ros2_robot_middleware/msg/detail/health_report__type_support.c.o
[ 15%] Building C object CMakeFiles/ros2_robot_middleware__rosidl_generator_c.dir/rosidl_generator_c/ros2_robot_middleware/msg/detail/health_report__description.c.o
[ 16%] Building C object CMakeFiles/ros2_robot_middleware__rosidl_generator_c.dir/rosidl_generator_c/ros2_robot_middleware/srv/detail/set_param__functions.c.o
[ 17%] Building C object CMakeFiles/ros2_robot_middleware__rosidl_generator_c.dir/rosidl_generator_c/ros2_robot_middleware/msg/detail/health_status__type_support.c.o
[ 18%] Building C object CMakeFiles/ros2_robot_middleware__rosidl_generator_c.dir/rosidl_generator_c/ros2_robot_middleware/srv/detail/set_param__type_support.c.o
[ 19%] Building C object CMakeFiles/ros2_robot_middleware__rosidl_generator_c.dir/rosidl_generator_c/ros2_robot_middleware/action/detail/move_to_pose__description.c.o
[ 20%] Building C object CMakeFiles/ros2_robot_middleware__rosidl_generator_c.dir/rosidl_generator_c/ros2_robot_middleware/action/detail/move_to_pose__functions.c.o
[ 21%] Building C object CMakeFiles/ros2_robot_middleware__rosidl_generator_c.dir/rosidl_generator_c/ros2_robot_middleware/action/detail/move_to_pose__type_support.c.o
[ 21%] Linking C shared library libros2_robot_middleware__rosidl_generator_c.so
[ 21%] Built target ros2_robot_middleware__rosidl_generator_c
[ 24%] Generating C type support for eProsima Fast-RTPS
[ 24%] Generating C++ introspection for ROS interfaces
[ 25%] Generating C++ type support for eProsima Fast-RTPS
[ 25%] Generating C introspection for ROS interfaces
[ 26%] Generating C++ type support dispatch for ROS interfaces
[ 27%] Generating C type support dispatch for ROS interfaces
[ 27%] Building CXX object CMakeFiles/ros2_robot_middleware__rosidl_typesupport_c.dir/rosidl_typesupport_c/ros2_robot_middleware/action/move_to_pose__type_support.cpp.o
[ 28%] Building CXX object CMakeFiles/ros2_robot_middleware__rosidl_typesupport_c.dir/rosidl_typesupport_c/ros2_robot_middleware/msg/object__type_support.cpp.o
[ 30%] Building CXX object CMakeFiles/ros2_robot_middleware__rosidl_typesupport_c.dir/rosidl_typesupport_c/ros2_robot_middleware/msg/perception_objects__type_support.cpp.o
[ 30%] Building CXX object CMakeFiles/ros2_robot_middleware__rosidl_typesupport_c.dir/rosidl_typesupport_c/ros2_robot_middleware/msg/health_status__type_support.cpp.o
[ 31%] Building CXX object CMakeFiles/ros2_robot_middleware__rosidl_typesupport_c.dir/rosidl_typesupport_c/ros2_robot_middleware/msg/health_report__type_support.cpp.o
[ 32%] Building CXX object CMakeFiles/ros2_robot_middleware__rosidl_typesupport_c.dir/rosidl_typesupport_c/ros2_robot_middleware/srv/set_param__type_support.cpp.o
[ 33%] Building CXX object CMakeFiles/ros2_robot_middleware__rosidl_typesupport_cpp.dir/rosidl_typesupport_cpp/ros2_robot_middleware/msg/perception_objects__type_support.cpp.o
[ 34%] Building CXX object CMakeFiles/ros2_robot_middleware__rosidl_typesupport_cpp.dir/rosidl_typesupport_cpp/ros2_robot_middleware/msg/object__type_support.cpp.o
[ 35%] Building CXX object CMakeFiles/ros2_robot_middleware__rosidl_typesupport_cpp.dir/rosidl_typesupport_cpp/ros2_robot_middleware/msg/health_status__type_support.cpp.o
[ 36%] Building CXX object CMakeFiles/ros2_robot_middleware__rosidl_typesupport_cpp.dir/rosidl_typesupport_cpp/ros2_robot_middleware/msg/health_report__type_support.cpp.o
[ 36%] Building CXX object CMakeFiles/ros2_robot_middleware__rosidl_typesupport_cpp.dir/rosidl_typesupport_cpp/ros2_robot_middleware/srv/set_param__type_support.cpp.o
[ 37%] Building CXX object CMakeFiles/ros2_robot_middleware__rosidl_typesupport_cpp.dir/rosidl_typesupport_cpp/ros2_robot_middleware/action/move_to_pose__type_support.cpp.o
[ 38%] Linking CXX shared library libros2_robot_middleware__rosidl_typesupport_c.so
[ 39%] Building CXX object CMakeFiles/ros2_robot_middleware__rosidl_typesupport_introspection_cpp.dir/rosidl_typesupport_introspection_cpp/ros2_robot_middleware/msg/detail/object__type_support.cpp.o
[ 39%] Building CXX object CMakeFiles/ros2_robot_middleware__rosidl_typesupport_introspection_cpp.dir/rosidl_typesupport_introspection_cpp/ros2_robot_middleware/msg/detail/perception_objects__type_support.cpp.o
[ 40%] Building CXX object CMakeFiles/ros2_robot_middleware__rosidl_typesupport_introspection_cpp.dir/rosidl_typesupport_introspection_cpp/ros2_robot_middleware/msg/detail/health_status__type_support.cpp.o
[ 41%] Building CXX object CMakeFiles/ros2_robot_middleware__rosidl_typesupport_introspection_cpp.dir/rosidl_typesupport_introspection_cpp/ros2_robot_middleware/msg/detail/health_report__type_support.cpp.o
[ 42%] Building CXX object CMakeFiles/ros2_robot_middleware__rosidl_typesupport_introspection_cpp.dir/rosidl_typesupport_introspection_cpp/ros2_robot_middleware/srv/detail/set_param__type_support.cpp.o
[ 43%] Building C object CMakeFiles/ros2_robot_middleware__rosidl_typesupport_introspection_c.dir/rosidl_typesupport_introspection_c/ros2_robot_middleware/msg/detail/object__type_support.c.o
[ 44%] Building C object CMakeFiles/ros2_robot_middleware__rosidl_typesupport_introspection_c.dir/rosidl_typesupport_introspection_c/ros2_robot_middleware/msg/detail/perception_objects__type_support.c.o
[ 44%] Built target ros2_robot_middleware__rosidl_typesupport_c
[ 45%] Building CXX object CMakeFiles/ros2_robot_middleware__rosidl_typesupport_introspection_cpp.dir/rosidl_typesupport_introspection_cpp/ros2_robot_middleware/action/detail/move_to_pose__type_support.cpp.o
[ 45%] Building C object CMakeFiles/ros2_robot_middleware__rosidl_typesupport_introspection_c.dir/rosidl_typesupport_introspection_c/ros2_robot_middleware/msg/detail/health_status__type_support.c.o
[ 46%] Building C object CMakeFiles/ros2_robot_middleware__rosidl_typesupport_introspection_c.dir/rosidl_typesupport_introspection_c/ros2_robot_middleware/msg/detail/health_report__type_support.c.o
[ 47%] Building C object CMakeFiles/ros2_robot_middleware__rosidl_typesupport_introspection_c.dir/rosidl_typesupport_introspection_c/ros2_robot_middleware/srv/detail/set_param__type_support.c.o
[ 48%] Building C object CMakeFiles/ros2_robot_middleware__rosidl_typesupport_introspection_c.dir/rosidl_typesupport_introspection_c/ros2_robot_middleware/action/detail/move_to_pose__type_support.c.o
[ 49%] Building CXX object CMakeFiles/ros2_robot_middleware__rosidl_typesupport_fastrtps_cpp.dir/rosidl_typesupport_fastrtps_cpp/ros2_robot_middleware/msg/detail/dds_fastrtps/object__type_support.cpp.o
[ 50%] Building CXX object CMakeFiles/ros2_robot_middleware__rosidl_typesupport_fastrtps_cpp.dir/rosidl_typesupport_fastrtps_cpp/ros2_robot_middleware/msg/detail/dds_fastrtps/perception_objects__type_support.cpp.o
[ 51%] Building CXX object CMakeFiles/ros2_robot_middleware__rosidl_typesupport_fastrtps_cpp.dir/rosidl_typesupport_fastrtps_cpp/ros2_robot_middleware/msg/detail/dds_fastrtps/health_status__type_support.cpp.o
[ 52%] Building CXX object CMakeFiles/ros2_robot_middleware__rosidl_typesupport_fastrtps_cpp.dir/rosidl_typesupport_fastrtps_cpp/ros2_robot_middleware/srv/detail/dds_fastrtps/set_param__type_support.cpp.o
[ 52%] Building CXX object CMakeFiles/ros2_robot_middleware__rosidl_typesupport_fastrtps_cpp.dir/rosidl_typesupport_fastrtps_cpp/ros2_robot_middleware/msg/detail/dds_fastrtps/health_report__type_support.cpp.o
[ 53%] Building CXX object CMakeFiles/ros2_robot_middleware__rosidl_typesupport_fastrtps_cpp.dir/rosidl_typesupport_fastrtps_cpp/ros2_robot_middleware/action/detail/dds_fastrtps/move_to_pose__type_support.cpp.o
[ 54%] Linking C shared library libros2_robot_middleware__rosidl_typesupport_introspection_c.so
[ 55%] Building CXX object CMakeFiles/ros2_robot_middleware__rosidl_typesupport_fastrtps_c.dir/rosidl_typesupport_fastrtps_c/ros2_robot_middleware/msg/detail/object__type_support_c.cpp.o
[ 56%] Building CXX object CMakeFiles/ros2_robot_middleware__rosidl_typesupport_fastrtps_c.dir/rosidl_typesupport_fastrtps_c/ros2_robot_middleware/msg/detail/perception_objects__type_support_c.cpp.o
[ 57%] Building CXX object CMakeFiles/ros2_robot_middleware__rosidl_typesupport_fastrtps_c.dir/rosidl_typesupport_fastrtps_c/ros2_robot_middleware/msg/detail/health_status__type_support_c.cpp.o
[ 57%] Building CXX object CMakeFiles/ros2_robot_middleware__rosidl_typesupport_fastrtps_c.dir/rosidl_typesupport_fastrtps_c/ros2_robot_middleware/msg/detail/health_report__type_support_c.cpp.o
[ 57%] Built target ros2_robot_middleware__rosidl_typesupport_introspection_c
[ 58%] Building CXX object CMakeFiles/ros2_robot_middleware__rosidl_typesupport_fastrtps_c.dir/rosidl_typesupport_fastrtps_c/ros2_robot_middleware/srv/detail/set_param__type_support_c.cpp.o
[ 59%] Building CXX object CMakeFiles/ros2_robot_middleware__rosidl_typesupport_fastrtps_c.dir/rosidl_typesupport_fastrtps_c/ros2_robot_middleware/action/detail/move_to_pose__type_support_c.cpp.o
[ 60%] Linking CXX shared library libros2_robot_middleware__rosidl_typesupport_cpp.so
[ 60%] Built target ros2_robot_middleware__rosidl_typesupport_cpp
[ 61%] Building CXX object CMakeFiles/robot_middleware_lib.dir/src/lidar_node.cpp.o
[ 62%] Building CXX object CMakeFiles/compute_component.dir/src/fusion_node.cpp.o
[ 62%] Building CXX object CMakeFiles/robot_middleware_lib.dir/src/imu_node.cpp.o
[ 63%] Building CXX object CMakeFiles/compute_component.dir/src/decision_node.cpp.o
[ 64%] Building CXX object CMakeFiles/compute_component.dir/src/motor_ctrl_node.cpp.o
[ 65%] Building CXX object CMakeFiles/robot_middleware_lib.dir/src/camera_node.cpp.o
[ 66%] Building CXX object CMakeFiles/robot_middleware_lib.dir/src/fusion_node.cpp.o
[ 67%] Building CXX object CMakeFiles/robot_middleware_lib.dir/src/decision_node.cpp.o
[ 68%] Building CXX object CMakeFiles/robot_middleware_lib.dir/src/motor_ctrl_node.cpp.o
[ 69%] Building CXX object CMakeFiles/robot_middleware_lib.dir/src/health_monitor_node.cpp.o
[ 70%] Building CXX object CMakeFiles/robot_middleware_lib.dir/src/fleet_manager_node.cpp.o
[ 71%] Linking CXX shared library libros2_robot_middleware__rosidl_typesupport_introspection_cpp.so
[ 72%] Linking CXX shared library libros2_robot_middleware__rosidl_typesupport_fastrtps_c.so
[ 72%] Built target ros2_robot_middleware__rosidl_typesupport_introspection_cpp
[ 72%] Built target ros2_robot_middleware__rosidl_typesupport_fastrtps_c
[ 73%] Linking CXX shared library libros2_robot_middleware__rosidl_typesupport_fastrtps_cpp.so
[ 73%] Built target ros2_robot_middleware__rosidl_typesupport_fastrtps_cpp
[ 73%] Built target ros2_robot_middleware
[ 74%] Generating Python code for ROS interfaces
[ 75%] Linking CXX static library libgtest.a
[ 75%] Built target gtest
[ 75%] Built target ros2_robot_middleware__py
[ 77%] Building C object CMakeFiles/ros2_robot_middleware__rosidl_generator_py.dir/rosidl_generator_py/ros2_robot_middleware/msg/_object_s.c.o
[ 78%] Building C object CMakeFiles/ros2_robot_middleware__rosidl_generator_py.dir/rosidl_generator_py/ros2_robot_middleware/msg/_perception_objects_s.c.o
[ 76%] Building C object CMakeFiles/ros2_robot_middleware__rosidl_generator_py.dir/rosidl_generator_py/ros2_robot_middleware/msg/_health_report_s.c.o
[ 79%] Building C object CMakeFiles/ros2_robot_middleware__rosidl_generator_py.dir/rosidl_generator_py/ros2_robot_middleware/msg/_health_status_s.c.o
[ 80%] Building C object CMakeFiles/ros2_robot_middleware__rosidl_generator_py.dir/rosidl_generator_py/ros2_robot_middleware/srv/_set_param_s.c.o
[ 81%] Building C object CMakeFiles/ros2_robot_middleware__rosidl_generator_py.dir/rosidl_generator_py/ros2_robot_middleware/action/_move_to_pose_s.c.o
[ 82%] Linking C shared library libros2_robot_middleware__rosidl_generator_py.so
[ 82%] Built target ros2_robot_middleware__rosidl_generator_py
[ 83%] Building C object CMakeFiles/ros2_robot_middleware_s__rosidl_typesupport_introspection_c.dir/rosidl_generator_py/ros2_robot_middleware/_ros2_robot_middleware_s.ep.rosidl_typesupport_introspection_c.c.o
[ 84%] Building C object CMakeFiles/ros2_robot_middleware_s__rosidl_typesupport_fastrtps_c.dir/rosidl_generator_py/ros2_robot_middleware/_ros2_robot_middleware_s.ep.rosidl_typesupport_fastrtps_c.c.o
[ 84%] Building C object CMakeFiles/ros2_robot_middleware_s__rosidl_typesupport_c.dir/rosidl_generator_py/ros2_robot_middleware/_ros2_robot_middleware_s.ep.rosidl_typesupport_c.c.o
[ 85%] Linking C shared module rosidl_generator_py/ros2_robot_middleware/ros2_robot_middleware_s__rosidl_typesupport_introspection_c.so
[ 86%] Linking C shared module rosidl_generator_py/ros2_robot_middleware/ros2_robot_middleware_s__rosidl_typesupport_fastrtps_c.so
[ 87%] Linking C shared module rosidl_generator_py/ros2_robot_middleware/ros2_robot_middleware_s__rosidl_typesupport_c.so
[ 87%] Built target ros2_robot_middleware_s__rosidl_typesupport_c
[ 87%] Built target ros2_robot_middleware_s__rosidl_typesupport_introspection_c
[ 87%] Built target ros2_robot_middleware_s__rosidl_typesupport_fastrtps_c
