[  2%] Built target gtest_main
[  1%] Built target ros2_robot_middleware__rosidl_generator_type_description
[  3%] Built target ros2_robot_middleware__rs
[  5%] Built target gtest
[  5%] Built target ament_cmake_python_copy_ros2_robot_middleware
[  5%] Built target ros2_robot_middleware__cpp
[ 22%] Built target ros2_robot_middleware__rosidl_generator_c
[ 48%] Built target ros2_robot_middleware__rosidl_typesupport_fastrtps_cpp
[ 49%] Built target ros2_robot_middleware__rosidl_typesupport_fastrtps_c
[ 51%] Built target ros2_robot_middleware__rosidl_typesupport_c
[ 52%] Built target ros2_robot_middleware__rosidl_typesupport_introspection_cpp
[ 57%] Built target ros2_robot_middleware__rosidl_typesupport_introspection_c
[ 64%] Built target ros2_robot_middleware__rosidl_typesupport_cpp
[ 64%] Built target ros2_robot_middleware
[ 65%] Building CXX object CMakeFiles/compute_component.dir/src/fusion_node.cpp.o
[ 66%] Built target ros2_robot_middleware__py
[ 67%] Building CXX object CMakeFiles/robot_middleware_lib.dir/src/fusion_node.cpp.o
[ 74%] Built target ros2_robot_middleware__rosidl_generator_py
[ 79%] Built target ros2_robot_middleware_s__rosidl_typesupport_fastrtps_c
[ 79%] Built target ros2_robot_middleware_s__rosidl_typesupport_introspection_c
[ 78%] Built target ros2_robot_middleware_s__rosidl_typesupport_c
running egg_info
writing ros2_robot_middleware.egg-info/PKG-INFO
writing dependency_links to ros2_robot_middleware.egg-info/dependency_links.txt
writing top-level names to ros2_robot_middleware.egg-info/top_level.txt
reading manifest file 'ros2_robot_middleware.egg-info/SOURCES.txt'
writing manifest file 'ros2_robot_middleware.egg-info/SOURCES.txt'
[ 79%] Built target ament_cmake_python_build_ros2_robot_middleware_egg
[ 80%] Linking CXX static library librobot_middleware_lib.a
[ 81%] Linking CXX shared library libcompute_component.so
[ 87%] Built target robot_middleware_lib
[ 89%] Building CXX object CMakeFiles/fleet_manager_node.dir/src/fleet_manager_main.cpp.o
[ 89%] Building CXX object CMakeFiles/camera_node.dir/src/camera_main.cpp.o
[ 89%] Building CXX object CMakeFiles/health_monitor_node.dir/src/health_monitor_main.cpp.o
[ 89%] Building CXX object CMakeFiles/imu_node.dir/src/imu_main.cpp.o
[ 90%] Building CXX object CMakeFiles/lidar_node.dir/src/lidar_main.cpp.o
[ 91%] Building CXX object CMakeFiles/test_robot_middleware.dir/test/test_robot_middleware.cpp.o
[ 93%] Built target compute_component
[ 94%] Building CXX object CMakeFiles/compute_container.dir/src/compute_container.cpp.o
[ 96%] Linking CXX executable imu_node
[ 96%] Linking CXX executable camera_node
[ 97%] Linking CXX executable lidar_node
[ 98%] Linking CXX executable fleet_manager_node
[ 98%] Built target camera_node
[ 98%] Built target imu_node
[ 99%] Linking CXX executable health_monitor_node
[ 99%] Built target lidar_node
[ 99%] Built target fleet_manager_node
[ 99%] Built target health_monitor_node
[ 99%] Linking CXX executable compute_container
[ 99%] Built target compute_container
[100%] Linking CXX executable test_robot_middleware
[100%] Built target test_robot_middleware
-- Install configuration: ""
-- Installing: /home/guang/code/ros2_ws/src/ros2_amr_framework/install/ros2_robot_middleware/share/ament_index/resource_index/rosidl_interfaces/ros2_robot_middleware
-- Installing: /home/guang/code/ros2_ws/src/ros2_amr_framework/install/ros2_robot_middleware/share/ros2_robot_middleware/msg/Object.json
-- Installing: /home/guang/code/ros2_ws/src/ros2_amr_framework/install/ros2_robot_middleware/share/ros2_robot_middleware/msg/PerceptionObjects.json
-- Installing: /home/guang/code/ros2_ws/src/ros2_amr_framework/install/ros2_robot_middleware/share/ros2_robot_middleware/msg/HealthStatus.json
-- Installing: /home/guang/code/ros2_ws/src/ros2_amr_framework/install/ros2_robot_middleware/share/ros2_robot_middleware/msg/HealthReport.json
-- Installing: /home/guang/code/ros2_ws/src/ros2_amr_framework/install/ros2_robot_middleware/share/ros2_robot_middleware/srv/SetParam.json
-- Installing: /home/guang/code/ros2_ws/src/ros2_amr_framework/install/ros2_robot_middleware/share/ros2_robot_middleware/action/MoveToPose.json
-- Installing: /home/guang/code/ros2_ws/src/ros2_amr_framework/install/ros2_robot_middleware/include/ros2_robot_middleware/ros2_robot_middleware
-- Installing: /home/guang/code/ros2_ws/src/ros2_amr_framework/install/ros2_robot_middleware/include/ros2_robot_middleware/ros2_robot_middleware/action
-- Installing: /home/guang/code/ros2_ws/src/ros2_amr_framework/install/ros2_robot_middleware/include/ros2_robot_middleware/ros2_robot_middleware/action/move_to_pose.h
-- Installing: /home/guang/code/ros2_ws/src/ros2_amr_framework/install/ros2_robot_middleware/include/ros2_robot_middleware/ros2_robot_middleware/action/detail
-- Installing: /home/guang/code/ros2_ws/src/ros2_amr_framework/install/ros2_robot_middleware/include/ros2_robot_middleware/ros2_robot_middleware/action/detail/move_to_pose__struct.h
-- Installing: /home/guang/code/ros2_ws/src/ros2_amr_framework/install/ros2_robot_middleware/include/ros2_robot_middleware/ros2_robot_middleware/action/detail/move_to_pose__functions.h
-- Installing: /home/guang/code/ros2_ws/src/ros2_amr_framework/install/ros2_robot_middleware/include/ros2_robot_middleware/ros2_robot_middleware/action/detail/move_to_pose__type_support.h
-- Installing: /home/guang/code/ros2_ws/src/ros2_amr_framework/install/ros2_robot_middleware/include/ros2_robot_middleware/ros2_robot_middleware/action/detail/move_to_pose__description.c
-- Installing: /home/guang/code/ros2_ws/src/ros2_amr_framework/install/ros2_robot_middleware/include/ros2_robot_middleware/ros2_robot_middleware/action/detail/move_to_pose__functions.c
-- Installing: /home/guang/code/ros2_ws/src/ros2_amr_framework/install/ros2_robot_middleware/include/ros2_robot_middleware/ros2_robot_middleware/action/detail/move_to_pose__type_support.c
-- Installing: /home/guang/code/ros2_ws/src/ros2_amr_framework/install/ros2_robot_middleware/include/ros2_robot_middleware/ros2_robot_middleware/msg
-- Installing: /home/guang/code/ros2_ws/src/ros2_amr_framework/install/ros2_robot_middleware/include/ros2_robot_middleware/ros2_robot_middleware/msg/rosidl_generator_c__visibility_control.h
-- Installing: /home/guang/code/ros2_ws/src/ros2_amr_framework/install/ros2_robot_middleware/include/ros2_robot_middleware/ros2_robot_middleware/msg/health_status.h
-- Installing: /home/guang/code/ros2_ws/src/ros2_amr_framework/install/ros2_robot_middleware/include/ros2_robot_middleware/ros2_robot_middleware/msg/object.h
-- Installing: /home/guang/code/ros2_ws/src/ros2_amr_framework/install/ros2_robot_middleware/include/ros2_robot_middleware/ros2_robot_middleware/msg/detail
-- Installing: /home/guang/code/ros2_ws/src/ros2_amr_framework/install/ros2_robot_middleware/include/ros2_robot_middleware/ros2_robot_middleware/msg/detail/health_report__type_support.c
-- Installing: /home/guang/code/ros2_ws/src/ros2_amr_framework/install/ros2_robot_middleware/include/ros2_robot_middleware/ros2_robot_middleware/msg/detail/health_report__functions.c
-- Installing: /home/guang/code/ros2_ws/src/ros2_amr_framework/install/ros2_robot_middleware/include/ros2_robot_middleware/ros2_robot_middleware/msg/detail/health_report__type_support.h
-- Installing: /home/guang/code/ros2_ws/src/ros2_amr_framework/install/ros2_robot_middleware/include/ros2_robot_middleware/ros2_robot_middleware/msg/detail/object__struct.h
-- Installing: /home/guang/code/ros2_ws/src/ros2_amr_framework/install/ros2_robot_middleware/include/ros2_robot_middleware/ros2_robot_middleware/msg/detail/perception_objects__type_support.h
-- Installing: /home/guang/code/ros2_ws/src/ros2_amr_framework/install/ros2_robot_middleware/include/ros2_robot_middleware/ros2_robot_middleware/msg/detail/perception_objects__type_support.c
-- Installing: /home/guang/code/ros2_ws/src/ros2_amr_framework/install/ros2_robot_middleware/include/ros2_robot_middleware/ros2_robot_middleware/msg/detail/health_report__description.c
-- Installing: /home/guang/code/ros2_ws/src/ros2_amr_framework/install/ros2_robot_middleware/include/ros2_robot_middleware/ros2_robot_middleware/msg/detail/perception_objects__functions.c
-- Installing: /home/guang/code/ros2_ws/src/ros2_amr_framework/install/ros2_robot_middleware/include/ros2_robot_middleware/ros2_robot_middleware/msg/detail/perception_objects__description.c
-- Installing: /home/guang/code/ros2_ws/src/ros2_amr_framework/install/ros2_robot_middleware/include/ros2_robot_middleware/ros2_robot_middleware/msg/detail/health_status__functions.h
-- Installing: /home/guang/code/ros2_ws/src/ros2_amr_framework/install/ros2_robot_middleware/include/ros2_robot_middleware/ros2_robot_middleware/msg/detail/health_report__struct.h
-- Installing: /home/guang/code/ros2_ws/src/ros2_amr_framework/install/ros2_robot_middleware/include/ros2_robot_middleware/ros2_robot_middleware/msg/detail/object__type_support.c
-- Installing: /home/guang/code/ros2_ws/src/ros2_amr_framework/install/ros2_robot_middleware/include/ros2_robot_middleware/ros2_robot_middleware/msg/detail/object__functions.h
-- Installing: /home/guang/code/ros2_ws/src/ros2_amr_framework/install/ros2_robot_middleware/include/ros2_robot_middleware/ros2_robot_middleware/msg/detail/object__type_support.h
-- Installing: /home/guang/code/ros2_ws/src/ros2_amr_framework/install/ros2_robot_middleware/include/ros2_robot_middleware/ros2_robot_middleware/msg/detail/health_report__functions.h
-- Installing: /home/guang/code/ros2_ws/src/ros2_amr_framework/install/ros2_robot_middleware/include/ros2_robot_middleware/ros2_robot_middleware/msg/detail/object__functions.c
-- Installing: /home/guang/code/ros2_ws/src/ros2_amr_framework/install/ros2_robot_middleware/include/ros2_robot_middleware/ros2_robot_middleware/msg/detail/health_status__functions.c
-- Installing: /home/guang/code/ros2_ws/src/ros2_amr_framework/install/ros2_robot_middleware/include/ros2_robot_middleware/ros2_robot_middleware/msg/detail/perception_objects__functions.h
-- Installing: /home/guang/code/ros2_ws/src/ros2_amr_framework/install/ros2_robot_middleware/include/ros2_robot_middleware/ros2_robot_middleware/msg/detail/health_status__type_support.h
-- Installing: /home/guang/code/ros2_ws/src/ros2_amr_framework/install/ros2_robot_middleware/include/ros2_robot_middleware/ros2_robot_middleware/msg/detail/health_status__type_support.c
-- Installing: /home/guang/code/ros2_ws/src/ros2_amr_framework/install/ros2_robot_middleware/include/ros2_robot_middleware/ros2_robot_middleware/msg/detail/health_status__struct.h
-- Installing: /home/guang/code/ros2_ws/src/ros2_amr_framework/install/ros2_robot_middleware/include/ros2_robot_middleware/ros2_robot_middleware/msg/detail/object__description.c
-- Installing: /home/guang/code/ros2_ws/src/ros2_amr_framework/install/ros2_robot_middleware/include/ros2_robot_middleware/ros2_robot_middleware/msg/detail/perception_objects__struct.h
-- Installing: /home/guang/code/ros2_ws/src/ros2_amr_framework/install/ros2_robot_middleware/include/ros2_robot_middleware/ros2_robot_middleware/msg/detail/health_status__description.c
-- Installing: /home/guang/code/ros2_ws/src/ros2_amr_framework/install/ros2_robot_middleware/include/ros2_robot_middleware/ros2_robot_middleware/msg/perception_objects.h
-- Installing: /home/guang/code/ros2_ws/src/ros2_amr_framework/install/ros2_robot_middleware/include/ros2_robot_middleware/ros2_robot_middleware/msg/health_report.h
-- Installing: /home/guang/code/ros2_ws/src/ros2_amr_framework/install/ros2_robot_middleware/include/ros2_robot_middleware/ros2_robot_middleware/srv
-- Installing: /home/guang/code/ros2_ws/src/ros2_amr_framework/install/ros2_robot_middleware/include/ros2_robot_middleware/ros2_robot_middleware/srv/detail
-- Installing: /home/guang/code/ros2_ws/src/ros2_amr_framework/install/ros2_robot_middleware/include/ros2_robot_middleware/ros2_robot_middleware/srv/detail/set_param__functions.c
-- Installing: /home/guang/code/ros2_ws/src/ros2_amr_framework/install/ros2_robot_middleware/include/ros2_robot_middleware/ros2_robot_middleware/srv/detail/set_param__type_support.h
-- Installing: /home/guang/code/ros2_ws/src/ros2_amr_framework/install/ros2_robot_middleware/include/ros2_robot_middleware/ros2_robot_middleware/srv/detail/set_param__description.c
-- Installing: /home/guang/code/ros2_ws/src/ros2_amr_framework/install/ros2_robot_middleware/include/ros2_robot_middleware/ros2_robot_middleware/srv/detail/set_param__type_support.c
-- Installing: /home/guang/code/ros2_ws/src/ros2_amr_framework/install/ros2_robot_middleware/include/ros2_robot_middleware/ros2_robot_middleware/srv/detail/set_param__functions.h
-- Installing: /home/guang/code/ros2_ws/src/ros2_amr_framework/install/ros2_robot_middleware/include/ros2_robot_middleware/ros2_robot_middleware/srv/detail/set_param__struct.h
-- Installing: /home/guang/code/ros2_ws/src/ros2_amr_framework/install/ros2_robot_middleware/include/ros2_robot_middleware/ros2_robot_middleware/srv/set_param.h
-- Installing: /home/guang/code/ros2_ws/src/ros2_amr_framework/install/ros2_robot_middleware/share/ros2_robot_middleware/environment/library_path.sh
-- Installing: /home/guang/code/ros2_ws/src/ros2_amr_framework/install/ros2_robot_middleware/share/ros2_robot_middleware/environment/library_path.dsv
-- Installing: /home/guang/code/ros2_ws/src/ros2_amr_framework/install/ros2_robot_middleware/lib/libros2_robot_middleware__rosidl_generator_c.so
-- Set non-toolchain portion of runtime path of "/home/guang/code/ros2_ws/src/ros2_amr_framework/install/ros2_robot_middleware/lib/libros2_robot_middleware__rosidl_generator_c.so" to ""
-- Up-to-date: /home/guang/code/ros2_ws/src/ros2_amr_framework/install/ros2_robot_middleware/include/ros2_robot_middleware/ros2_robot_middleware
-- Up-to-date: /home/guang/code/ros2_ws/src/ros2_amr_framework/install/ros2_robot_middleware/include/ros2_robot_middleware/ros2_robot_middleware/action
-- Up-to-date: /home/guang/code/ros2_ws/src/ros2_amr_framework/install/ros2_robot_middleware/include/ros2_robot_middleware/ros2_robot_middleware/action/detail
-- Installing: /home/guang/code/ros2_ws/src/ros2_amr_framework/install/ros2_robot_middleware/include/ros2_robot_middleware/ros2_robot_middleware/action/detail/move_to_pose__rosidl_typesupport_fastrtps_c.h
-- Up-to-date: /home/guang/code/ros2_ws/src/ros2_amr_framework/install/ros2_robot_middleware/include/ros2_robot_middleware/ros2_robot_middleware/msg
-- Installing: /home/guang/code/ros2_ws/src/ros2_amr_framework/install/ros2_robot_middleware/include/ros2_robot_middleware/ros2_robot_middleware/msg/rosidl_typesupport_fastrtps_c__visibility_control.h
-- Up-to-date: /home/guang/code/ros2_ws/src/ros2_amr_framework/install/ros2_robot_middleware/include/ros2_robot_middleware/ros2_robot_middleware/msg/detail
-- Installing: /home/guang/code/ros2_ws/src/ros2_amr_framework/install/ros2_robot_middleware/include/ros2_robot_middleware/ros2_robot_middleware/msg/detail/object__rosidl_typesupport_fastrtps_c.h
-- Installing: /home/guang/code/ros2_ws/src/ros2_amr_framework/install/ros2_robot_middleware/include/ros2_robot_middleware/ros2_robot_middleware/msg/detail/health_status__rosidl_typesupport_fastrtps_c.h
-- Installing: /home/guang/code/ros2_ws/src/ros2_amr_framework/install/ros2_robot_middleware/include/ros2_robot_middleware/ros2_robot_middleware/msg/detail/health_report__rosidl_typesupport_fastrtps_c.h
-- Installing: /home/guang/code/ros2_ws/src/ros2_amr_framework/install/ros2_robot_middleware/include/ros2_robot_middleware/ros2_robot_middleware/msg/detail/perception_objects__rosidl_typesupport_fastrtps_c.h
-- Up-to-date: /home/guang/code/ros2_ws/src/ros2_amr_framework/install/ros2_robot_middleware/include/ros2_robot_middleware/ros2_robot_middleware/srv
-- Up-to-date: /home/guang/code/ros2_ws/src/ros2_amr_framework/install/ros2_robot_middleware/include/ros2_robot_middleware/ros2_robot_middleware/srv/detail
-- Installing: /home/guang/code/ros2_ws/src/ros2_amr_framework/install/ros2_robot_middleware/include/ros2_robot_middleware/ros2_robot_middleware/srv/detail/set_param__rosidl_typesupport_fastrtps_c.h
-- Installing: /home/guang/code/ros2_ws/src/ros2_amr_framework/install/ros2_robot_middleware/lib/libros2_robot_middleware__rosidl_typesupport_fastrtps_c.so
-- Set non-toolchain portion of runtime path of "/home/guang/code/ros2_ws/src/ros2_amr_framework/install/ros2_robot_middleware/lib/libros2_robot_middleware__rosidl_typesupport_fastrtps_c.so" to ""
-- Up-to-date: /home/guang/code/ros2_ws/src/ros2_amr_framework/install/ros2_robot_middleware/include/ros2_robot_middleware/ros2_robot_middleware
-- Up-to-date: /home/guang/code/ros2_ws/src/ros2_amr_framework/install/ros2_robot_middleware/include/ros2_robot_middleware/ros2_robot_middleware/action
-- Installing: /home/guang/code/ros2_ws/src/ros2_amr_framework/install/ros2_robot_middleware/include/ros2_robot_middleware/ros2_robot_middleware/action/move_to_pose.hpp
-- Up-to-date: /home/guang/code/ros2_ws/src/ros2_amr_framework/install/ros2_robot_middleware/include/ros2_robot_middleware/ros2_robot_middleware/action/detail
-- Installing: /home/guang/code/ros2_ws/src/ros2_amr_framework/install/ros2_robot_middleware/include/ros2_robot_middleware/ros2_robot_middleware/action/detail/move_to_pose__struct.hpp
-- Installing: /home/guang/code/ros2_ws/src/ros2_amr_framework/install/ros2_robot_middleware/include/ros2_robot_middleware/ros2_robot_middleware/action/detail/move_to_pose__builder.hpp
-- Installing: /home/guang/code/ros2_ws/src/ros2_amr_framework/install/ros2_robot_middleware/include/ros2_robot_middleware/ros2_robot_middleware/action/detail/move_to_pose__type_support.hpp
-- Installing: /home/guang/code/ros2_ws/src/ros2_amr_framework/install/ros2_robot_middleware/include/ros2_robot_middleware/ros2_robot_middleware/action/detail/move_to_pose__traits.hpp
-- Up-to-date: /home/guang/code/ros2_ws/src/ros2_amr_framework/install/ros2_robot_middleware/include/ros2_robot_middleware/ros2_robot_middleware/msg
-- Installing: /home/guang/code/ros2_ws/src/ros2_amr_framework/install/ros2_robot_middleware/include/ros2_robot_middleware/ros2_robot_middleware/msg/object.hpp
-- Installing: /home/guang/code/ros2_ws/src/ros2_amr_framework/install/ros2_robot_middleware/include/ros2_robot_middleware/ros2_robot_middleware/msg/rosidl_generator_cpp__visibility_control.hpp
-- Installing: /home/guang/code/ros2_ws/src/ros2_amr_framework/install/ros2_robot_middleware/include/ros2_robot_middleware/ros2_robot_middleware/msg/perception_objects.hpp
-- Installing: /home/guang/code/ros2_ws/src/ros2_amr_framework/install/ros2_robot_middleware/include/ros2_robot_middleware/ros2_robot_middleware/msg/health_report.hpp
-- Up-to-date: /home/guang/code/ros2_ws/src/ros2_amr_framework/install/ros2_robot_middleware/include/ros2_robot_middleware/ros2_robot_middleware/msg/detail
-- Installing: /home/guang/code/ros2_ws/src/ros2_amr_framework/install/ros2_robot_middleware/include/ros2_robot_middleware/ros2_robot_middleware/msg/detail/perception_objects__builder.hpp
-- Installing: /home/guang/code/ros2_ws/src/ros2_amr_framework/install/ros2_robot_middleware/include/ros2_robot_middleware/ros2_robot_middleware/msg/detail/health_status__builder.hpp
-- Installing: /home/guang/code/ros2_ws/src/ros2_amr_framework/install/ros2_robot_middleware/include/ros2_robot_middleware/ros2_robot_middleware/msg/detail/object__struct.hpp
-- Installing: /home/guang/code/ros2_ws/src/ros2_amr_framework/install/ros2_robot_middleware/include/ros2_robot_middleware/ros2_robot_middleware/msg/detail/health_status__type_support.hpp
-- Installing: /home/guang/code/ros2_ws/src/ros2_amr_framework/install/ros2_robot_middleware/include/ros2_robot_middleware/ros2_robot_middleware/msg/detail/object__type_support.hpp
-- Installing: /home/guang/code/ros2_ws/src/ros2_amr_framework/install/ros2_robot_middleware/include/ros2_robot_middleware/ros2_robot_middleware/msg/detail/perception_objects__struct.hpp
-- Installing: /home/guang/code/ros2_ws/src/ros2_amr_framework/install/ros2_robot_middleware/include/ros2_robot_middleware/ros2_robot_middleware/msg/detail/object__traits.hpp
-- Installing: /home/guang/code/ros2_ws/src/ros2_amr_framework/install/ros2_robot_middleware/include/ros2_robot_middleware/ros2_robot_middleware/msg/detail/object__builder.hpp
-- Installing: /home/guang/code/ros2_ws/src/ros2_amr_framework/install/ros2_robot_middleware/include/ros2_robot_middleware/ros2_robot_middleware/msg/detail/health_report__type_support.hpp
-- Installing: /home/guang/code/ros2_ws/src/ros2_amr_framework/install/ros2_robot_middleware/include/ros2_robot_middleware/ros2_robot_middleware/msg/detail/health_status__struct.hpp
-- Installing: /home/guang/code/ros2_ws/src/ros2_amr_framework/install/ros2_robot_middleware/include/ros2_robot_middleware/ros2_robot_middleware/msg/detail/perception_objects__type_support.hpp
-- Installing: /home/guang/code/ros2_ws/src/ros2_amr_framework/install/ros2_robot_middleware/include/ros2_robot_middleware/ros2_robot_middleware/msg/detail/health_report__struct.hpp
-- Installing: /home/guang/code/ros2_ws/src/ros2_amr_framework/install/ros2_robot_middleware/include/ros2_robot_middleware/ros2_robot_middleware/msg/detail/health_report__traits.hpp
-- Installing: /home/guang/code/ros2_ws/src/ros2_amr_framework/install/ros2_robot_middleware/include/ros2_robot_middleware/ros2_robot_middleware/msg/detail/health_report__builder.hpp
-- Installing: /home/guang/code/ros2_ws/src/ros2_amr_framework/install/ros2_robot_middleware/include/ros2_robot_middleware/ros2_robot_middleware/msg/detail/health_status__traits.hpp
-- Installing: /home/guang/code/ros2_ws/src/ros2_amr_framework/install/ros2_robot_middleware/include/ros2_robot_middleware/ros2_robot_middleware/msg/detail/perception_objects__traits.hpp
-- Installing: /home/guang/code/ros2_ws/src/ros2_amr_framework/install/ros2_robot_middleware/include/ros2_robot_middleware/ros2_robot_middleware/msg/health_status.hpp
-- Up-to-date: /home/guang/code/ros2_ws/src/ros2_amr_framework/install/ros2_robot_middleware/include/ros2_robot_middleware/ros2_robot_middleware/srv
-- Installing: /home/guang/code/ros2_ws/src/ros2_amr_framework/install/ros2_robot_middleware/include/ros2_robot_middleware/ros2_robot_middleware/srv/set_param.hpp
-- Up-to-date: /home/guang/code/ros2_ws/src/ros2_amr_framework/install/ros2_robot_middleware/include/ros2_robot_middleware/ros2_robot_middleware/srv/detail
-- Installing: /home/guang/code/ros2_ws/src/ros2_amr_framework/install/ros2_robot_middleware/include/ros2_robot_middleware/ros2_robot_middleware/srv/detail/set_param__builder.hpp
-- Installing: /home/guang/code/ros2_ws/src/ros2_amr_framework/install/ros2_robot_middleware/include/ros2_robot_middleware/ros2_robot_middleware/srv/detail/set_param__traits.hpp
-- Installing: /home/guang/code/ros2_ws/src/ros2_amr_framework/install/ros2_robot_middleware/include/ros2_robot_middleware/ros2_robot_middleware/srv/detail/set_param__type_support.hpp
-- Installing: /home/guang/code/ros2_ws/src/ros2_amr_framework/install/ros2_robot_middleware/include/ros2_robot_middleware/ros2_robot_middleware/srv/detail/set_param__struct.hpp
-- Up-to-date: /home/guang/code/ros2_ws/src/ros2_amr_framework/install/ros2_robot_middleware/include/ros2_robot_middleware/ros2_robot_middleware
-- Up-to-date: /home/guang/code/ros2_ws/src/ros2_amr_framework/install/ros2_robot_middleware/include/ros2_robot_middleware/ros2_robot_middleware/action
-- Up-to-date: /home/guang/code/ros2_ws/src/ros2_amr_framework/install/ros2_robot_middleware/include/ros2_robot_middleware/ros2_robot_middleware/action/detail
-- Installing: /home/guang/code/ros2_ws/src/ros2_amr_framework/install/ros2_robot_middleware/include/ros2_robot_middleware/ros2_robot_middleware/action/detail/move_to_pose__rosidl_typesupport_fastrtps_cpp.hpp
-- Installing: /home/guang/code/ros2_ws/src/ros2_amr_framework/install/ros2_robot_middleware/include/ros2_robot_middleware/ros2_robot_middleware/action/detail/dds_fastrtps
-- Up-to-date: /home/guang/code/ros2_ws/src/ros2_amr_framework/install/ros2_robot_middleware/include/ros2_robot_middleware/ros2_robot_middleware/msg
-- Up-to-date: /home/guang/code/ros2_ws/src/ros2_amr_framework/install/ros2_robot_middleware/include/ros2_robot_middleware/ros2_robot_middleware/msg/detail
-- Installing: /home/guang/code/ros2_ws/src/ros2_amr_framework/install/ros2_robot_middleware/include/ros2_robot_middleware/ros2_robot_middleware/msg/detail/perception_objects__rosidl_typesupport_fastrtps_cpp.hpp
-- Installing: /home/guang/code/ros2_ws/src/ros2_amr_framework/install/ros2_robot_middleware/include/ros2_robot_middleware/ros2_robot_middleware/msg/detail/health_report__rosidl_typesupport_fastrtps_cpp.hpp
-- Installing: /home/guang/code/ros2_ws/src/ros2_amr_framework/install/ros2_robot_middleware/include/ros2_robot_middleware/ros2_robot_middleware/msg/detail/object__rosidl_typesupport_fastrtps_cpp.hpp
-- Installing: /home/guang/code/ros2_ws/src/ros2_amr_framework/install/ros2_robot_middleware/include/ros2_robot_middleware/ros2_robot_middleware/msg/detail/health_status__rosidl_typesupport_fastrtps_cpp.hpp
-- Installing: /home/guang/code/ros2_ws/src/ros2_amr_framework/install/ros2_robot_middleware/include/ros2_robot_middleware/ros2_robot_middleware/msg/detail/dds_fastrtps
-- Installing: /home/guang/code/ros2_ws/src/ros2_amr_framework/install/ros2_robot_middleware/include/ros2_robot_middleware/ros2_robot_middleware/msg/rosidl_typesupport_fastrtps_cpp__visibility_control.h
-- Up-to-date: /home/guang/code/ros2_ws/src/ros2_amr_framework/install/ros2_robot_middleware/include/ros2_robot_middleware/ros2_robot_middleware/srv
-- Up-to-date: /home/guang/code/ros2_ws/src/ros2_amr_framework/install/ros2_robot_middleware/include/ros2_robot_middleware/ros2_robot_middleware/srv/detail
-- Installing: /home/guang/code/ros2_ws/src/ros2_amr_framework/install/ros2_robot_middleware/include/ros2_robot_middleware/ros2_robot_middleware/srv/detail/set_param__rosidl_typesupport_fastrtps_cpp.hpp
-- Installing: /home/guang/code/ros2_ws/src/ros2_amr_framework/install/ros2_robot_middleware/include/ros2_robot_middleware/ros2_robot_middleware/srv/detail/dds_fastrtps
-- Installing: /home/guang/code/ros2_ws/src/ros2_amr_framework/install/ros2_robot_middleware/lib/libros2_robot_middleware__rosidl_typesupport_fastrtps_cpp.so
-- Set non-toolchain portion of runtime path of "/home/guang/code/ros2_ws/src/ros2_amr_framework/install/ros2_robot_middleware/lib/libros2_robot_middleware__rosidl_typesupport_fastrtps_cpp.so" to ""
-- Up-to-date: /home/guang/code/ros2_ws/src/ros2_amr_framework/install/ros2_robot_middleware/include/ros2_robot_middleware/ros2_robot_middleware
-- Up-to-date: /home/guang/code/ros2_ws/src/ros2_amr_framework/install/ros2_robot_middleware/include/ros2_robot_middleware/ros2_robot_middleware/action
-- Up-to-date: /home/guang/code/ros2_ws/src/ros2_amr_framework/install/ros2_robot_middleware/include/ros2_robot_middleware/ros2_robot_middleware/action/detail
-- Installing: /home/guang/code/ros2_ws/src/ros2_amr_framework/install/ros2_robot_middleware/include/ros2_robot_middleware/ros2_robot_middleware/action/detail/move_to_pose__rosidl_typesupport_introspection_c.h
-- Up-to-date: /home/guang/code/ros2_ws/src/ros2_amr_framework/install/ros2_robot_middleware/include/ros2_robot_middleware/ros2_robot_middleware/action/detail/move_to_pose__type_support.c
-- Up-to-date: /home/guang/code/ros2_ws/src/ros2_amr_framework/install/ros2_robot_middleware/include/ros2_robot_middleware/ros2_robot_middleware/msg
-- Installing: /home/guang/code/ros2_ws/src/ros2_amr_framework/install/ros2_robot_middleware/include/ros2_robot_middleware/ros2_robot_middleware/msg/rosidl_typesupport_introspection_c__visibility_control.h
-- Up-to-date: /home/guang/code/ros2_ws/src/ros2_amr_framework/install/ros2_robot_middleware/include/ros2_robot_middleware/ros2_robot_middleware/msg/detail
-- Up-to-date: /home/guang/code/ros2_ws/src/ros2_amr_framework/install/ros2_robot_middleware/include/ros2_robot_middleware/ros2_robot_middleware/msg/detail/health_report__type_support.c
-- Up-to-date: /home/guang/code/ros2_ws/src/ros2_amr_framework/install/ros2_robot_middleware/include/ros2_robot_middleware/ros2_robot_middleware/msg/detail/perception_objects__type_support.c
-- Installing: /home/guang/code/ros2_ws/src/ros2_amr_framework/install/ros2_robot_middleware/include/ros2_robot_middleware/ros2_robot_middleware/msg/detail/health_report__rosidl_typesupport_introspection_c.h
-- Up-to-date: /home/guang/code/ros2_ws/src/ros2_amr_framework/install/ros2_robot_middleware/include/ros2_robot_middleware/ros2_robot_middleware/msg/detail/object__type_support.c
-- Installing: /home/guang/code/ros2_ws/src/ros2_amr_framework/install/ros2_robot_middleware/include/ros2_robot_middleware/ros2_robot_middleware/msg/detail/health_status__rosidl_typesupport_introspection_c.h
-- Installing: /home/guang/code/ros2_ws/src/ros2_amr_framework/install/ros2_robot_middleware/include/ros2_robot_middleware/ros2_robot_middleware/msg/detail/perception_objects__rosidl_typesupport_introspection_c.h
-- Up-to-date: /home/guang/code/ros2_ws/src/ros2_amr_framework/install/ros2_robot_middleware/include/ros2_robot_middleware/ros2_robot_middleware/msg/detail/health_status__type_support.c
-- Installing: /home/guang/code/ros2_ws/src/ros2_amr_framework/install/ros2_robot_middleware/include/ros2_robot_middleware/ros2_robot_middleware/msg/detail/object__rosidl_typesupport_introspection_c.h
-- Up-to-date: /home/guang/code/ros2_ws/src/ros2_amr_framework/install/ros2_robot_middleware/include/ros2_robot_middleware/ros2_robot_middleware/srv
-- Up-to-date: /home/guang/code/ros2_ws/src/ros2_amr_framework/install/ros2_robot_middleware/include/ros2_robot_middleware/ros2_robot_middleware/srv/detail
-- Up-to-date: /home/guang/code/ros2_ws/src/ros2_amr_framework/install/ros2_robot_middleware/include/ros2_robot_middleware/ros2_robot_middleware/srv/detail/set_param__type_support.c
-- Installing: /home/guang/code/ros2_ws/src/ros2_amr_framework/install/ros2_robot_middleware/include/ros2_robot_middleware/ros2_robot_middleware/srv/detail/set_param__rosidl_typesupport_introspection_c.h
-- Installing: /home/guang/code/ros2_ws/src/ros2_amr_framework/install/ros2_robot_middleware/lib/libros2_robot_middleware__rosidl_typesupport_introspection_c.so
-- Set non-toolchain portion of runtime path of "/home/guang/code/ros2_ws/src/ros2_amr_framework/install/ros2_robot_middleware/lib/libros2_robot_middleware__rosidl_typesupport_introspection_c.so" to ""
-- Installing: /home/guang/code/ros2_ws/src/ros2_amr_framework/install/ros2_robot_middleware/lib/libros2_robot_middleware__rosidl_typesupport_c.so
-- Set non-toolchain portion of runtime path of "/home/guang/code/ros2_ws/src/ros2_amr_framework/install/ros2_robot_middleware/lib/libros2_robot_middleware__rosidl_typesupport_c.so" to ""
-- Up-to-date: /home/guang/code/ros2_ws/src/ros2_amr_framework/install/ros2_robot_middleware/include/ros2_robot_middleware/ros2_robot_middleware
-- Up-to-date: /home/guang/code/ros2_ws/src/ros2_amr_framework/install/ros2_robot_middleware/include/ros2_robot_middleware/ros2_robot_middleware/action
-- Up-to-date: /home/guang/code/ros2_ws/src/ros2_amr_framework/install/ros2_robot_middleware/include/ros2_robot_middleware/ros2_robot_middleware/action/detail
-- Installing: /home/guang/code/ros2_ws/src/ros2_amr_framework/install/ros2_robot_middleware/include/ros2_robot_middleware/ros2_robot_middleware/action/detail/move_to_pose__rosidl_typesupport_introspection_cpp.hpp
-- Installing: /home/guang/code/ros2_ws/src/ros2_amr_framework/install/ros2_robot_middleware/include/ros2_robot_middleware/ros2_robot_middleware/action/detail/move_to_pose__type_support.cpp
-- Up-to-date: /home/guang/code/ros2_ws/src/ros2_amr_framework/install/ros2_robot_middleware/include/ros2_robot_middleware/ros2_robot_middleware/msg
-- Up-to-date: /home/guang/code/ros2_ws/src/ros2_amr_framework/install/ros2_robot_middleware/include/ros2_robot_middleware/ros2_robot_middleware/msg/detail
-- Installing: /home/guang/code/ros2_ws/src/ros2_amr_framework/install/ros2_robot_middleware/include/ros2_robot_middleware/ros2_robot_middleware/msg/detail/health_status__rosidl_typesupport_introspection_cpp.hpp
-- Installing: /home/guang/code/ros2_ws/src/ros2_amr_framework/install/ros2_robot_middleware/include/ros2_robot_middleware/ros2_robot_middleware/msg/detail/health_status__type_support.cpp
-- Installing: /home/guang/code/ros2_ws/src/ros2_amr_framework/install/ros2_robot_middleware/include/ros2_robot_middleware/ros2_robot_middleware/msg/detail/perception_objects__rosidl_typesupport_introspection_cpp.hpp
-- Installing: /home/guang/code/ros2_ws/src/ros2_amr_framework/install/ros2_robot_middleware/include/ros2_robot_middleware/ros2_robot_middleware/msg/detail/object__rosidl_typesupport_introspection_cpp.hpp
-- Installing: /home/guang/code/ros2_ws/src/ros2_amr_framework/install/ros2_robot_middleware/include/ros2_robot_middleware/ros2_robot_middleware/msg/detail/health_report__type_support.cpp
-- Installing: /home/guang/code/ros2_ws/src/ros2_amr_framework/install/ros2_robot_middleware/include/ros2_robot_middleware/ros2_robot_middleware/msg/detail/health_report__rosidl_typesupport_introspection_cpp.hpp
-- Installing: /home/guang/code/ros2_ws/src/ros2_amr_framework/install/ros2_robot_middleware/include/ros2_robot_middleware/ros2_robot_middleware/msg/detail/perception_objects__type_support.cpp
-- Installing: /home/guang/code/ros2_ws/src/ros2_amr_framework/install/ros2_robot_middleware/include/ros2_robot_middleware/ros2_robot_middleware/msg/detail/object__type_support.cpp
-- Up-to-date: /home/guang/code/ros2_ws/src/ros2_amr_framework/install/ros2_robot_middleware/include/ros2_robot_middleware/ros2_robot_middleware/srv
-- Up-to-date: /home/guang/code/ros2_ws/src/ros2_amr_framework/install/ros2_robot_middleware/include/ros2_robot_middleware/ros2_robot_middleware/srv/detail
-- Installing: /home/guang/code/ros2_ws/src/ros2_amr_framework/install/ros2_robot_middleware/include/ros2_robot_middleware/ros2_robot_middleware/srv/detail/set_param__type_support.cpp
-- Installing: /home/guang/code/ros2_ws/src/ros2_amr_framework/install/ros2_robot_middleware/include/ros2_robot_middleware/ros2_robot_middleware/srv/detail/set_param__rosidl_typesupport_introspection_cpp.hpp
-- Installing: /home/guang/code/ros2_ws/src/ros2_amr_framework/install/ros2_robot_middleware/lib/libros2_robot_middleware__rosidl_typesupport_introspection_cpp.so
-- Set non-toolchain portion of runtime path of "/home/guang/code/ros2_ws/src/ros2_amr_framework/install/ros2_robot_middleware/lib/libros2_robot_middleware__rosidl_typesupport_introspection_cpp.so" to ""
-- Installing: /home/guang/code/ros2_ws/src/ros2_amr_framework/install/ros2_robot_middleware/lib/libros2_robot_middleware__rosidl_typesupport_cpp.so
-- Set non-toolchain portion of runtime path of "/home/guang/code/ros2_ws/src/ros2_amr_framework/install/ros2_robot_middleware/lib/libros2_robot_middleware__rosidl_typesupport_cpp.so" to ""
-- Installing: /home/guang/code/ros2_ws/src/ros2_amr_framework/install/ros2_robot_middleware/share/ros2_robot_middleware/environment/pythonpath.sh
-- Installing: /home/guang/code/ros2_ws/src/ros2_amr_framework/install/ros2_robot_middleware/share/ros2_robot_middleware/environment/pythonpath.dsv
-- Installing: /home/guang/code/ros2_ws/src/ros2_amr_framework/install/ros2_robot_middleware/lib/python3.12/site-packages/ros2_robot_middleware-0.3.0-py3.12.egg-info
-- Installing: /home/guang/code/ros2_ws/src/ros2_amr_framework/install/ros2_robot_middleware/lib/python3.12/site-packages/ros2_robot_middleware-0.3.0-py3.12.egg-info/PKG-INFO
-- Installing: /home/guang/code/ros2_ws/src/ros2_amr_framework/install/ros2_robot_middleware/lib/python3.12/site-packages/ros2_robot_middleware-0.3.0-py3.12.egg-info/top_level.txt
-- Installing: /home/guang/code/ros2_ws/src/ros2_amr_framework/install/ros2_robot_middleware/lib/python3.12/site-packages/ros2_robot_middleware-0.3.0-py3.12.egg-info/dependency_links.txt
-- Installing: /home/guang/code/ros2_ws/src/ros2_amr_framework/install/ros2_robot_middleware/lib/python3.12/site-packages/ros2_robot_middleware-0.3.0-py3.12.egg-info/SOURCES.txt
-- Installing: /home/guang/code/ros2_ws/src/ros2_amr_framework/install/ros2_robot_middleware/lib/python3.12/site-packages/ros2_robot_middleware
-- Installing: /home/guang/code/ros2_ws/src/ros2_amr_framework/install/ros2_robot_middleware/lib/python3.12/site-packages/ros2_robot_middleware/ros2_robot_middleware_s__rosidl_typesupport_introspection_c.so
-- Installing: /home/guang/code/ros2_ws/src/ros2_amr_framework/install/ros2_robot_middleware/lib/python3.12/site-packages/ros2_robot_middleware/_ros2_robot_middleware_s.ep.rosidl_typesupport_c.c
-- Installing: /home/guang/code/ros2_ws/src/ros2_amr_framework/install/ros2_robot_middleware/lib/python3.12/site-packages/ros2_robot_middleware/ros2_robot_middleware_s__rosidl_typesupport_fastrtps_c.so
-- Installing: /home/guang/code/ros2_ws/src/ros2_amr_framework/install/ros2_robot_middleware/lib/python3.12/site-packages/ros2_robot_middleware/_ros2_robot_middleware_s.ep.rosidl_typesupport_introspection_c.c
-- Installing: /home/guang/code/ros2_ws/src/ros2_amr_framework/install/ros2_robot_middleware/lib/python3.12/site-packages/ros2_robot_middleware/__init__.py
-- Installing: /home/guang/code/ros2_ws/src/ros2_amr_framework/install/ros2_robot_middleware/lib/python3.12/site-packages/ros2_robot_middleware/ros2_robot_middleware_s__rosidl_typesupport_c.so
-- Installing: /home/guang/code/ros2_ws/src/ros2_amr_framework/install/ros2_robot_middleware/lib/python3.12/site-packages/ros2_robot_middleware/action
-- Installing: /home/guang/code/ros2_ws/src/ros2_amr_framework/install/ros2_robot_middleware/lib/python3.12/site-packages/ros2_robot_middleware/action/_move_to_pose_s.c
-- Installing: /home/guang/code/ros2_ws/src/ros2_amr_framework/install/ros2_robot_middleware/lib/python3.12/site-packages/ros2_robot_middleware/action/_move_to_pose.py
-- Installing: /home/guang/code/ros2_ws/src/ros2_amr_framework/install/ros2_robot_middleware/lib/python3.12/site-packages/ros2_robot_middleware/action/__init__.py
-- Installing: /home/guang/code/ros2_ws/src/ros2_amr_framework/install/ros2_robot_middleware/lib/python3.12/site-packages/ros2_robot_middleware/msg
-- Installing: /home/guang/code/ros2_ws/src/ros2_amr_framework/install/ros2_robot_middleware/lib/python3.12/site-packages/ros2_robot_middleware/msg/_object.py
-- Installing: /home/guang/code/ros2_ws/src/ros2_amr_framework/install/ros2_robot_middleware/lib/python3.12/site-packages/ros2_robot_middleware/msg/_health_status.py
-- Installing: /home/guang/code/ros2_ws/src/ros2_amr_framework/install/ros2_robot_middleware/lib/python3.12/site-packages/ros2_robot_middleware/msg/_perception_objects.py
-- Installing: /home/guang/code/ros2_ws/src/ros2_amr_framework/install/ros2_robot_middleware/lib/python3.12/site-packages/ros2_robot_middleware/msg/_perception_objects_s.c
-- Installing: /home/guang/code/ros2_ws/src/ros2_amr_framework/install/ros2_robot_middleware/lib/python3.12/site-packages/ros2_robot_middleware/msg/_object_s.c
-- Installing: /home/guang/code/ros2_ws/src/ros2_amr_framework/install/ros2_robot_middleware/lib/python3.12/site-packages/ros2_robot_middleware/msg/__init__.py
-- Installing: /home/guang/code/ros2_ws/src/ros2_amr_framework/install/ros2_robot_middleware/lib/python3.12/site-packages/ros2_robot_middleware/msg/_health_report.py
-- Installing: /home/guang/code/ros2_ws/src/ros2_amr_framework/install/ros2_robot_middleware/lib/python3.12/site-packages/ros2_robot_middleware/msg/_health_report_s.c
-- Installing: /home/guang/code/ros2_ws/src/ros2_amr_framework/install/ros2_robot_middleware/lib/python3.12/site-packages/ros2_robot_middleware/msg/_health_status_s.c
-- Installing: /home/guang/code/ros2_ws/src/ros2_amr_framework/install/ros2_robot_middleware/lib/python3.12/site-packages/ros2_robot_middleware/srv
-- Installing: /home/guang/code/ros2_ws/src/ros2_amr_framework/install/ros2_robot_middleware/lib/python3.12/site-packages/ros2_robot_middleware/srv/_set_param.py
-- Installing: /home/guang/code/ros2_ws/src/ros2_amr_framework/install/ros2_robot_middleware/lib/python3.12/site-packages/ros2_robot_middleware/srv/__init__.py
-- Installing: /home/guang/code/ros2_ws/src/ros2_amr_framework/install/ros2_robot_middleware/lib/python3.12/site-packages/ros2_robot_middleware/srv/_set_param_s.c
-- Installing: /home/guang/code/ros2_ws/src/ros2_amr_framework/install/ros2_robot_middleware/lib/python3.12/site-packages/ros2_robot_middleware/_ros2_robot_middleware_s.ep.rosidl_typesupport_fastrtps_c.c
Listing '/home/guang/code/ros2_ws/src/ros2_amr_framework/install/ros2_robot_middleware/lib/python3.12/site-packages/ros2_robot_middleware'...
Compiling '/home/guang/code/ros2_ws/src/ros2_amr_framework/install/ros2_robot_middleware/lib/python3.12/site-packages/ros2_robot_middleware/__init__.py'...
Listing '/home/guang/code/ros2_ws/src/ros2_amr_framework/install/ros2_robot_middleware/lib/python3.12/site-packages/ros2_robot_middleware/action'...
Compiling '/home/guang/code/ros2_ws/src/ros2_amr_framework/install/ros2_robot_middleware/lib/python3.12/site-packages/ros2_robot_middleware/action/__init__.py'...
Compiling '/home/guang/code/ros2_ws/src/ros2_amr_framework/install/ros2_robot_middleware/lib/python3.12/site-packages/ros2_robot_middleware/action/_move_to_pose.py'...
Listing '/home/guang/code/ros2_ws/src/ros2_amr_framework/install/ros2_robot_middleware/lib/python3.12/site-packages/ros2_robot_middleware/msg'...
Compiling '/home/guang/code/ros2_ws/src/ros2_amr_framework/install/ros2_robot_middleware/lib/python3.12/site-packages/ros2_robot_middleware/msg/__init__.py'...
Compiling '/home/guang/code/ros2_ws/src/ros2_amr_framework/install/ros2_robot_middleware/lib/python3.12/site-packages/ros2_robot_middleware/msg/_health_report.py'...
Compiling '/home/guang/code/ros2_ws/src/ros2_amr_framework/install/ros2_robot_middleware/lib/python3.12/site-packages/ros2_robot_middleware/msg/_health_status.py'...
Compiling '/home/guang/code/ros2_ws/src/ros2_amr_framework/install/ros2_robot_middleware/lib/python3.12/site-packages/ros2_robot_middleware/msg/_object.py'...
Compiling '/home/guang/code/ros2_ws/src/ros2_amr_framework/install/ros2_robot_middleware/lib/python3.12/site-packages/ros2_robot_middleware/msg/_perception_objects.py'...
Listing '/home/guang/code/ros2_ws/src/ros2_amr_framework/install/ros2_robot_middleware/lib/python3.12/site-packages/ros2_robot_middleware/srv'...
Compiling '/home/guang/code/ros2_ws/src/ros2_amr_framework/install/ros2_robot_middleware/lib/python3.12/site-packages/ros2_robot_middleware/srv/__init__.py'...
Compiling '/home/guang/code/ros2_ws/src/ros2_amr_framework/install/ros2_robot_middleware/lib/python3.12/site-packages/ros2_robot_middleware/srv/_set_param.py'...
-- Installing: /home/guang/code/ros2_ws/src/ros2_amr_framework/install/ros2_robot_middleware/lib/python3.12/site-packages/ros2_robot_middleware/ros2_robot_middleware_s__rosidl_typesupport_fastrtps_c.so
-- Set non-toolchain portion of runtime path of "/home/guang/code/ros2_ws/src/ros2_amr_framework/install/ros2_robot_middleware/lib/python3.12/site-packages/ros2_robot_middleware/ros2_robot_middleware_s__rosidl_typesupport_fastrtps_c.so" to ""
-- Installing: /home/guang/code/ros2_ws/src/ros2_amr_framework/install/ros2_robot_middleware/lib/python3.12/site-packages/ros2_robot_middleware/ros2_robot_middleware_s__rosidl_typesupport_introspection_c.so
-- Set non-toolchain portion of runtime path of "/home/guang/code/ros2_ws/src/ros2_amr_framework/install/ros2_robot_middleware/lib/python3.12/site-packages/ros2_robot_middleware/ros2_robot_middleware_s__rosidl_typesupport_introspection_c.so" to ""
-- Installing: /home/guang/code/ros2_ws/src/ros2_amr_framework/install/ros2_robot_middleware/lib/python3.12/site-packages/ros2_robot_middleware/ros2_robot_middleware_s__rosidl_typesupport_c.so
-- Set non-toolchain portion of runtime path of "/home/guang/code/ros2_ws/src/ros2_amr_framework/install/ros2_robot_middleware/lib/python3.12/site-packages/ros2_robot_middleware/ros2_robot_middleware_s__rosidl_typesupport_c.so" to ""
-- Installing: /home/guang/code/ros2_ws/src/ros2_amr_framework/install/ros2_robot_middleware/lib/libros2_robot_middleware__rosidl_generator_py.so
-- Set non-toolchain portion of runtime path of "/home/guang/code/ros2_ws/src/ros2_amr_framework/install/ros2_robot_middleware/lib/libros2_robot_middleware__rosidl_generator_py.so" to ""
-- Installing: /home/guang/code/ros2_ws/src/ros2_amr_framework/install/ros2_robot_middleware/share/ament_index/resource_index/rust_packages/ros2_robot_middleware
-- Installing: /home/guang/code/ros2_ws/src/ros2_amr_framework/install/ros2_robot_middleware/share/ros2_robot_middleware/rust
-- Installing: /home/guang/code/ros2_ws/src/ros2_amr_framework/install/ros2_robot_middleware/share/ros2_robot_middleware/rust/build.rs
-- Installing: /home/guang/code/ros2_ws/src/ros2_amr_framework/install/ros2_robot_middleware/share/ros2_robot_middleware/rust/Cargo.toml
-- Installing: /home/guang/code/ros2_ws/src/ros2_amr_framework/install/ros2_robot_middleware/share/ros2_robot_middleware/rust/src
-- Installing: /home/guang/code/ros2_ws/src/ros2_amr_framework/install/ros2_robot_middleware/share/ros2_robot_middleware/rust/src/srv.rs
-- Installing: /home/guang/code/ros2_ws/src/ros2_amr_framework/install/ros2_robot_middleware/share/ros2_robot_middleware/rust/src/action.rs
-- Installing: /home/guang/code/ros2_ws/src/ros2_amr_framework/install/ros2_robot_middleware/share/ros2_robot_middleware/rust/src/msg.rs
-- Installing: /home/guang/code/ros2_ws/src/ros2_amr_framework/install/ros2_robot_middleware/share/ros2_robot_middleware/rust/src/action
-- Installing: /home/guang/code/ros2_ws/src/ros2_amr_framework/install/ros2_robot_middleware/share/ros2_robot_middleware/rust/src/action/rmw.rs
-- Installing: /home/guang/code/ros2_ws/src/ros2_amr_framework/install/ros2_robot_middleware/share/ros2_robot_middleware/rust/src/lib.rs
-- Installing: /home/guang/code/ros2_ws/src/ros2_amr_framework/install/ros2_robot_middleware/share/ros2_robot_middleware/rust/src/msg
-- Installing: /home/guang/code/ros2_ws/src/ros2_amr_framework/install/ros2_robot_middleware/share/ros2_robot_middleware/rust/src/msg/rmw.rs
-- Installing: /home/guang/code/ros2_ws/src/ros2_amr_framework/install/ros2_robot_middleware/share/ros2_robot_middleware/rust/src/srv
-- Installing: /home/guang/code/ros2_ws/src/ros2_amr_framework/install/ros2_robot_middleware/share/ros2_robot_middleware/rust/src/srv/rmw.rs
-- Installing: /home/guang/code/ros2_ws/src/ros2_amr_framework/install/ros2_robot_middleware/share/ros2_robot_middleware/msg/Object.idl
-- Installing: /home/guang/code/ros2_ws/src/ros2_amr_framework/install/ros2_robot_middleware/share/ros2_robot_middleware/msg/PerceptionObjects.idl
-- Installing: /home/guang/code/ros2_ws/src/ros2_amr_framework/install/ros2_robot_middleware/share/ros2_robot_middleware/msg/HealthStatus.idl
-- Installing: /home/guang/code/ros2_ws/src/ros2_amr_framework/install/ros2_robot_middleware/share/ros2_robot_middleware/msg/HealthReport.idl
-- Installing: /home/guang/code/ros2_ws/src/ros2_amr_framework/install/ros2_robot_middleware/share/ros2_robot_middleware/srv/SetParam.idl
-- Installing: /home/guang/code/ros2_ws/src/ros2_amr_framework/install/ros2_robot_middleware/share/ros2_robot_middleware/action/MoveToPose.idl
-- Installing: /home/guang/code/ros2_ws/src/ros2_amr_framework/install/ros2_robot_middleware/share/ros2_robot_middleware/msg/Object.msg
-- Installing: /home/guang/code/ros2_ws/src/ros2_amr_framework/install/ros2_robot_middleware/share/ros2_robot_middleware/msg/PerceptionObjects.msg
-- Installing: /home/guang/code/ros2_ws/src/ros2_amr_framework/install/ros2_robot_middleware/share/ros2_robot_middleware/msg/HealthStatus.msg
-- Installing: /home/guang/code/ros2_ws/src/ros2_amr_framework/install/ros2_robot_middleware/share/ros2_robot_middleware/msg/HealthReport.msg
-- Installing: /home/guang/code/ros2_ws/src/ros2_amr_framework/install/ros2_robot_middleware/share/ros2_robot_middleware/srv/SetParam.srv
-- Installing: /home/guang/code/ros2_ws/src/ros2_amr_framework/install/ros2_robot_middleware/share/ros2_robot_middleware/action/MoveToPose.action
-- Installing: /home/guang/code/ros2_ws/src/ros2_amr_framework/install/ros2_robot_middleware/lib/libcompute_component.so
-- Set non-toolchain portion of runtime path of "/home/guang/code/ros2_ws/src/ros2_amr_framework/install/ros2_robot_middleware/lib/libcompute_component.so" to ""
-- Installing: /home/guang/code/ros2_ws/src/ros2_amr_framework/install/ros2_robot_middleware/lib/ros2_robot_middleware/compute_container
-- Set non-toolchain portion of runtime path of "/home/guang/code/ros2_ws/src/ros2_amr_framework/install/ros2_robot_middleware/lib/ros2_robot_middleware/compute_container" to ""
-- Installing: /home/guang/code/ros2_ws/src/ros2_amr_framework/install/ros2_robot_middleware/lib/ros2_robot_middleware/lidar_node
-- Set non-toolchain portion of runtime path of "/home/guang/code/ros2_ws/src/ros2_amr_framework/install/ros2_robot_middleware/lib/ros2_robot_middleware/lidar_node" to ""
-- Installing: /home/guang/code/ros2_ws/src/ros2_amr_framework/install/ros2_robot_middleware/lib/ros2_robot_middleware/imu_node
-- Set non-toolchain portion of runtime path of "/home/guang/code/ros2_ws/src/ros2_amr_framework/install/ros2_robot_middleware/lib/ros2_robot_middleware/imu_node" to ""
-- Installing: /home/guang/code/ros2_ws/src/ros2_amr_framework/install/ros2_robot_middleware/lib/ros2_robot_middleware/camera_node
-- Set non-toolchain portion of runtime path of "/home/guang/code/ros2_ws/src/ros2_amr_framework/install/ros2_robot_middleware/lib/ros2_robot_middleware/camera_node" to ""
-- Installing: /home/guang/code/ros2_ws/src/ros2_amr_framework/install/ros2_robot_middleware/lib/ros2_robot_middleware/health_monitor_node
-- Set non-toolchain portion of runtime path of "/home/guang/code/ros2_ws/src/ros2_amr_framework/install/ros2_robot_middleware/lib/ros2_robot_middleware/health_monitor_node" to ""
-- Installing: /home/guang/code/ros2_ws/src/ros2_amr_framework/install/ros2_robot_middleware/lib/ros2_robot_middleware/fleet_manager_node
-- Set non-toolchain portion of runtime path of "/home/guang/code/ros2_ws/src/ros2_amr_framework/install/ros2_robot_middleware/lib/ros2_robot_middleware/fleet_manager_node" to ""
-- Installing: /home/guang/code/ros2_ws/src/ros2_amr_framework/install/ros2_robot_middleware/share/ros2_robot_middleware/config
-- Installing: /home/guang/code/ros2_ws/src/ros2_amr_framework/install/ros2_robot_middleware/share/ros2_robot_middleware/config/fastdds_profiles.xml
-- Installing: /home/guang/code/ros2_ws/src/ros2_amr_framework/install/ros2_robot_middleware/share/ros2_robot_middleware/config/params.yaml
-- Installing: /home/guang/code/ros2_ws/src/ros2_amr_framework/install/ros2_robot_middleware/share/ros2_robot_middleware/config/sros2
-- Installing: /home/guang/code/ros2_ws/src/ros2_amr_framework/install/ros2_robot_middleware/share/ros2_robot_middleware/config/sros2/private
-- Installing: /home/guang/code/ros2_ws/src/ros2_amr_framework/install/ros2_robot_middleware/share/ros2_robot_middleware/config/sros2/private/permissions_ca.key.pem
-- Installing: /home/guang/code/ros2_ws/src/ros2_amr_framework/install/ros2_robot_middleware/share/ros2_robot_middleware/config/sros2/private/identity_ca.key.pem
-- Installing: /home/guang/code/ros2_ws/src/ros2_amr_framework/install/ros2_robot_middleware/share/ros2_robot_middleware/config/sros2/private/ca.key.pem
-- Installing: /home/guang/code/ros2_ws/src/ros2_amr_framework/install/ros2_robot_middleware/share/ros2_robot_middleware/config/sros2/governance.p7s
-- Installing: /home/guang/code/ros2_ws/src/ros2_amr_framework/install/ros2_robot_middleware/share/ros2_robot_middleware/config/sros2/public
-- Installing: /home/guang/code/ros2_ws/src/ros2_amr_framework/install/ros2_robot_middleware/share/ros2_robot_middleware/config/sros2/public/permissions_ca.cert.pem
-- Installing: /home/guang/code/ros2_ws/src/ros2_amr_framework/install/ros2_robot_middleware/share/ros2_robot_middleware/config/sros2/public/ca.cert.pem
-- Installing: /home/guang/code/ros2_ws/src/ros2_amr_framework/install/ros2_robot_middleware/share/ros2_robot_middleware/config/sros2/public/identity_ca.cert.pem
-- Installing: /home/guang/code/ros2_ws/src/ros2_amr_framework/install/ros2_robot_middleware/share/ros2_robot_middleware/config/sros2/permissions_lidar.xml
-- Installing: /home/guang/code/ros2_ws/src/ros2_amr_framework/install/ros2_robot_middleware/share/ros2_robot_middleware/config/sros2/enclaves
-- Installing: /home/guang/code/ros2_ws/src/ros2_amr_framework/install/ros2_robot_middleware/share/ros2_robot_middleware/config/sros2/enclaves/camera
-- Installing: /home/guang/code/ros2_ws/src/ros2_amr_framework/install/ros2_robot_middleware/share/ros2_robot_middleware/config/sros2/enclaves/camera/key.pem
-- Installing: /home/guang/code/ros2_ws/src/ros2_amr_framework/install/ros2_robot_middleware/share/ros2_robot_middleware/config/sros2/enclaves/camera/cert.pem
-- Installing: /home/guang/code/ros2_ws/src/ros2_amr_framework/install/ros2_robot_middleware/share/ros2_robot_middleware/config/sros2/enclaves/camera/governance.p7s
-- Installing: /home/guang/code/ros2_ws/src/ros2_amr_framework/install/ros2_robot_middleware/share/ros2_robot_middleware/config/sros2/enclaves/camera/permissions_ca.cert.pem
-- Installing: /home/guang/code/ros2_ws/src/ros2_amr_framework/install/ros2_robot_middleware/share/ros2_robot_middleware/config/sros2/enclaves/camera/permissions.p7s
-- Installing: /home/guang/code/ros2_ws/src/ros2_amr_framework/install/ros2_robot_middleware/share/ros2_robot_middleware/config/sros2/enclaves/camera/permissions.xml
-- Installing: /home/guang/code/ros2_ws/src/ros2_amr_framework/install/ros2_robot_middleware/share/ros2_robot_middleware/config/sros2/enclaves/camera/identity_ca.cert.pem
-- Installing: /home/guang/code/ros2_ws/src/ros2_amr_framework/install/ros2_robot_middleware/share/ros2_robot_middleware/config/sros2/enclaves/lidar
-- Installing: /home/guang/code/ros2_ws/src/ros2_amr_framework/install/ros2_robot_middleware/share/ros2_robot_middleware/config/sros2/enclaves/lidar/key.pem
-- Installing: /home/guang/code/ros2_ws/src/ros2_amr_framework/install/ros2_robot_middleware/share/ros2_robot_middleware/config/sros2/enclaves/lidar/cert.pem
-- Installing: /home/guang/code/ros2_ws/src/ros2_amr_framework/install/ros2_robot_middleware/share/ros2_robot_middleware/config/sros2/enclaves/lidar/governance.p7s
-- Installing: /home/guang/code/ros2_ws/src/ros2_amr_framework/install/ros2_robot_middleware/share/ros2_robot_middleware/config/sros2/enclaves/lidar/permissions_ca.cert.pem
-- Installing: /home/guang/code/ros2_ws/src/ros2_amr_framework/install/ros2_robot_middleware/share/ros2_robot_middleware/config/sros2/enclaves/lidar/permissions.p7s
-- Installing: /home/guang/code/ros2_ws/src/ros2_amr_framework/install/ros2_robot_middleware/share/ros2_robot_middleware/config/sros2/enclaves/lidar/permissions.xml
-- Installing: /home/guang/code/ros2_ws/src/ros2_amr_framework/install/ros2_robot_middleware/share/ros2_robot_middleware/config/sros2/enclaves/lidar/identity_ca.cert.pem
-- Installing: /home/guang/code/ros2_ws/src/ros2_amr_framework/install/ros2_robot_middleware/share/ros2_robot_middleware/config/sros2/enclaves/governance.xml
-- Installing: /home/guang/code/ros2_ws/src/ros2_amr_framework/install/ros2_robot_middleware/share/ros2_robot_middleware/config/sros2/enclaves/governance.p7s
-- Installing: /home/guang/code/ros2_ws/src/ros2_amr_framework/install/ros2_robot_middleware/share/ros2_robot_middleware/config/sros2/enclaves/health_monitor
-- Installing: /home/guang/code/ros2_ws/src/ros2_amr_framework/install/ros2_robot_middleware/share/ros2_robot_middleware/config/sros2/enclaves/health_monitor/key.pem
-- Installing: /home/guang/code/ros2_ws/src/ros2_amr_framework/install/ros2_robot_middleware/share/ros2_robot_middleware/config/sros2/enclaves/health_monitor/cert.pem
-- Installing: /home/guang/code/ros2_ws/src/ros2_amr_framework/install/ros2_robot_middleware/share/ros2_robot_middleware/config/sros2/enclaves/health_monitor/governance.p7s
-- Installing: /home/guang/code/ros2_ws/src/ros2_amr_framework/install/ros2_robot_middleware/share/ros2_robot_middleware/config/sros2/enclaves/health_monitor/permissions_ca.cert.pem
-- Installing: /home/guang/code/ros2_ws/src/ros2_amr_framework/install/ros2_robot_middleware/share/ros2_robot_middleware/config/sros2/enclaves/health_monitor/permissions.p7s
-- Installing: /home/guang/code/ros2_ws/src/ros2_amr_framework/install/ros2_robot_middleware/share/ros2_robot_middleware/config/sros2/enclaves/health_monitor/permissions.xml
-- Installing: /home/guang/code/ros2_ws/src/ros2_amr_framework/install/ros2_robot_middleware/share/ros2_robot_middleware/config/sros2/enclaves/health_monitor/identity_ca.cert.pem
-- Installing: /home/guang/code/ros2_ws/src/ros2_amr_framework/install/ros2_robot_middleware/share/ros2_robot_middleware/config/sros2/enclaves/decision
-- Installing: /home/guang/code/ros2_ws/src/ros2_amr_framework/install/ros2_robot_middleware/share/ros2_robot_middleware/config/sros2/enclaves/decision/key.pem
-- Installing: /home/guang/code/ros2_ws/src/ros2_amr_framework/install/ros2_robot_middleware/share/ros2_robot_middleware/config/sros2/enclaves/decision/cert.pem
-- Installing: /home/guang/code/ros2_ws/src/ros2_amr_framework/install/ros2_robot_middleware/share/ros2_robot_middleware/config/sros2/enclaves/decision/governance.p7s
-- Installing: /home/guang/code/ros2_ws/src/ros2_amr_framework/install/ros2_robot_middleware/share/ros2_robot_middleware/config/sros2/enclaves/decision/permissions_ca.cert.pem
-- Installing: /home/guang/code/ros2_ws/src/ros2_amr_framework/install/ros2_robot_middleware/share/ros2_robot_middleware/config/sros2/enclaves/decision/permissions.p7s
-- Installing: /home/guang/code/ros2_ws/src/ros2_amr_framework/install/ros2_robot_middleware/share/ros2_robot_middleware/config/sros2/enclaves/decision/permissions.xml
-- Installing: /home/guang/code/ros2_ws/src/ros2_amr_framework/install/ros2_robot_middleware/share/ros2_robot_middleware/config/sros2/enclaves/decision/identity_ca.cert.pem
-- Installing: /home/guang/code/ros2_ws/src/ros2_amr_framework/install/ros2_robot_middleware/share/ros2_robot_middleware/config/sros2/enclaves/motor_ctrl
-- Installing: /home/guang/code/ros2_ws/src/ros2_amr_framework/install/ros2_robot_middleware/share/ros2_robot_middleware/config/sros2/enclaves/motor_ctrl/key.pem
-- Installing: /home/guang/code/ros2_ws/src/ros2_amr_framework/install/ros2_robot_middleware/share/ros2_robot_middleware/config/sros2/enclaves/motor_ctrl/cert.pem
-- Installing: /home/guang/code/ros2_ws/src/ros2_amr_framework/install/ros2_robot_middleware/share/ros2_robot_middleware/config/sros2/enclaves/motor_ctrl/governance.p7s
-- Installing: /home/guang/code/ros2_ws/src/ros2_amr_framework/install/ros2_robot_middleware/share/ros2_robot_middleware/config/sros2/enclaves/motor_ctrl/permissions_ca.cert.pem
-- Installing: /home/guang/code/ros2_ws/src/ros2_amr_framework/install/ros2_robot_middleware/share/ros2_robot_middleware/config/sros2/enclaves/motor_ctrl/permissions.p7s
-- Installing: /home/guang/code/ros2_ws/src/ros2_amr_framework/install/ros2_robot_middleware/share/ros2_robot_middleware/config/sros2/enclaves/motor_ctrl/permissions.xml
-- Installing: /home/guang/code/ros2_ws/src/ros2_amr_framework/install/ros2_robot_middleware/share/ros2_robot_middleware/config/sros2/enclaves/motor_ctrl/identity_ca.cert.pem
-- Installing: /home/guang/code/ros2_ws/src/ros2_amr_framework/install/ros2_robot_middleware/share/ros2_robot_middleware/config/sros2/enclaves/fleet_manager
-- Installing: /home/guang/code/ros2_ws/src/ros2_amr_framework/install/ros2_robot_middleware/share/ros2_robot_middleware/config/sros2/enclaves/fleet_manager/key.pem
-- Installing: /home/guang/code/ros2_ws/src/ros2_amr_framework/install/ros2_robot_middleware/share/ros2_robot_middleware/config/sros2/enclaves/fleet_manager/cert.pem
-- Installing: /home/guang/code/ros2_ws/src/ros2_amr_framework/install/ros2_robot_middleware/share/ros2_robot_middleware/config/sros2/enclaves/fleet_manager/governance.p7s
-- Installing: /home/guang/code/ros2_ws/src/ros2_amr_framework/install/ros2_robot_middleware/share/ros2_robot_middleware/config/sros2/enclaves/fleet_manager/permissions_ca.cert.pem
-- Installing: /home/guang/code/ros2_ws/src/ros2_amr_framework/install/ros2_robot_middleware/share/ros2_robot_middleware/config/sros2/enclaves/fleet_manager/permissions.p7s
-- Installing: /home/guang/code/ros2_ws/src/ros2_amr_framework/install/ros2_robot_middleware/share/ros2_robot_middleware/config/sros2/enclaves/fleet_manager/permissions.xml
-- Installing: /home/guang/code/ros2_ws/src/ros2_amr_framework/install/ros2_robot_middleware/share/ros2_robot_middleware/config/sros2/enclaves/fleet_manager/identity_ca.cert.pem
-- Installing: /home/guang/code/ros2_ws/src/ros2_amr_framework/install/ros2_robot_middleware/share/ros2_robot_middleware/config/sros2/enclaves/fusion
-- Installing: /home/guang/code/ros2_ws/src/ros2_amr_framework/install/ros2_robot_middleware/share/ros2_robot_middleware/config/sros2/enclaves/fusion/key.pem
-- Installing: /home/guang/code/ros2_ws/src/ros2_amr_framework/install/ros2_robot_middleware/share/ros2_robot_middleware/config/sros2/enclaves/fusion/cert.pem
-- Installing: /home/guang/code/ros2_ws/src/ros2_amr_framework/install/ros2_robot_middleware/share/ros2_robot_middleware/config/sros2/enclaves/fusion/governance.p7s
-- Installing: /home/guang/code/ros2_ws/src/ros2_amr_framework/install/ros2_robot_middleware/share/ros2_robot_middleware/config/sros2/enclaves/fusion/permissions_ca.cert.pem
-- Installing: /home/guang/code/ros2_ws/src/ros2_amr_framework/install/ros2_robot_middleware/share/ros2_robot_middleware/config/sros2/enclaves/fusion/permissions.p7s
-- Installing: /home/guang/code/ros2_ws/src/ros2_amr_framework/install/ros2_robot_middleware/share/ros2_robot_middleware/config/sros2/enclaves/fusion/permissions.xml
-- Installing: /home/guang/code/ros2_ws/src/ros2_amr_framework/install/ros2_robot_middleware/share/ros2_robot_middleware/config/sros2/enclaves/fusion/identity_ca.cert.pem
-- Installing: /home/guang/code/ros2_ws/src/ros2_amr_framework/install/ros2_robot_middleware/share/ros2_robot_middleware/config/sros2/enclaves/imu
-- Installing: /home/guang/code/ros2_ws/src/ros2_amr_framework/install/ros2_robot_middleware/share/ros2_robot_middleware/config/sros2/enclaves/imu/key.pem
-- Installing: /home/guang/code/ros2_ws/src/ros2_amr_framework/install/ros2_robot_middleware/share/ros2_robot_middleware/config/sros2/enclaves/imu/cert.pem
-- Installing: /home/guang/code/ros2_ws/src/ros2_amr_framework/install/ros2_robot_middleware/share/ros2_robot_middleware/config/sros2/enclaves/imu/governance.p7s
-- Installing: /home/guang/code/ros2_ws/src/ros2_amr_framework/install/ros2_robot_middleware/share/ros2_robot_middleware/config/sros2/enclaves/imu/permissions_ca.cert.pem
-- Installing: /home/guang/code/ros2_ws/src/ros2_amr_framework/install/ros2_robot_middleware/share/ros2_robot_middleware/config/sros2/enclaves/imu/permissions.p7s
-- Installing: /home/guang/code/ros2_ws/src/ros2_amr_framework/install/ros2_robot_middleware/share/ros2_robot_middleware/config/sros2/enclaves/imu/permissions.xml
-- Installing: /home/guang/code/ros2_ws/src/ros2_amr_framework/install/ros2_robot_middleware/share/ros2_robot_middleware/config/sros2/enclaves/imu/identity_ca.cert.pem
-- Installing: /home/guang/code/ros2_ws/src/ros2_amr_framework/install/ros2_robot_middleware/share/ros2_robot_middleware/launch
-- Installing: /home/guang/code/ros2_ws/src/ros2_amr_framework/install/ros2_robot_middleware/share/ros2_robot_middleware/launch/system.launch.py
-- Installing: /home/guang/code/ros2_ws/src/ros2_amr_framework/install/ros2_robot_middleware/share/ros2_robot_middleware/launch/system_secure.launch.py
-- Installing: /home/guang/code/ros2_ws/src/ros2_amr_framework/install/ros2_robot_middleware/share/ros2_robot_middleware/launch/simulation.launch.py
-- Installing: /home/guang/code/ros2_ws/src/ros2_amr_framework/install/ros2_robot_middleware/share/ros2_robot_middleware/launch/fleet_multi.launch.py
-- Installing: /home/guang/code/ros2_ws/src/ros2_amr_framework/install/ros2_robot_middleware/share/ament_index/resource_index/package_run_dependencies/ros2_robot_middleware
-- Installing: /home/guang/code/ros2_ws/src/ros2_amr_framework/install/ros2_robot_middleware/share/ament_index/resource_index/parent_prefix_path/ros2_robot_middleware
-- Installing: /home/guang/code/ros2_ws/src/ros2_amr_framework/install/ros2_robot_middleware/share/ros2_robot_middleware/environment/ament_prefix_path.sh
-- Installing: /home/guang/code/ros2_ws/src/ros2_amr_framework/install/ros2_robot_middleware/share/ros2_robot_middleware/environment/ament_prefix_path.dsv
-- Installing: /home/guang/code/ros2_ws/src/ros2_amr_framework/install/ros2_robot_middleware/share/ros2_robot_middleware/environment/path.sh
-- Installing: /home/guang/code/ros2_ws/src/ros2_amr_framework/install/ros2_robot_middleware/share/ros2_robot_middleware/environment/path.dsv
-- Installing: /home/guang/code/ros2_ws/src/ros2_amr_framework/install/ros2_robot_middleware/share/ros2_robot_middleware/local_setup.bash
-- Installing: /home/guang/code/ros2_ws/src/ros2_amr_framework/install/ros2_robot_middleware/share/ros2_robot_middleware/local_setup.sh
-- Installing: /home/guang/code/ros2_ws/src/ros2_amr_framework/install/ros2_robot_middleware/share/ros2_robot_middleware/local_setup.zsh
-- Installing: /home/guang/code/ros2_ws/src/ros2_amr_framework/install/ros2_robot_middleware/share/ros2_robot_middleware/local_setup.dsv
-- Installing: /home/guang/code/ros2_ws/src/ros2_amr_framework/install/ros2_robot_middleware/share/ros2_robot_middleware/package.dsv
-- Installing: /home/guang/code/ros2_ws/src/ros2_amr_framework/install/ros2_robot_middleware/share/ament_index/resource_index/packages/ros2_robot_middleware
-- Installing: /home/guang/code/ros2_ws/src/ros2_amr_framework/install/ros2_robot_middleware/share/ros2_robot_middleware/cmake/export_ros2_robot_middleware__rosidl_generator_cExport.cmake
-- Installing: /home/guang/code/ros2_ws/src/ros2_amr_framework/install/ros2_robot_middleware/share/ros2_robot_middleware/cmake/export_ros2_robot_middleware__rosidl_generator_cExport-noconfig.cmake
-- Installing: /home/guang/code/ros2_ws/src/ros2_amr_framework/install/ros2_robot_middleware/share/ros2_robot_middleware/cmake/export_ros2_robot_middleware__rosidl_typesupport_fastrtps_cExport.cmake
-- Installing: /home/guang/code/ros2_ws/src/ros2_amr_framework/install/ros2_robot_middleware/share/ros2_robot_middleware/cmake/export_ros2_robot_middleware__rosidl_typesupport_fastrtps_cExport-noconfig.cmake
-- Installing: /home/guang/code/ros2_ws/src/ros2_amr_framework/install/ros2_robot_middleware/share/ros2_robot_middleware/cmake/export_ros2_robot_middleware__rosidl_generator_cppExport.cmake
-- Installing: /home/guang/code/ros2_ws/src/ros2_amr_framework/install/ros2_robot_middleware/share/ros2_robot_middleware/cmake/export_ros2_robot_middleware__rosidl_typesupport_fastrtps_cppExport.cmake
-- Installing: /home/guang/code/ros2_ws/src/ros2_amr_framework/install/ros2_robot_middleware/share/ros2_robot_middleware/cmake/export_ros2_robot_middleware__rosidl_typesupport_fastrtps_cppExport-noconfig.cmake
-- Installing: /home/guang/code/ros2_ws/src/ros2_amr_framework/install/ros2_robot_middleware/share/ros2_robot_middleware/cmake/ros2_robot_middleware__rosidl_typesupport_introspection_cExport.cmake
-- Installing: /home/guang/code/ros2_ws/src/ros2_amr_framework/install/ros2_robot_middleware/share/ros2_robot_middleware/cmake/ros2_robot_middleware__rosidl_typesupport_introspection_cExport-noconfig.cmake
-- Installing: /home/guang/code/ros2_ws/src/ros2_amr_framework/install/ros2_robot_middleware/share/ros2_robot_middleware/cmake/ros2_robot_middleware__rosidl_typesupport_cExport.cmake
-- Installing: /home/guang/code/ros2_ws/src/ros2_amr_framework/install/ros2_robot_middleware/share/ros2_robot_middleware/cmake/ros2_robot_middleware__rosidl_typesupport_cExport-noconfig.cmake
-- Installing: /home/guang/code/ros2_ws/src/ros2_amr_framework/install/ros2_robot_middleware/share/ros2_robot_middleware/cmake/ros2_robot_middleware__rosidl_typesupport_introspection_cppExport.cmake
-- Installing: /home/guang/code/ros2_ws/src/ros2_amr_framework/install/ros2_robot_middleware/share/ros2_robot_middleware/cmake/ros2_robot_middleware__rosidl_typesupport_introspection_cppExport-noconfig.cmake
-- Installing: /home/guang/code/ros2_ws/src/ros2_amr_framework/install/ros2_robot_middleware/share/ros2_robot_middleware/cmake/ros2_robot_middleware__rosidl_typesupport_cppExport.cmake
-- Installing: /home/guang/code/ros2_ws/src/ros2_amr_framework/install/ros2_robot_middleware/share/ros2_robot_middleware/cmake/ros2_robot_middleware__rosidl_typesupport_cppExport-noconfig.cmake
-- Installing: /home/guang/code/ros2_ws/src/ros2_amr_framework/install/ros2_robot_middleware/share/ros2_robot_middleware/cmake/export_ros2_robot_middleware__rosidl_generator_pyExport.cmake
-- Installing: /home/guang/code/ros2_ws/src/ros2_amr_framework/install/ros2_robot_middleware/share/ros2_robot_middleware/cmake/export_ros2_robot_middleware__rosidl_generator_pyExport-noconfig.cmake
-- Installing: /home/guang/code/ros2_ws/src/ros2_amr_framework/install/ros2_robot_middleware/share/ros2_robot_middleware/cmake/rosidl_cmake-extras.cmake
-- Installing: /home/guang/code/ros2_ws/src/ros2_amr_framework/install/ros2_robot_middleware/share/ros2_robot_middleware/cmake/ament_cmake_export_dependencies-extras.cmake
-- Installing: /home/guang/code/ros2_ws/src/ros2_amr_framework/install/ros2_robot_middleware/share/ros2_robot_middleware/cmake/ament_cmake_export_include_directories-extras.cmake
-- Installing: /home/guang/code/ros2_ws/src/ros2_amr_framework/install/ros2_robot_middleware/share/ros2_robot_middleware/cmake/ament_cmake_export_libraries-extras.cmake
-- Installing: /home/guang/code/ros2_ws/src/ros2_amr_framework/install/ros2_robot_middleware/share/ros2_robot_middleware/cmake/ament_cmake_export_targets-extras.cmake
-- Installing: /home/guang/code/ros2_ws/src/ros2_amr_framework/install/ros2_robot_middleware/share/ros2_robot_middleware/cmake/rosidl_cmake_export_typesupport_targets-extras.cmake
-- Installing: /home/guang/code/ros2_ws/src/ros2_amr_framework/install/ros2_robot_middleware/share/ros2_robot_middleware/cmake/rosidl_cmake_export_typesupport_libraries-extras.cmake
-- Installing: /home/guang/code/ros2_ws/src/ros2_amr_framework/install/ros2_robot_middleware/share/ros2_robot_middleware/cmake/ros2_robot_middlewareConfig.cmake
-- Installing: /home/guang/code/ros2_ws/src/ros2_amr_framework/install/ros2_robot_middleware/share/ros2_robot_middleware/cmake/ros2_robot_middlewareConfig-version.cmake
-- Installing: /home/guang/code/ros2_ws/src/ros2_amr_framework/install/ros2_robot_middleware/share/ros2_robot_middleware/package.xml
