[0.010s] Invoking command in '/home/guang/code/ros2_ws/src/ros2_amr_framework/build/ros2_robot_middleware': CMAKE_PREFIX_PATH=${CMAKE_PREFIX_PATH}:/opt/ros/jazzy DEBUGINFOD_URLS=https://debuginfod.ubuntu.com /usr/bin/cmake --build /home/guang/code/ros2_ws/src/ros2_amr_framework/build/ros2_robot_middleware -- -j16 -l16
[0.061s] [  2%] Built target gtest_main
[0.061s] [  1%] Built target ros2_robot_middleware__rosidl_generator_type_description
[0.061s] [  3%] Built target ros2_robot_middleware__rs
[0.063s] [  5%] Built target gtest
[0.068s] [  5%] Built target ament_cmake_python_copy_ros2_robot_middleware
[0.076s] [  5%] Built target ros2_robot_middleware__cpp
[0.080s] [ 22%] Built target ros2_robot_middleware__rosidl_generator_c
[0.100s] [ 48%] Built target ros2_robot_middleware__rosidl_typesupport_fastrtps_cpp
[0.101s] [ 49%] Built target ros2_robot_middleware__rosidl_typesupport_fastrtps_c
[0.101s] [ 51%] Built target ros2_robot_middleware__rosidl_typesupport_c
[0.101s] [ 52%] Built target ros2_robot_middleware__rosidl_typesupport_introspection_cpp
[0.101s] [ 57%] Built target ros2_robot_middleware__rosidl_typesupport_introspection_c
[0.101s] [ 64%] Built target ros2_robot_middleware__rosidl_typesupport_cpp
[0.119s] [ 64%] Built target ros2_robot_middleware
[0.129s] [ 65%] Building CXX object CMakeFiles/compute_component.dir/src/fusion_node.cpp.o
[0.136s] [ 66%] Built target ros2_robot_middleware__py
[0.136s] [ 67%] Building CXX object CMakeFiles/robot_middleware_lib.dir/src/fusion_node.cpp.o
[0.158s] [ 74%] Built target ros2_robot_middleware__rosidl_generator_py
[0.175s] [ 79%] Built target ros2_robot_middleware_s__rosidl_typesupport_fastrtps_c
[0.175s] [ 79%] Built target ros2_robot_middleware_s__rosidl_typesupport_introspection_c
[0.175s] [ 78%] Built target ros2_robot_middleware_s__rosidl_typesupport_c
[0.200s] running egg_info
[0.211s] writing ros2_robot_middleware.egg-info/PKG-INFO
[0.211s] writing dependency_links to ros2_robot_middleware.egg-info/dependency_links.txt
[0.211s] writing top-level names to ros2_robot_middleware.egg-info/top_level.txt
[0.240s] reading manifest file 'ros2_robot_middleware.egg-info/SOURCES.txt'
[0.240s] writing manifest file 'ros2_robot_middleware.egg-info/SOURCES.txt'
[0.260s] [ 79%] Built target ament_cmake_python_build_ros2_robot_middleware_egg
[11.181s] [ 80%] Linking CXX static library librobot_middleware_lib.a
[11.261s] [ 81%] Linking CXX shared library libcompute_component.so
[11.597s] [ 87%] Built target robot_middleware_lib
[11.614s] [ 89%] Building CXX object CMakeFiles/fleet_manager_node.dir/src/fleet_manager_main.cpp.o
[11.615s] [ 89%] Building CXX object CMakeFiles/camera_node.dir/src/camera_main.cpp.o
[11.615s] [ 89%] Building CXX object CMakeFiles/health_monitor_node.dir/src/health_monitor_main.cpp.o
[11.615s] [ 89%] Building CXX object CMakeFiles/imu_node.dir/src/imu_main.cpp.o
[11.616s] [ 90%] Building CXX object CMakeFiles/lidar_node.dir/src/lidar_main.cpp.o
[11.619s] [ 91%] Building CXX object CMakeFiles/test_robot_middleware.dir/test/test_robot_middleware.cpp.o
[11.945s] [ 93%] Built target compute_component
[11.965s] [ 94%] Building CXX object CMakeFiles/compute_container.dir/src/compute_container.cpp.o
[13.811s] [ 96%] Linking CXX executable imu_node
[13.811s] [ 96%] Linking CXX executable camera_node
[13.816s] [ 97%] Linking CXX executable lidar_node
[13.914s] [ 98%] Linking CXX executable fleet_manager_node
[14.032s] [ 98%] Built target camera_node
[14.041s] [ 98%] Built target imu_node
[14.057s] [ 99%] Linking CXX executable health_monitor_node
[14.059s] [ 99%] Built target lidar_node
[14.259s] [ 99%] Built target fleet_manager_node
[14.400s] [ 99%] Built target health_monitor_node
[14.756s] [ 99%] Linking CXX executable compute_container
[15.221s] [ 99%] Built target compute_container
[26.567s] [100%] Linking CXX executable test_robot_middleware
[27.564s] [100%] Built target test_robot_middleware
[27.575s] Invoked command in '/home/guang/code/ros2_ws/src/ros2_amr_framework/build/ros2_robot_middleware' returned '0': CMAKE_PREFIX_PATH=${CMAKE_PREFIX_PATH}:/opt/ros/jazzy DEBUGINFOD_URLS=https://debuginfod.ubuntu.com /usr/bin/cmake --build /home/guang/code/ros2_ws/src/ros2_amr_framework/build/ros2_robot_middleware -- -j16 -l16
[27.585s] Invoking command in '/home/guang/code/ros2_ws/src/ros2_amr_framework/build/ros2_robot_middleware': CMAKE_PREFIX_PATH=${CMAKE_PREFIX_PATH}:/opt/ros/jazzy DEBUGINFOD_URLS=https://debuginfod.ubuntu.com /usr/bin/cmake --install /home/guang/code/ros2_ws/src/ros2_amr_framework/build/ros2_robot_middleware
[27.594s] -- Install configuration: ""
[27.594s] -- Installing: /home/guang/code/ros2_ws/src/ros2_amr_framework/install/ros2_robot_middleware/share/ament_index/resource_index/rosidl_interfaces/ros2_robot_middleware
[27.594s] -- Installing: /home/guang/code/ros2_ws/src/ros2_amr_framework/install/ros2_robot_middleware/share/ros2_robot_middleware/msg/Object.json
[27.594s] -- Installing: /home/guang/code/ros2_ws/src/ros2_amr_framework/install/ros2_robot_middleware/share/ros2_robot_middleware/msg/PerceptionObjects.json
[27.595s] -- Installing: /home/guang/code/ros2_ws/src/ros2_amr_framework/install/ros2_robot_middleware/share/ros2_robot_middleware/msg/HealthStatus.json
[27.595s] -- Installing: /home/guang/code/ros2_ws/src/ros2_amr_framework/install/ros2_robot_middleware/share/ros2_robot_middleware/msg/HealthReport.json
[27.595s] -- Installing: /home/guang/code/ros2_ws/src/ros2_amr_framework/install/ros2_robot_middleware/share/ros2_robot_middleware/srv/SetParam.json
[27.595s] -- Installing: /home/guang/code/ros2_ws/src/ros2_amr_framework/install/ros2_robot_middleware/share/ros2_robot_middleware/action/MoveToPose.json
[27.595s] -- Installing: /home/guang/code/ros2_ws/src/ros2_amr_framework/install/ros2_robot_middleware/include/ros2_robot_middleware/ros2_robot_middleware
[27.595s] -- Installing: /home/guang/code/ros2_ws/src/ros2_amr_framework/install/ros2_robot_middleware/include/ros2_robot_middleware/ros2_robot_middleware/action
[27.595s] -- Installing: /home/guang/code/ros2_ws/src/ros2_amr_framework/install/ros2_robot_middleware/include/ros2_robot_middleware/ros2_robot_middleware/action/move_to_pose.h
[27.595s] -- Installing: /home/guang/code/ros2_ws/src/ros2_amr_framework/install/ros2_robot_middleware/include/ros2_robot_middleware/ros2_robot_middleware/action/detail
[27.596s] -- Installing: /home/guang/code/ros2_ws/src/ros2_amr_framework/install/ros2_robot_middleware/include/ros2_robot_middleware/ros2_robot_middleware/action/detail/move_to_pose__struct.h
[27.596s] -- Installing: /home/guang/code/ros2_ws/src/ros2_amr_framework/install/ros2_robot_middleware/include/ros2_robot_middleware/ros2_robot_middleware/action/detail/move_to_pose__functions.h
[27.596s] -- Installing: /home/guang/code/ros2_ws/src/ros2_amr_framework/install/ros2_robot_middleware/include/ros2_robot_middleware/ros2_robot_middleware/action/detail/move_to_pose__type_support.h
[27.596s] -- Installing: /home/guang/code/ros2_ws/src/ros2_amr_framework/install/ros2_robot_middleware/include/ros2_robot_middleware/ros2_robot_middleware/action/detail/move_to_pose__description.c
[27.596s] -- Installing: /home/guang/code/ros2_ws/src/ros2_amr_framework/install/ros2_robot_middleware/include/ros2_robot_middleware/ros2_robot_middleware/action/detail/move_to_pose__functions.c
[27.596s] -- Installing: /home/guang/code/ros2_ws/src/ros2_amr_framework/install/ros2_robot_middleware/include/ros2_robot_middleware/ros2_robot_middleware/action/detail/move_to_pose__type_support.c
[27.596s] -- Installing: /home/guang/code/ros2_ws/src/ros2_amr_framework/install/ros2_robot_middleware/include/ros2_robot_middleware/ros2_robot_middleware/msg
[27.596s] -- Installing: /home/guang/code/ros2_ws/src/ros2_amr_framework/install/ros2_robot_middleware/include/ros2_robot_middleware/ros2_robot_middleware/msg/rosidl_generator_c__visibility_control.h
[27.596s] -- Installing: /home/guang/code/ros2_ws/src/ros2_amr_framework/install/ros2_robot_middleware/include/ros2_robot_middleware/ros2_robot_middleware/msg/health_status.h
[27.596s] -- Installing: /home/guang/code/ros2_ws/src/ros2_amr_framework/install/ros2_robot_middleware/include/ros2_robot_middleware/ros2_robot_middleware/msg/object.h
[27.596s] -- Installing: /home/guang/code/ros2_ws/src/ros2_amr_framework/install/ros2_robot_middleware/include/ros2_robot_middleware/ros2_robot_middleware/msg/detail
[27.596s] -- Installing: /home/guang/code/ros2_ws/src/ros2_amr_framework/install/ros2_robot_middleware/include/ros2_robot_middleware/ros2_robot_middleware/msg/detail/health_report__type_support.c
[27.597s] -- Installing: /home/guang/code/ros2_ws/src/ros2_amr_framework/install/ros2_robot_middleware/include/ros2_robot_middleware/ros2_robot_middleware/msg/detail/health_report__functions.c
[27.597s] -- Installing: /home/guang/code/ros2_ws/src/ros2_amr_framework/install/ros2_robot_middleware/include/ros2_robot_middleware/ros2_robot_middleware/msg/detail/health_report__type_support.h
[27.597s] -- Installing: /home/guang/code/ros2_ws/src/ros2_amr_framework/install/ros2_robot_middleware/include/ros2_robot_middleware/ros2_robot_middleware/msg/detail/object__struct.h
[27.597s] -- Installing: /home/guang/code/ros2_ws/src/ros2_amr_framework/install/ros2_robot_middleware/include/ros2_robot_middleware/ros2_robot_middleware/msg/detail/perception_objects__type_support.h
[27.597s] -- Installing: /home/guang/code/ros2_ws/src/ros2_amr_framework/install/ros2_robot_middleware/include/ros2_robot_middleware/ros2_robot_middleware/msg/detail/perception_objects__type_support.c
[27.597s] -- Installing: /home/guang/code/ros2_ws/src/ros2_amr_framework/install/ros2_robot_middleware/include/ros2_robot_middleware/ros2_robot_middleware/msg/detail/health_report__description.c
[27.597s] -- Installing: /home/guang/code/ros2_ws/src/ros2_amr_framework/install/ros2_robot_middleware/include/ros2_robot_middleware/ros2_robot_middleware/msg/detail/perception_objects__functions.c
[27.597s] -- Installing: /home/guang/code/ros2_ws/src/ros2_amr_framework/install/ros2_robot_middleware/include/ros2_robot_middleware/ros2_robot_middleware/msg/detail/perception_objects__description.c
[27.597s] -- Installing: /home/guang/code/ros2_ws/src/ros2_amr_framework/install/ros2_robot_middleware/include/ros2_robot_middleware/ros2_robot_middleware/msg/detail/health_status__functions.h
[27.597s] -- Installing: /home/guang/code/ros2_ws/src/ros2_amr_framework/install/ros2_robot_middleware/include/ros2_robot_middleware/ros2_robot_middleware/msg/detail/health_report__struct.h
[27.597s] -- Installing: /home/guang/code/ros2_ws/src/ros2_amr_framework/install/ros2_robot_middleware/include/ros2_robot_middleware/ros2_robot_middleware/msg/detail/object__type_support.c
[27.597s] -- Installing: /home/guang/code/ros2_ws/src/ros2_amr_framework/install/ros2_robot_middleware/include/ros2_robot_middleware/ros2_robot_middleware/msg/detail/object__functions.h
[27.597s] -- Installing: /home/guang/code/ros2_ws/src/ros2_amr_framework/install/ros2_robot_middleware/include/ros2_robot_middleware/ros2_robot_middleware/msg/detail/object__type_support.h
[27.597s] -- Installing: /home/guang/code/ros2_ws/src/ros2_amr_framework/install/ros2_robot_middleware/include/ros2_robot_middleware/ros2_robot_middleware/msg/detail/health_report__functions.h
[27.598s] -- Installing: /home/guang/code/ros2_ws/src/ros2_amr_framework/install/ros2_robot_middleware/include/ros2_robot_middleware/ros2_robot_middleware/msg/detail/object__functions.c
[27.598s] -- Installing: /home/guang/code/ros2_ws/src/ros2_amr_framework/install/ros2_robot_middleware/include/ros2_robot_middleware/ros2_robot_middleware/msg/detail/health_status__functions.c
[27.598s] -- Installing: /home/guang/code/ros2_ws/src/ros2_amr_framework/install/ros2_robot_middleware/include/ros2_robot_middleware/ros2_robot_middleware/msg/detail/perception_objects__functions.h
[27.598s] -- Installing: /home/guang/code/ros2_ws/src/ros2_amr_framework/install/ros2_robot_middleware/include/ros2_robot_middleware/ros2_robot_middleware/msg/detail/health_status__type_support.h
[27.598s] -- Installing: /home/guang/code/ros2_ws/src/ros2_amr_framework/install/ros2_robot_middleware/include/ros2_robot_middleware/ros2_robot_middleware/msg/detail/health_status__type_support.c
[27.598s] -- Installing: /home/guang/code/ros2_ws/src/ros2_amr_framework/install/ros2_robot_middleware/include/ros2_robot_middleware/ros2_robot_middleware/msg/detail/health_status__struct.h
[27.598s] -- Installing: /home/guang/code/ros2_ws/src/ros2_amr_framework/install/ros2_robot_middleware/include/ros2_robot_middleware/ros2_robot_middleware/msg/detail/object__description.c
[27.598s] -- Installing: /home/guang/code/ros2_ws/src/ros2_amr_framework/install/ros2_robot_middleware/include/ros2_robot_middleware/ros2_robot_middleware/msg/detail/perception_objects__struct.h
[27.598s] -- Installing: /home/guang/code/ros2_ws/src/ros2_amr_framework/install/ros2_robot_middleware/include/ros2_robot_middleware/ros2_robot_middleware/msg/detail/health_status__description.c
[27.598s] -- Installing: /home/guang/code/ros2_ws/src/ros2_amr_framework/install/ros2_robot_middleware/include/ros2_robot_middleware/ros2_robot_middleware/msg/perception_objects.h
[27.598s] -- Installing: /home/guang/code/ros2_ws/src/ros2_amr_framework/install/ros2_robot_middleware/include/ros2_robot_middleware/ros2_robot_middleware/msg/health_report.h
[27.598s] -- Installing: /home/guang/code/ros2_ws/src/ros2_amr_framework/install/ros2_robot_middleware/include/ros2_robot_middleware/ros2_robot_middleware/srv
[27.598s] -- Installing: /home/guang/code/ros2_ws/src/ros2_amr_framework/install/ros2_robot_middleware/include/ros2_robot_middleware/ros2_robot_middleware/srv/detail
[27.598s] -- Installing: /home/guang/code/ros2_ws/src/ros2_amr_framework/install/ros2_robot_middleware/include/ros2_robot_middleware/ros2_robot_middleware/srv/detail/set_param__functions.c
[27.598s] -- Installing: /home/guang/code/ros2_ws/src/ros2_amr_framework/install/ros2_robot_middleware/include/ros2_robot_middleware/ros2_robot_middleware/srv/detail/set_param__type_support.h
[27.598s] -- Installing: /home/guang/code/ros2_ws/src/ros2_amr_framework/install/ros2_robot_middleware/include/ros2_robot_middleware/ros2_robot_middleware/srv/detail/set_param__description.c
[27.598s] -- Installing: /home/guang/code/ros2_ws/src/ros2_amr_framework/install/ros2_robot_middleware/include/ros2_robot_middleware/ros2_robot_middleware/srv/detail/set_param__type_support.c
[27.598s] -- Installing: /home/guang/code/ros2_ws/src/ros2_amr_framework/install/ros2_robot_middleware/include/ros2_robot_middleware/ros2_robot_middleware/srv/detail/set_param__functions.h
[27.598s] -- Installing: /home/guang/code/ros2_ws/src/ros2_amr_framework/install/ros2_robot_middleware/include/ros2_robot_middleware/ros2_robot_middleware/srv/detail/set_param__struct.h
[27.598s] -- Installing: /home/guang/code/ros2_ws/src/ros2_amr_framework/install/ros2_robot_middleware/include/ros2_robot_middleware/ros2_robot_middleware/srv/set_param.h
[27.598s] -- Installing: /home/guang/code/ros2_ws/src/ros2_amr_framework/install/ros2_robot_middleware/share/ros2_robot_middleware/environment/library_path.sh
[27.598s] -- Installing: /home/guang/code/ros2_ws/src/ros2_amr_framework/install/ros2_robot_middleware/share/ros2_robot_middleware/environment/library_path.dsv
[27.599s] -- Installing: /home/guang/code/ros2_ws/src/ros2_amr_framework/install/ros2_robot_middleware/lib/libros2_robot_middleware__rosidl_generator_c.so
[27.599s] -- Set non-toolchain portion of runtime path of "/home/guang/code/ros2_ws/src/ros2_amr_framework/install/ros2_robot_middleware/lib/libros2_robot_middleware__rosidl_generator_c.so" to ""
[27.599s] -- Up-to-date: /home/guang/code/ros2_ws/src/ros2_amr_framework/install/ros2_robot_middleware/include/ros2_robot_middleware/ros2_robot_middleware
[27.599s] -- Up-to-date: /home/guang/code/ros2_ws/src/ros2_amr_framework/install/ros2_robot_middleware/include/ros2_robot_middleware/ros2_robot_middleware/action
[27.599s] -- Up-to-date: /home/guang/code/ros2_ws/src/ros2_amr_framework/install/ros2_robot_middleware/include/ros2_robot_middleware/ros2_robot_middleware/action/detail
[27.599s] -- Installing: /home/guang/code/ros2_ws/src/ros2_amr_framework/install/ros2_robot_middleware/include/ros2_robot_middleware/ros2_robot_middleware/action/detail/move_to_pose__rosidl_typesupport_fastrtps_c.h
[27.599s] -- Up-to-date: /home/guang/code/ros2_ws/src/ros2_amr_framework/install/ros2_robot_middleware/include/ros2_robot_middleware/ros2_robot_middleware/msg
[27.599s] -- Installing: /home/guang/code/ros2_ws/src/ros2_amr_framework/install/ros2_robot_middleware/include/ros2_robot_middleware/ros2_robot_middleware/msg/rosidl_typesupport_fastrtps_c__visibility_control.h
[27.599s] -- Up-to-date: /home/guang/code/ros2_ws/src/ros2_amr_framework/install/ros2_robot_middleware/include/ros2_robot_middleware/ros2_robot_middleware/msg/detail
[27.599s] -- Installing: /home/guang/code/ros2_ws/src/ros2_amr_framework/install/ros2_robot_middleware/include/ros2_robot_middleware/ros2_robot_middleware/msg/detail/object__rosidl_typesupport_fastrtps_c.h
[27.599s] -- Installing: /home/guang/code/ros2_ws/src/ros2_amr_framework/install/ros2_robot_middleware/include/ros2_robot_middleware/ros2_robot_middleware/msg/detail/health_status__rosidl_typesupport_fastrtps_c.h
[27.599s] -- Installing: /home/guang/code/ros2_ws/src/ros2_amr_framework/install/ros2_robot_middleware/include/ros2_robot_middleware/ros2_robot_middleware/msg/detail/health_report__rosidl_typesupport_fastrtps_c.h
[27.599s] -- Installing: /home/guang/code/ros2_ws/src/ros2_amr_framework/install/ros2_robot_middleware/include/ros2_robot_middleware/ros2_robot_middleware/msg/detail/perception_objects__rosidl_typesupport_fastrtps_c.h
[27.599s] -- Up-to-date: /home/guang/code/ros2_ws/src/ros2_amr_framework/install/ros2_robot_middleware/include/ros2_robot_middleware/ros2_robot_middleware/srv
[27.599s] -- Up-to-date: /home/guang/code/ros2_ws/src/ros2_amr_framework/install/ros2_robot_middleware/include/ros2_robot_middleware/ros2_robot_middleware/srv/detail
[27.600s] -- Installing: /home/guang/code/ros2_ws/src/ros2_amr_framework/install/ros2_robot_middleware/include/ros2_robot_middleware/ros2_robot_middleware/srv/detail/set_param__rosidl_typesupport_fastrtps_c.h
[27.600s] -- Installing: /home/guang/code/ros2_ws/src/ros2_amr_framework/install/ros2_robot_middleware/lib/libros2_robot_middleware__rosidl_typesupport_fastrtps_c.so
[27.600s] -- Set non-toolchain portion of runtime path of "/home/guang/code/ros2_ws/src/ros2_amr_framework/install/ros2_robot_middleware/lib/libros2_robot_middleware__rosidl_typesupport_fastrtps_c.so" to ""
[27.600s] -- Up-to-date: /home/guang/code/ros2_ws/src/ros2_amr_framework/install/ros2_robot_middleware/include/ros2_robot_middleware/ros2_robot_middleware
[27.600s] -- Up-to-date: /home/guang/code/ros2_ws/src/ros2_amr_framework/install/ros2_robot_middleware/include/ros2_robot_middleware/ros2_robot_middleware/action
[27.600s] -- Installing: /home/guang/code/ros2_ws/src/ros2_amr_framework/install/ros2_robot_middleware/include/ros2_robot_middleware/ros2_robot_middleware/action/move_to_pose.hpp
[27.600s] -- Up-to-date: /home/guang/code/ros2_ws/src/ros2_amr_framework/install/ros2_robot_middleware/include/ros2_robot_middleware/ros2_robot_middleware/action/detail
[27.600s] -- Installing: /home/guang/code/ros2_ws/src/ros2_amr_framework/install/ros2_robot_middleware/include/ros2_robot_middleware/ros2_robot_middleware/action/detail/move_to_pose__struct.hpp
[27.600s] -- Installing: /home/guang/code/ros2_ws/src/ros2_amr_framework/install/ros2_robot_middleware/include/ros2_robot_middleware/ros2_robot_middleware/action/detail/move_to_pose__builder.hpp
[27.600s] -- Installing: /home/guang/code/ros2_ws/src/ros2_amr_framework/install/ros2_robot_middleware/include/ros2_robot_middleware/ros2_robot_middleware/action/detail/move_to_pose__type_support.hpp
[27.600s] -- Installing: /home/guang/code/ros2_ws/src/ros2_amr_framework/install/ros2_robot_middleware/include/ros2_robot_middleware/ros2_robot_middleware/action/detail/move_to_pose__traits.hpp
[27.600s] -- Up-to-date: /home/guang/code/ros2_ws/src/ros2_amr_framework/install/ros2_robot_middleware/include/ros2_robot_middleware/ros2_robot_middleware/msg
[27.600s] -- Installing: /home/guang/code/ros2_ws/src/ros2_amr_framework/install/ros2_robot_middleware/include/ros2_robot_middleware/ros2_robot_middleware/msg/object.hpp
[27.600s] -- Installing: /home/guang/code/ros2_ws/src/ros2_amr_framework/install/ros2_robot_middleware/include/ros2_robot_middleware/ros2_robot_middleware/msg/rosidl_generator_cpp__visibility_control.hpp
[27.600s] -- Installing: /home/guang/code/ros2_ws/src/ros2_amr_framework/install/ros2_robot_middleware/include/ros2_robot_middleware/ros2_robot_middleware/msg/perception_objects.hpp
[27.600s] -- Installing: /home/guang/code/ros2_ws/src/ros2_amr_framework/install/ros2_robot_middleware/include/ros2_robot_middleware/ros2_robot_middleware/msg/health_report.hpp
[27.600s] -- Up-to-date: /home/guang/code/ros2_ws/src/ros2_amr_framework/install/ros2_robot_middleware/include/ros2_robot_middleware/ros2_robot_middleware/msg/detail
[27.600s] -- Installing: /home/guang/code/ros2_ws/src/ros2_amr_framework/install/ros2_robot_middleware/include/ros2_robot_middleware/ros2_robot_middleware/msg/detail/perception_objects__builder.hpp
[27.601s] -- Installing: /home/guang/code/ros2_ws/src/ros2_amr_framework/install/ros2_robot_middleware/include/ros2_robot_middleware/ros2_robot_middleware/msg/detail/health_status__builder.hpp
[27.601s] -- Installing: /home/guang/code/ros2_ws/src/ros2_amr_framework/install/ros2_robot_middleware/include/ros2_robot_middleware/ros2_robot_middleware/msg/detail/object__struct.hpp
[27.601s] -- Installing: /home/guang/code/ros2_ws/src/ros2_amr_framework/install/ros2_robot_middleware/include/ros2_robot_middleware/ros2_robot_middleware/msg/detail/health_status__type_support.hpp
[27.601s] -- Installing: /home/guang/code/ros2_ws/src/ros2_amr_framework/install/ros2_robot_middleware/include/ros2_robot_middleware/ros2_robot_middleware/msg/detail/object__type_support.hpp
[27.601s] -- Installing: /home/guang/code/ros2_ws/src/ros2_amr_framework/install/ros2_robot_middleware/include/ros2_robot_middleware/ros2_robot_middleware/msg/detail/perception_objects__struct.hpp
[27.601s] -- Installing: /home/guang/code/ros2_ws/src/ros2_amr_framework/install/ros2_robot_middleware/include/ros2_robot_middleware/ros2_robot_middleware/msg/detail/object__traits.hpp
[27.601s] -- Installing: /home/guang/code/ros2_ws/src/ros2_amr_framework/install/ros2_robot_middleware/include/ros2_robot_middleware/ros2_robot_middleware/msg/detail/object__builder.hpp
[27.601s] -- Installing: /home/guang/code/ros2_ws/src/ros2_amr_framework/install/ros2_robot_middleware/include/ros2_robot_middleware/ros2_robot_middleware/msg/detail/health_report__type_support.hpp
[27.602s] -- Installing: /home/guang/code/ros2_ws/src/ros2_amr_framework/install/ros2_robot_middleware/include/ros2_robot_middleware/ros2_robot_middleware/msg/detail/health_status__struct.hpp
[27.602s] -- Installing: /home/guang/code/ros2_ws/src/ros2_amr_framework/install/ros2_robot_middleware/include/ros2_robot_middleware/ros2_robot_middleware/msg/detail/perception_objects__type_support.hpp
[27.602s] -- Installing: /home/guang/code/ros2_ws/src/ros2_amr_framework/install/ros2_robot_middleware/include/ros2_robot_middleware/ros2_robot_middleware/msg/detail/health_report__struct.hpp
[27.602s] -- Installing: /home/guang/code/ros2_ws/src/ros2_amr_framework/install/ros2_robot_middleware/include/ros2_robot_middleware/ros2_robot_middleware/msg/detail/health_report__traits.hpp
[27.602s] -- Installing: /home/guang/code/ros2_ws/src/ros2_amr_framework/install/ros2_robot_middleware/include/ros2_robot_middleware/ros2_robot_middleware/msg/detail/health_report__builder.hpp
[27.602s] -- Installing: /home/guang/code/ros2_ws/src/ros2_amr_framework/install/ros2_robot_middleware/include/ros2_robot_middleware/ros2_robot_middleware/msg/detail/health_status__traits.hpp
[27.602s] -- Installing: /home/guang/code/ros2_ws/src/ros2_amr_framework/install/ros2_robot_middleware/include/ros2_robot_middleware/ros2_robot_middleware/msg/detail/perception_objects__traits.hpp
[27.602s] -- Installing: /home/guang/code/ros2_ws/src/ros2_amr_framework/install/ros2_robot_middleware/include/ros2_robot_middleware/ros2_robot_middleware/msg/health_status.hpp
[27.602s] -- Up-to-date: /home/guang/code/ros2_ws/src/ros2_amr_framework/install/ros2_robot_middleware/include/ros2_robot_middleware/ros2_robot_middleware/srv
[27.602s] -- Installing: /home/guang/code/ros2_ws/src/ros2_amr_framework/install/ros2_robot_middleware/include/ros2_robot_middleware/ros2_robot_middleware/srv/set_param.hpp
[27.602s] -- Up-to-date: /home/guang/code/ros2_ws/src/ros2_amr_framework/install/ros2_robot_middleware/include/ros2_robot_middleware/ros2_robot_middleware/srv/detail
[27.602s] -- Installing: /home/guang/code/ros2_ws/src/ros2_amr_framework/install/ros2_robot_middleware/include/ros2_robot_middleware/ros2_robot_middleware/srv/detail/set_param__builder.hpp
[27.602s] -- Installing: /home/guang/code/ros2_ws/src/ros2_amr_framework/install/ros2_robot_middleware/include/ros2_robot_middleware/ros2_robot_middleware/srv/detail/set_param__traits.hpp
[27.602s] -- Installing: /home/guang/code/ros2_ws/src/ros2_amr_framework/install/ros2_robot_middleware/include/ros2_robot_middleware/ros2_robot_middleware/srv/detail/set_param__type_support.hpp
[27.602s] -- Installing: /home/guang/code/ros2_ws/src/ros2_amr_framework/install/ros2_robot_middleware/include/ros2_robot_middleware/ros2_robot_middleware/srv/detail/set_param__struct.hpp
[27.602s] -- Up-to-date: /home/guang/code/ros2_ws/src/ros2_amr_framework/install/ros2_robot_middleware/include/ros2_robot_middleware/ros2_robot_middleware
[27.602s] -- Up-to-date: /home/guang/code/ros2_ws/src/ros2_amr_framework/install/ros2_robot_middleware/include/ros2_robot_middleware/ros2_robot_middleware/action
[27.602s] -- Up-to-date: /home/guang/code/ros2_ws/src/ros2_amr_framework/install/ros2_robot_middleware/include/ros2_robot_middleware/ros2_robot_middleware/action/detail
[27.602s] -- Installing: /home/guang/code/ros2_ws/src/ros2_amr_framework/install/ros2_robot_middleware/include/ros2_robot_middleware/ros2_robot_middleware/action/detail/move_to_pose__rosidl_typesupport_fastrtps_cpp.hpp
[27.602s] -- Installing: /home/guang/code/ros2_ws/src/ros2_amr_framework/install/ros2_robot_middleware/include/ros2_robot_middleware/ros2_robot_middleware/action/detail/dds_fastrtps
[27.602s] -- Up-to-date: /home/guang/code/ros2_ws/src/ros2_amr_framework/install/ros2_robot_middleware/include/ros2_robot_middleware/ros2_robot_middleware/msg
[27.603s] -- Up-to-date: /home/guang/code/ros2_ws/src/ros2_amr_framework/install/ros2_robot_middleware/include/ros2_robot_middleware/ros2_robot_middleware/msg/detail
[27.603s] -- Installing: /home/guang/code/ros2_ws/src/ros2_amr_framework/install/ros2_robot_middleware/include/ros2_robot_middleware/ros2_robot_middleware/msg/detail/perception_objects__rosidl_typesupport_fastrtps_cpp.hpp
[27.603s] -- Installing: /home/guang/code/ros2_ws/src/ros2_amr_framework/install/ros2_robot_middleware/include/ros2_robot_middleware/ros2_robot_middleware/msg/detail/health_report__rosidl_typesupport_fastrtps_cpp.hpp
[27.603s] -- Installing: /home/guang/code/ros2_ws/src/ros2_amr_framework/install/ros2_robot_middleware/include/ros2_robot_middleware/ros2_robot_middleware/msg/detail/object__rosidl_typesupport_fastrtps_cpp.hpp
[27.603s] -- Installing: /home/guang/code/ros2_ws/src/ros2_amr_framework/install/ros2_robot_middleware/include/ros2_robot_middleware/ros2_robot_middleware/msg/detail/health_status__rosidl_typesupport_fastrtps_cpp.hpp
[27.603s] -- Installing: /home/guang/code/ros2_ws/src/ros2_amr_framework/install/ros2_robot_middleware/include/ros2_robot_middleware/ros2_robot_middleware/msg/detail/dds_fastrtps
[27.603s] -- Installing: /home/guang/code/ros2_ws/src/ros2_amr_framework/install/ros2_robot_middleware/include/ros2_robot_middleware/ros2_robot_middleware/msg/rosidl_typesupport_fastrtps_cpp__visibility_control.h
[27.603s] -- Up-to-date: /home/guang/code/ros2_ws/src/ros2_amr_framework/install/ros2_robot_middleware/include/ros2_robot_middleware/ros2_robot_middleware/srv
[27.603s] -- Up-to-date: /home/guang/code/ros2_ws/src/ros2_amr_framework/install/ros2_robot_middleware/include/ros2_robot_middleware/ros2_robot_middleware/srv/detail
[27.603s] -- Installing: /home/guang/code/ros2_ws/src/ros2_amr_framework/install/ros2_robot_middleware/include/ros2_robot_middleware/ros2_robot_middleware/srv/detail/set_param__rosidl_typesupport_fastrtps_cpp.hpp
[27.603s] -- Installing: /home/guang/code/ros2_ws/src/ros2_amr_framework/install/ros2_robot_middleware/include/ros2_robot_middleware/ros2_robot_middleware/srv/detail/dds_fastrtps
[27.603s] -- Installing: /home/guang/code/ros2_ws/src/ros2_amr_framework/install/ros2_robot_middleware/lib/libros2_robot_middleware__rosidl_typesupport_fastrtps_cpp.so
[27.604s] -- Set non-toolchain portion of runtime path of "/home/guang/code/ros2_ws/src/ros2_amr_framework/install/ros2_robot_middleware/lib/libros2_robot_middleware__rosidl_typesupport_fastrtps_cpp.so" to ""
[27.604s] -- Up-to-date: /home/guang/code/ros2_ws/src/ros2_amr_framework/install/ros2_robot_middleware/include/ros2_robot_middleware/ros2_robot_middleware
[27.604s] -- Up-to-date: /home/guang/code/ros2_ws/src/ros2_amr_framework/install/ros2_robot_middleware/include/ros2_robot_middleware/ros2_robot_middleware/action
[27.604s] -- Up-to-date: /home/guang/code/ros2_ws/src/ros2_amr_framework/install/ros2_robot_middleware/include/ros2_robot_middleware/ros2_robot_middleware/action/detail
[27.604s] -- Installing: /home/guang/code/ros2_ws/src/ros2_amr_framework/install/ros2_robot_middleware/include/ros2_robot_middleware/ros2_robot_middleware/action/detail/move_to_pose__rosidl_typesupport_introspection_c.h
[27.604s] -- Up-to-date: /home/guang/code/ros2_ws/src/ros2_amr_framework/install/ros2_robot_middleware/include/ros2_robot_middleware/ros2_robot_middleware/action/detail/move_to_pose__type_support.c
[27.604s] -- Up-to-date: /home/guang/code/ros2_ws/src/ros2_amr_framework/install/ros2_robot_middleware/include/ros2_robot_middleware/ros2_robot_middleware/msg
[27.604s] -- Installing: /home/guang/code/ros2_ws/src/ros2_amr_framework/install/ros2_robot_middleware/include/ros2_robot_middleware/ros2_robot_middleware/msg/rosidl_typesupport_introspection_c__visibility_control.h
[27.604s] -- Up-to-date: /home/guang/code/ros2_ws/src/ros2_amr_framework/install/ros2_robot_middleware/include/ros2_robot_middleware/ros2_robot_middleware/msg/detail
[27.604s] -- Up-to-date: /home/guang/code/ros2_ws/src/ros2_amr_framework/install/ros2_robot_middleware/include/ros2_robot_middleware/ros2_robot_middleware/msg/detail/health_report__type_support.c
[27.605s] -- Up-to-date: /home/guang/code/ros2_ws/src/ros2_amr_framework/install/ros2_robot_middleware/include/ros2_robot_middleware/ros2_robot_middleware/msg/detail/perception_objects__type_support.c
[27.605s] -- Installing: /home/guang/code/ros2_ws/src/ros2_amr_framework/install/ros2_robot_middleware/include/ros2_robot_middleware/ros2_robot_middleware/msg/detail/health_report__rosidl_typesupport_introspection_c.h
[27.605s] -- Up-to-date: /home/guang/code/ros2_ws/src/ros2_amr_framework/install/ros2_robot_middleware/include/ros2_robot_middleware/ros2_robot_middleware/msg/detail/object__type_support.c
[27.605s] -- Installing: /home/guang/code/ros2_ws/src/ros2_amr_framework/install/ros2_robot_middleware/include/ros2_robot_middleware/ros2_robot_middleware/msg/detail/health_status__rosidl_typesupport_introspection_c.h
[27.605s] -- Installing: /home/guang/code/ros2_ws/src/ros2_amr_framework/install/ros2_robot_middleware/include/ros2_robot_middleware/ros2_robot_middleware/msg/detail/perception_objects__rosidl_typesupport_introspection_c.h
[27.605s] -- Up-to-date: /home/guang/code/ros2_ws/src/ros2_amr_framework/install/ros2_robot_middleware/include/ros2_robot_middleware/ros2_robot_middleware/msg/detail/health_status__type_support.c
[27.605s] -- Installing: /home/guang/code/ros2_ws/src/ros2_amr_framework/install/ros2_robot_middleware/include/ros2_robot_middleware/ros2_robot_middleware/msg/detail/object__rosidl_typesupport_introspection_c.h
[27.605s] -- Up-to-date: /home/guang/code/ros2_ws/src/ros2_amr_framework/install/ros2_robot_middleware/include/ros2_robot_middleware/ros2_robot_middleware/srv
[27.605s] -- Up-to-date: /home/guang/code/ros2_ws/src/ros2_amr_framework/install/ros2_robot_middleware/include/ros2_robot_middleware/ros2_robot_middleware/srv/detail
[27.605s] -- Up-to-date: /home/guang/code/ros2_ws/src/ros2_amr_framework/install/ros2_robot_middleware/include/ros2_robot_middleware/ros2_robot_middleware/srv/detail/set_param__type_support.c
[27.605s] -- Installing: /home/guang/code/ros2_ws/src/ros2_amr_framework/install/ros2_robot_middleware/include/ros2_robot_middleware/ros2_robot_middleware/srv/detail/set_param__rosidl_typesupport_introspection_c.h
[27.605s] -- Installing: /home/guang/code/ros2_ws/src/ros2_amr_framework/install/ros2_robot_middleware/lib/libros2_robot_middleware__rosidl_typesupport_introspection_c.so
[27.605s] -- Set non-toolchain portion of runtime path of "/home/guang/code/ros2_ws/src/ros2_amr_framework/install/ros2_robot_middleware/lib/libros2_robot_middleware__rosidl_typesupport_introspection_c.so" to ""
[27.605s] -- Installing: /home/guang/code/ros2_ws/src/ros2_amr_framework/install/ros2_robot_middleware/lib/libros2_robot_middleware__rosidl_typesupport_c.so
[27.605s] -- Set non-toolchain portion of runtime path of "/home/guang/code/ros2_ws/src/ros2_amr_framework/install/ros2_robot_middleware/lib/libros2_robot_middleware__rosidl_typesupport_c.so" to ""
[27.605s] -- Up-to-date: /home/guang/code/ros2_ws/src/ros2_amr_framework/install/ros2_robot_middleware/include/ros2_robot_middleware/ros2_robot_middleware
[27.605s] -- Up-to-date: /home/guang/code/ros2_ws/src/ros2_amr_framework/install/ros2_robot_middleware/include/ros2_robot_middleware/ros2_robot_middleware/action
[27.605s] -- Up-to-date: /home/guang/code/ros2_ws/src/ros2_amr_framework/install/ros2_robot_middleware/include/ros2_robot_middleware/ros2_robot_middleware/action/detail
[27.605s] -- Installing: /home/guang/code/ros2_ws/src/ros2_amr_framework/install/ros2_robot_middleware/include/ros2_robot_middleware/ros2_robot_middleware/action/detail/move_to_pose__rosidl_typesupport_introspection_cpp.hpp
[27.605s] -- Installing: /home/guang/code/ros2_ws/src/ros2_amr_framework/install/ros2_robot_middleware/include/ros2_robot_middleware/ros2_robot_middleware/action/detail/move_to_pose__type_support.cpp
[27.605s] -- Up-to-date: /home/guang/code/ros2_ws/src/ros2_amr_framework/install/ros2_robot_middleware/include/ros2_robot_middleware/ros2_robot_middleware/msg
[27.605s] -- Up-to-date: /home/guang/code/ros2_ws/src/ros2_amr_framework/install/ros2_robot_middleware/include/ros2_robot_middleware/ros2_robot_middleware/msg/detail
[27.606s] -- Installing: /home/guang/code/ros2_ws/src/ros2_amr_framework/install/ros2_robot_middleware/include/ros2_robot_middleware/ros2_robot_middleware/msg/detail/health_status__rosidl_typesupport_introspection_cpp.hpp
[27.606s] -- Installing: /home/guang/code/ros2_ws/src/ros2_amr_framework/install/ros2_robot_middleware/include/ros2_robot_middleware/ros2_robot_middleware/msg/detail/health_status__type_support.cpp
[27.606s] -- Installing: /home/guang/code/ros2_ws/src/ros2_amr_framework/install/ros2_robot_middleware/include/ros2_robot_middleware/ros2_robot_middleware/msg/detail/perception_objects__rosidl_typesupport_introspection_cpp.hpp
[27.606s] -- Installing: /home/guang/code/ros2_ws/src/ros2_amr_framework/install/ros2_robot_middleware/include/ros2_robot_middleware/ros2_robot_middleware/msg/detail/object__rosidl_typesupport_introspection_cpp.hpp
[27.606s] -- Installing: /home/guang/code/ros2_ws/src/ros2_amr_framework/install/ros2_robot_middleware/include/ros2_robot_middleware/ros2_robot_middleware/msg/detail/health_report__type_support.cpp
[27.606s] -- Installing: /home/guang/code/ros2_ws/src/ros2_amr_framework/install/ros2_robot_middleware/include/ros2_robot_middleware/ros2_robot_middleware/msg/detail/health_report__rosidl_typesupport_introspection_cpp.hpp
[27.606s] -- Installing: /home/guang/code/ros2_ws/src/ros2_amr_framework/install/ros2_robot_middleware/include/ros2_robot_middleware/ros2_robot_middleware/msg/detail/perception_objects__type_support.cpp
[27.606s] -- Installing: /home/guang/code/ros2_ws/src/ros2_amr_framework/install/ros2_robot_middleware/include/ros2_robot_middleware/ros2_robot_middleware/msg/detail/object__type_support.cpp
[27.606s] -- Up-to-date: /home/guang/code/ros2_ws/src/ros2_amr_framework/install/ros2_robot_middleware/include/ros2_robot_middleware/ros2_robot_middleware/srv
[27.606s] -- Up-to-date: /home/guang/code/ros2_ws/src/ros2_amr_framework/install/ros2_robot_middleware/include/ros2_robot_middleware/ros2_robot_middleware/srv/detail
[27.606s] -- Installing: /home/guang/code/ros2_ws/src/ros2_amr_framework/install/ros2_robot_middleware/include/ros2_robot_middleware/ros2_robot_middleware/srv/detail/set_param__type_support.cpp
[27.606s] -- Installing: /home/guang/code/ros2_ws/src/ros2_amr_framework/install/ros2_robot_middleware/include/ros2_robot_middleware/ros2_robot_middleware/srv/detail/set_param__rosidl_typesupport_introspection_cpp.hpp
[27.606s] -- Installing: /home/guang/code/ros2_ws/src/ros2_amr_framework/install/ros2_robot_middleware/lib/libros2_robot_middleware__rosidl_typesupport_introspection_cpp.so
[27.606s] -- Set non-toolchain portion of runtime path of "/home/guang/code/ros2_ws/src/ros2_amr_framework/install/ros2_robot_middleware/lib/libros2_robot_middleware__rosidl_typesupport_introspection_cpp.so" to ""
[27.606s] -- Installing: /home/guang/code/ros2_ws/src/ros2_amr_framework/install/ros2_robot_middleware/lib/libros2_robot_middleware__rosidl_typesupport_cpp.so
[27.607s] -- Set non-toolchain portion of runtime path of "/home/guang/code/ros2_ws/src/ros2_amr_framework/install/ros2_robot_middleware/lib/libros2_robot_middleware__rosidl_typesupport_cpp.so" to ""
[27.607s] -- Installing: /home/guang/code/ros2_ws/src/ros2_amr_framework/install/ros2_robot_middleware/share/ros2_robot_middleware/environment/pythonpath.sh
[27.607s] -- Installing: /home/guang/code/ros2_ws/src/ros2_amr_framework/install/ros2_robot_middleware/share/ros2_robot_middleware/environment/pythonpath.dsv
[27.607s] -- Installing: /home/guang/code/ros2_ws/src/ros2_amr_framework/install/ros2_robot_middleware/lib/python3.12/site-packages/ros2_robot_middleware-0.3.0-py3.12.egg-info
[27.607s] -- Installing: /home/guang/code/ros2_ws/src/ros2_amr_framework/install/ros2_robot_middleware/lib/python3.12/site-packages/ros2_robot_middleware-0.3.0-py3.12.egg-info/PKG-INFO
[27.607s] -- Installing: /home/guang/code/ros2_ws/src/ros2_amr_framework/install/ros2_robot_middleware/lib/python3.12/site-packages/ros2_robot_middleware-0.3.0-py3.12.egg-info/top_level.txt
[27.607s] -- Installing: /home/guang/code/ros2_ws/src/ros2_amr_framework/install/ros2_robot_middleware/lib/python3.12/site-packages/ros2_robot_middleware-0.3.0-py3.12.egg-info/dependency_links.txt
[27.607s] -- Installing: /home/guang/code/ros2_ws/src/ros2_amr_framework/install/ros2_robot_middleware/lib/python3.12/site-packages/ros2_robot_middleware-0.3.0-py3.12.egg-info/SOURCES.txt
[27.607s] -- Installing: /home/guang/code/ros2_ws/src/ros2_amr_framework/install/ros2_robot_middleware/lib/python3.12/site-packages/ros2_robot_middleware
[27.608s] -- Installing: /home/guang/code/ros2_ws/src/ros2_amr_framework/install/ros2_robot_middleware/lib/python3.12/site-packages/ros2_robot_middleware/ros2_robot_middleware_s__rosidl_typesupport_introspection_c.so
[27.608s] -- Installing: /home/guang/code/ros2_ws/src/ros2_amr_framework/install/ros2_robot_middleware/lib/python3.12/site-packages/ros2_robot_middleware/_ros2_robot_middleware_s.ep.rosidl_typesupport_c.c
[27.608s] -- Installing: /home/guang/code/ros2_ws/src/ros2_amr_framework/install/ros2_robot_middleware/lib/python3.12/site-packages/ros2_robot_middleware/ros2_robot_middleware_s__rosidl_typesupport_fastrtps_c.so
[27.608s] -- Installing: /home/guang/code/ros2_ws/src/ros2_amr_framework/install/ros2_robot_middleware/lib/python3.12/site-packages/ros2_robot_middleware/_ros2_robot_middleware_s.ep.rosidl_typesupport_introspection_c.c
[27.608s] -- Installing: /home/guang/code/ros2_ws/src/ros2_amr_framework/install/ros2_robot_middleware/lib/python3.12/site-packages/ros2_robot_middleware/__init__.py
[27.608s] -- Installing: /home/guang/code/ros2_ws/src/ros2_amr_framework/install/ros2_robot_middleware/lib/python3.12/site-packages/ros2_robot_middleware/ros2_robot_middleware_s__rosidl_typesupport_c.so
[27.608s] -- Installing: /home/guang/code/ros2_ws/src/ros2_amr_framework/install/ros2_robot_middleware/lib/python3.12/site-packages/ros2_robot_middleware/action
[27.608s] -- Installing: /home/guang/code/ros2_ws/src/ros2_amr_framework/install/ros2_robot_middleware/lib/python3.12/site-packages/ros2_robot_middleware/action/_move_to_pose_s.c
[27.608s] -- Installing: /home/guang/code/ros2_ws/src/ros2_amr_framework/install/ros2_robot_middleware/lib/python3.12/site-packages/ros2_robot_middleware/action/_move_to_pose.py
[27.609s] -- Installing: /home/guang/code/ros2_ws/src/ros2_amr_framework/install/ros2_robot_middleware/lib/python3.12/site-packages/ros2_robot_middleware/action/__init__.py
[27.609s] -- Installing: /home/guang/code/ros2_ws/src/ros2_amr_framework/install/ros2_robot_middleware/lib/python3.12/site-packages/ros2_robot_middleware/msg
[27.609s] -- Installing: /home/guang/code/ros2_ws/src/ros2_amr_framework/install/ros2_robot_middleware/lib/python3.12/site-packages/ros2_robot_middleware/msg/_object.py
[27.609s] -- Installing: /home/guang/code/ros2_ws/src/ros2_amr_framework/install/ros2_robot_middleware/lib/python3.12/site-packages/ros2_robot_middleware/msg/_health_status.py
[27.609s] -- Installing: /home/guang/code/ros2_ws/src/ros2_amr_framework/install/ros2_robot_middleware/lib/python3.12/site-packages/ros2_robot_middleware/msg/_perception_objects.py
[27.609s] -- Installing: /home/guang/code/ros2_ws/src/ros2_amr_framework/install/ros2_robot_middleware/lib/python3.12/site-packages/ros2_robot_middleware/msg/_perception_objects_s.c
[27.609s] -- Installing: /home/guang/code/ros2_ws/src/ros2_amr_framework/install/ros2_robot_middleware/lib/python3.12/site-packages/ros2_robot_middleware/msg/_object_s.c
[27.609s] -- Installing: /home/guang/code/ros2_ws/src/ros2_amr_framework/install/ros2_robot_middleware/lib/python3.12/site-packages/ros2_robot_middleware/msg/__init__.py
[27.610s] -- Installing: /home/guang/code/ros2_ws/src/ros2_amr_framework/install/ros2_robot_middleware/lib/python3.12/site-packages/ros2_robot_middleware/msg/_health_report.py
[27.610s] -- Installing: /home/guang/code/ros2_ws/src/ros2_amr_framework/install/ros2_robot_middleware/lib/python3.12/site-packages/ros2_robot_middleware/msg/_health_report_s.c
[27.610s] -- Installing: /home/guang/code/ros2_ws/src/ros2_amr_framework/install/ros2_robot_middleware/lib/python3.12/site-packages/ros2_robot_middleware/msg/_health_status_s.c
[27.610s] -- Installing: /home/guang/code/ros2_ws/src/ros2_amr_framework/install/ros2_robot_middleware/lib/python3.12/site-packages/ros2_robot_middleware/srv
[27.610s] -- Installing: /home/guang/code/ros2_ws/src/ros2_amr_framework/install/ros2_robot_middleware/lib/python3.12/site-packages/ros2_robot_middleware/srv/_set_param.py
[27.610s] -- Installing: /home/guang/code/ros2_ws/src/ros2_amr_framework/install/ros2_robot_middleware/lib/python3.12/site-packages/ros2_robot_middleware/srv/__init__.py
[27.610s] -- Installing: /home/guang/code/ros2_ws/src/ros2_amr_framework/install/ros2_robot_middleware/lib/python3.12/site-packages/ros2_robot_middleware/srv/_set_param_s.c
[27.610s] -- Installing: /home/guang/code/ros2_ws/src/ros2_amr_framework/install/ros2_robot_middleware/lib/python3.12/site-packages/ros2_robot_middleware/_ros2_robot_middleware_s.ep.rosidl_typesupport_fastrtps_c.c
[27.650s] Listing '/home/guang/code/ros2_ws/src/ros2_amr_framework/install/ros2_robot_middleware/lib/python3.12/site-packages/ros2_robot_middleware'...
[27.650s] Compiling '/home/guang/code/ros2_ws/src/ros2_amr_framework/install/ros2_robot_middleware/lib/python3.12/site-packages/ros2_robot_middleware/__init__.py'...
[27.650s] Listing '/home/guang/code/ros2_ws/src/ros2_amr_framework/install/ros2_robot_middleware/lib/python3.12/site-packages/ros2_robot_middleware/action'...
[27.650s] Compiling '/home/guang/code/ros2_ws/src/ros2_amr_framework/install/ros2_robot_middleware/lib/python3.12/site-packages/ros2_robot_middleware/action/__init__.py'...
[27.650s] Compiling '/home/guang/code/ros2_ws/src/ros2_amr_framework/install/ros2_robot_middleware/lib/python3.12/site-packages/ros2_robot_middleware/action/_move_to_pose.py'...
[27.650s] Listing '/home/guang/code/ros2_ws/src/ros2_amr_framework/install/ros2_robot_middleware/lib/python3.12/site-packages/ros2_robot_middleware/msg'...
[27.650s] Compiling '/home/guang/code/ros2_ws/src/ros2_amr_framework/install/ros2_robot_middleware/lib/python3.12/site-packages/ros2_robot_middleware/msg/__init__.py'...
[27.650s] Compiling '/home/guang/code/ros2_ws/src/ros2_amr_framework/install/ros2_robot_middleware/lib/python3.12/site-packages/ros2_robot_middleware/msg/_health_report.py'...
[27.650s] Compiling '/home/guang/code/ros2_ws/src/ros2_amr_framework/install/ros2_robot_middleware/lib/python3.12/site-packages/ros2_robot_middleware/msg/_health_status.py'...
[27.650s] Compiling '/home/guang/code/ros2_ws/src/ros2_amr_framework/install/ros2_robot_middleware/lib/python3.12/site-packages/ros2_robot_middleware/msg/_object.py'...
[27.650s] Compiling '/home/guang/code/ros2_ws/src/ros2_amr_framework/install/ros2_robot_middleware/lib/python3.12/site-packages/ros2_robot_middleware/msg/_perception_objects.py'...
[27.650s] Listing '/home/guang/code/ros2_ws/src/ros2_amr_framework/install/ros2_robot_middleware/lib/python3.12/site-packages/ros2_robot_middleware/srv'...
[27.650s] Compiling '/home/guang/code/ros2_ws/src/ros2_amr_framework/install/ros2_robot_middleware/lib/python3.12/site-packages/ros2_robot_middleware/srv/__init__.py'...
[27.650s] Compiling '/home/guang/code/ros2_ws/src/ros2_amr_framework/install/ros2_robot_middleware/lib/python3.12/site-packages/ros2_robot_middleware/srv/_set_param.py'...
[27.656s] -- Installing: /home/guang/code/ros2_ws/src/ros2_amr_framework/install/ros2_robot_middleware/lib/python3.12/site-packages/ros2_robot_middleware/ros2_robot_middleware_s__rosidl_typesupport_fastrtps_c.so
[27.656s] -- Set non-toolchain portion of runtime path of "/home/guang/code/ros2_ws/src/ros2_amr_framework/install/ros2_robot_middleware/lib/python3.12/site-packages/ros2_robot_middleware/ros2_robot_middleware_s__rosidl_typesupport_fastrtps_c.so" to ""
[27.656s] -- Installing: /home/guang/code/ros2_ws/src/ros2_amr_framework/install/ros2_robot_middleware/lib/python3.12/site-packages/ros2_robot_middleware/ros2_robot_middleware_s__rosidl_typesupport_introspection_c.so
[27.656s] -- Set non-toolchain portion of runtime path of "/home/guang/code/ros2_ws/src/ros2_amr_framework/install/ros2_robot_middleware/lib/python3.12/site-packages/ros2_robot_middleware/ros2_robot_middleware_s__rosidl_typesupport_introspection_c.so" to ""
[27.656s] -- Installing: /home/guang/code/ros2_ws/src/ros2_amr_framework/install/ros2_robot_middleware/lib/python3.12/site-packages/ros2_robot_middleware/ros2_robot_middleware_s__rosidl_typesupport_c.so
[27.656s] -- Set non-toolchain portion of runtime path of "/home/guang/code/ros2_ws/src/ros2_amr_framework/install/ros2_robot_middleware/lib/python3.12/site-packages/ros2_robot_middleware/ros2_robot_middleware_s__rosidl_typesupport_c.so" to ""
[27.656s] -- Installing: /home/guang/code/ros2_ws/src/ros2_amr_framework/install/ros2_robot_middleware/lib/libros2_robot_middleware__rosidl_generator_py.so
[27.657s] -- Set non-toolchain portion of runtime path of "/home/guang/code/ros2_ws/src/ros2_amr_framework/install/ros2_robot_middleware/lib/libros2_robot_middleware__rosidl_generator_py.so" to ""
[27.657s] -- Installing: /home/guang/code/ros2_ws/src/ros2_amr_framework/install/ros2_robot_middleware/share/ament_index/resource_index/rust_packages/ros2_robot_middleware
[27.657s] -- Installing: /home/guang/code/ros2_ws/src/ros2_amr_framework/install/ros2_robot_middleware/share/ros2_robot_middleware/rust
[27.657s] -- Installing: /home/guang/code/ros2_ws/src/ros2_amr_framework/install/ros2_robot_middleware/share/ros2_robot_middleware/rust/build.rs
[27.657s] -- Installing: /home/guang/code/ros2_ws/src/ros2_amr_framework/install/ros2_robot_middleware/share/ros2_robot_middleware/rust/Cargo.toml
[27.658s] -- Installing: /home/guang/code/ros2_ws/src/ros2_amr_framework/install/ros2_robot_middleware/share/ros2_robot_middleware/rust/src
[27.658s] -- Installing: /home/guang/code/ros2_ws/src/ros2_amr_framework/install/ros2_robot_middleware/share/ros2_robot_middleware/rust/src/srv.rs
[27.658s] -- Installing: /home/guang/code/ros2_ws/src/ros2_amr_framework/install/ros2_robot_middleware/share/ros2_robot_middleware/rust/src/action.rs
[27.658s] -- Installing: /home/guang/code/ros2_ws/src/ros2_amr_framework/install/ros2_robot_middleware/share/ros2_robot_middleware/rust/src/msg.rs
[27.658s] -- Installing: /home/guang/code/ros2_ws/src/ros2_amr_framework/install/ros2_robot_middleware/share/ros2_robot_middleware/rust/src/action
[27.658s] -- Installing: /home/guang/code/ros2_ws/src/ros2_amr_framework/install/ros2_robot_middleware/share/ros2_robot_middleware/rust/src/action/rmw.rs
[27.658s] -- Installing: /home/guang/code/ros2_ws/src/ros2_amr_framework/install/ros2_robot_middleware/share/ros2_robot_middleware/rust/src/lib.rs
[27.658s] -- Installing: /home/guang/code/ros2_ws/src/ros2_amr_framework/install/ros2_robot_middleware/share/ros2_robot_middleware/rust/src/msg
[27.658s] -- Installing: /home/guang/code/ros2_ws/src/ros2_amr_framework/install/ros2_robot_middleware/share/ros2_robot_middleware/rust/src/msg/rmw.rs
[27.658s] -- Installing: /home/guang/code/ros2_ws/src/ros2_amr_framework/install/ros2_robot_middleware/share/ros2_robot_middleware/rust/src/srv
[27.658s] -- Installing: /home/guang/code/ros2_ws/src/ros2_amr_framework/install/ros2_robot_middleware/share/ros2_robot_middleware/rust/src/srv/rmw.rs
[27.658s] -- Installing: /home/guang/code/ros2_ws/src/ros2_amr_framework/install/ros2_robot_middleware/share/ros2_robot_middleware/msg/Object.idl
[27.659s] -- Installing: /home/guang/code/ros2_ws/src/ros2_amr_framework/install/ros2_robot_middleware/share/ros2_robot_middleware/msg/PerceptionObjects.idl
[27.659s] -- Installing: /home/guang/code/ros2_ws/src/ros2_amr_framework/install/ros2_robot_middleware/share/ros2_robot_middleware/msg/HealthStatus.idl
[27.659s] -- Installing: /home/guang/code/ros2_ws/src/ros2_amr_framework/install/ros2_robot_middleware/share/ros2_robot_middleware/msg/HealthReport.idl
[27.659s] -- Installing: /home/guang/code/ros2_ws/src/ros2_amr_framework/install/ros2_robot_middleware/share/ros2_robot_middleware/srv/SetParam.idl
[27.659s] -- Installing: /home/guang/code/ros2_ws/src/ros2_amr_framework/install/ros2_robot_middleware/share/ros2_robot_middleware/action/MoveToPose.idl
[27.659s] -- Installing: /home/guang/code/ros2_ws/src/ros2_amr_framework/install/ros2_robot_middleware/share/ros2_robot_middleware/msg/Object.msg
[27.659s] -- Installing: /home/guang/code/ros2_ws/src/ros2_amr_framework/install/ros2_robot_middleware/share/ros2_robot_middleware/msg/PerceptionObjects.msg
[27.659s] -- Installing: /home/guang/code/ros2_ws/src/ros2_amr_framework/install/ros2_robot_middleware/share/ros2_robot_middleware/msg/HealthStatus.msg
[27.659s] -- Installing: /home/guang/code/ros2_ws/src/ros2_amr_framework/install/ros2_robot_middleware/share/ros2_robot_middleware/msg/HealthReport.msg
[27.659s] -- Installing: /home/guang/code/ros2_ws/src/ros2_amr_framework/install/ros2_robot_middleware/share/ros2_robot_middleware/srv/SetParam.srv
[27.659s] -- Installing: /home/guang/code/ros2_ws/src/ros2_amr_framework/install/ros2_robot_middleware/share/ros2_robot_middleware/action/MoveToPose.action
[27.659s] -- Installing: /home/guang/code/ros2_ws/src/ros2_amr_framework/install/ros2_robot_middleware/lib/libcompute_component.so
[27.673s] -- Set non-toolchain portion of runtime path of "/home/guang/code/ros2_ws/src/ros2_amr_framework/install/ros2_robot_middleware/lib/libcompute_component.so" to ""
[27.673s] -- Installing: /home/guang/code/ros2_ws/src/ros2_amr_framework/install/ros2_robot_middleware/lib/ros2_robot_middleware/compute_container
[27.673s] -- Set non-toolchain portion of runtime path of "/home/guang/code/ros2_ws/src/ros2_amr_framework/install/ros2_robot_middleware/lib/ros2_robot_middleware/compute_container" to ""
[27.673s] -- Installing: /home/guang/code/ros2_ws/src/ros2_amr_framework/install/ros2_robot_middleware/lib/ros2_robot_middleware/lidar_node
[27.675s] -- Set non-toolchain portion of runtime path of "/home/guang/code/ros2_ws/src/ros2_amr_framework/install/ros2_robot_middleware/lib/ros2_robot_middleware/lidar_node" to ""
[27.675s] -- Installing: /home/guang/code/ros2_ws/src/ros2_amr_framework/install/ros2_robot_middleware/lib/ros2_robot_middleware/imu_node
[27.676s] -- Set non-toolchain portion of runtime path of "/home/guang/code/ros2_ws/src/ros2_amr_framework/install/ros2_robot_middleware/lib/ros2_robot_middleware/imu_node" to ""
[27.676s] -- Installing: /home/guang/code/ros2_ws/src/ros2_amr_framework/install/ros2_robot_middleware/lib/ros2_robot_middleware/camera_node
[27.678s] -- Set non-toolchain portion of runtime path of "/home/guang/code/ros2_ws/src/ros2_amr_framework/install/ros2_robot_middleware/lib/ros2_robot_middleware/camera_node" to ""
[27.678s] -- Installing: /home/guang/code/ros2_ws/src/ros2_amr_framework/install/ros2_robot_middleware/lib/ros2_robot_middleware/health_monitor_node
[27.683s] -- Set non-toolchain portion of runtime path of "/home/guang/code/ros2_ws/src/ros2_amr_framework/install/ros2_robot_middleware/lib/ros2_robot_middleware/health_monitor_node" to ""
[27.683s] -- Installing: /home/guang/code/ros2_ws/src/ros2_amr_framework/install/ros2_robot_middleware/lib/ros2_robot_middleware/fleet_manager_node
[27.687s] -- Set non-toolchain portion of runtime path of "/home/guang/code/ros2_ws/src/ros2_amr_framework/install/ros2_robot_middleware/lib/ros2_robot_middleware/fleet_manager_node" to ""
[27.687s] -- Installing: /home/guang/code/ros2_ws/src/ros2_amr_framework/install/ros2_robot_middleware/share/ros2_robot_middleware/config
[27.687s] -- Installing: /home/guang/code/ros2_ws/src/ros2_amr_framework/install/ros2_robot_middleware/share/ros2_robot_middleware/config/fastdds_profiles.xml
[27.689s] -- Installing: /home/guang/code/ros2_ws/src/ros2_amr_framework/install/ros2_robot_middleware/share/ros2_robot_middleware/config/params.yaml
[27.689s] -- Installing: /home/guang/code/ros2_ws/src/ros2_amr_framework/install/ros2_robot_middleware/share/ros2_robot_middleware/config/sros2
[27.689s] -- Installing: /home/guang/code/ros2_ws/src/ros2_amr_framework/install/ros2_robot_middleware/share/ros2_robot_middleware/config/sros2/private
[27.689s] -- Installing: /home/guang/code/ros2_ws/src/ros2_amr_framework/install/ros2_robot_middleware/share/ros2_robot_middleware/config/sros2/private/permissions_ca.key.pem
[27.689s] -- Installing: /home/guang/code/ros2_ws/src/ros2_amr_framework/install/ros2_robot_middleware/share/ros2_robot_middleware/config/sros2/private/identity_ca.key.pem
[27.689s] -- Installing: /home/guang/code/ros2_ws/src/ros2_amr_framework/install/ros2_robot_middleware/share/ros2_robot_middleware/config/sros2/private/ca.key.pem
[27.689s] -- Installing: /home/guang/code/ros2_ws/src/ros2_amr_framework/install/ros2_robot_middleware/share/ros2_robot_middleware/config/sros2/governance.p7s
[27.690s] -- Installing: /home/guang/code/ros2_ws/src/ros2_amr_framework/install/ros2_robot_middleware/share/ros2_robot_middleware/config/sros2/public
[27.690s] -- Installing: /home/guang/code/ros2_ws/src/ros2_amr_framework/install/ros2_robot_middleware/share/ros2_robot_middleware/config/sros2/public/permissions_ca.cert.pem
[27.690s] -- Installing: /home/guang/code/ros2_ws/src/ros2_amr_framework/install/ros2_robot_middleware/share/ros2_robot_middleware/config/sros2/public/ca.cert.pem
[27.690s] -- Installing: /home/guang/code/ros2_ws/src/ros2_amr_framework/install/ros2_robot_middleware/share/ros2_robot_middleware/config/sros2/public/identity_ca.cert.pem
[27.690s] -- Installing: /home/guang/code/ros2_ws/src/ros2_amr_framework/install/ros2_robot_middleware/share/ros2_robot_middleware/config/sros2/permissions_lidar.xml
[27.691s] -- Installing: /home/guang/code/ros2_ws/src/ros2_amr_framework/install/ros2_robot_middleware/share/ros2_robot_middleware/config/sros2/enclaves
[27.691s] -- Installing: /home/guang/code/ros2_ws/src/ros2_amr_framework/install/ros2_robot_middleware/share/ros2_robot_middleware/config/sros2/enclaves/camera
[27.691s] -- Installing: /home/guang/code/ros2_ws/src/ros2_amr_framework/install/ros2_robot_middleware/share/ros2_robot_middleware/config/sros2/enclaves/camera/key.pem
[27.691s] -- Installing: /home/guang/code/ros2_ws/src/ros2_amr_framework/install/ros2_robot_middleware/share/ros2_robot_middleware/config/sros2/enclaves/camera/cert.pem
[27.691s] -- Installing: /home/guang/code/ros2_ws/src/ros2_amr_framework/install/ros2_robot_middleware/share/ros2_robot_middleware/config/sros2/enclaves/camera/governance.p7s
[27.691s] -- Installing: /home/guang/code/ros2_ws/src/ros2_amr_framework/install/ros2_robot_middleware/share/ros2_robot_middleware/config/sros2/enclaves/camera/permissions_ca.cert.pem
[27.691s] -- Installing: /home/guang/code/ros2_ws/src/ros2_amr_framework/install/ros2_robot_middleware/share/ros2_robot_middleware/config/sros2/enclaves/camera/permissions.p7s
[27.692s] -- Installing: /home/guang/code/ros2_ws/src/ros2_amr_framework/install/ros2_robot_middleware/share/ros2_robot_middleware/config/sros2/enclaves/camera/permissions.xml
[27.692s] -- Installing: /home/guang/code/ros2_ws/src/ros2_amr_framework/install/ros2_robot_middleware/share/ros2_robot_middleware/config/sros2/enclaves/camera/identity_ca.cert.pem
[27.692s] -- Installing: /home/guang/code/ros2_ws/src/ros2_amr_framework/install/ros2_robot_middleware/share/ros2_robot_middleware/config/sros2/enclaves/lidar
[27.692s] -- Installing: /home/guang/code/ros2_ws/src/ros2_amr_framework/install/ros2_robot_middleware/share/ros2_robot_middleware/config/sros2/enclaves/lidar/key.pem
[27.692s] -- Installing: /home/guang/code/ros2_ws/src/ros2_amr_framework/install/ros2_robot_middleware/share/ros2_robot_middleware/config/sros2/enclaves/lidar/cert.pem
[27.693s] -- Installing: /home/guang/code/ros2_ws/src/ros2_amr_framework/install/ros2_robot_middleware/share/ros2_robot_middleware/config/sros2/enclaves/lidar/governance.p7s
[27.693s] -- Installing: /home/guang/code/ros2_ws/src/ros2_amr_framework/install/ros2_robot_middleware/share/ros2_robot_middleware/config/sros2/enclaves/lidar/permissions_ca.cert.pem
[27.693s] -- Installing: /home/guang/code/ros2_ws/src/ros2_amr_framework/install/ros2_robot_middleware/share/ros2_robot_middleware/config/sros2/enclaves/lidar/permissions.p7s
[27.693s] -- Installing: /home/guang/code/ros2_ws/src/ros2_amr_framework/install/ros2_robot_middleware/share/ros2_robot_middleware/config/sros2/enclaves/lidar/permissions.xml
[27.693s] -- Installing: /home/guang/code/ros2_ws/src/ros2_amr_framework/install/ros2_robot_middleware/share/ros2_robot_middleware/config/sros2/enclaves/lidar/identity_ca.cert.pem
[27.693s] -- Installing: /home/guang/code/ros2_ws/src/ros2_amr_framework/install/ros2_robot_middleware/share/ros2_robot_middleware/config/sros2/enclaves/governance.xml
[27.693s] -- Installing: /home/guang/code/ros2_ws/src/ros2_amr_framework/install/ros2_robot_middleware/share/ros2_robot_middleware/config/sros2/enclaves/governance.p7s
[27.694s] -- Installing: /home/guang/code/ros2_ws/src/ros2_amr_framework/install/ros2_robot_middleware/share/ros2_robot_middleware/config/sros2/enclaves/health_monitor
[27.694s] -- Installing: /home/guang/code/ros2_ws/src/ros2_amr_framework/install/ros2_robot_middleware/share/ros2_robot_middleware/config/sros2/enclaves/health_monitor/key.pem
[27.694s] -- Installing: /home/guang/code/ros2_ws/src/ros2_amr_framework/install/ros2_robot_middleware/share/ros2_robot_middleware/config/sros2/enclaves/health_monitor/cert.pem
[27.694s] -- Installing: /home/guang/code/ros2_ws/src/ros2_amr_framework/install/ros2_robot_middleware/share/ros2_robot_middleware/config/sros2/enclaves/health_monitor/governance.p7s
[27.694s] -- Installing: /home/guang/code/ros2_ws/src/ros2_amr_framework/install/ros2_robot_middleware/share/ros2_robot_middleware/config/sros2/enclaves/health_monitor/permissions_ca.cert.pem
[27.694s] -- Installing: /home/guang/code/ros2_ws/src/ros2_amr_framework/install/ros2_robot_middleware/share/ros2_robot_middleware/config/sros2/enclaves/health_monitor/permissions.p7s
[27.694s] -- Installing: /home/guang/code/ros2_ws/src/ros2_amr_framework/install/ros2_robot_middleware/share/ros2_robot_middleware/config/sros2/enclaves/health_monitor/permissions.xml
[27.695s] -- Installing: /home/guang/code/ros2_ws/src/ros2_amr_framework/install/ros2_robot_middleware/share/ros2_robot_middleware/config/sros2/enclaves/health_monitor/identity_ca.cert.pem
[27.695s] -- Installing: /home/guang/code/ros2_ws/src/ros2_amr_framework/install/ros2_robot_middleware/share/ros2_robot_middleware/config/sros2/enclaves/decision
[27.695s] -- Installing: /home/guang/code/ros2_ws/src/ros2_amr_framework/install/ros2_robot_middleware/share/ros2_robot_middleware/config/sros2/enclaves/decision/key.pem
[27.695s] -- Installing: /home/guang/code/ros2_ws/src/ros2_amr_framework/install/ros2_robot_middleware/share/ros2_robot_middleware/config/sros2/enclaves/decision/cert.pem
[27.695s] -- Installing: /home/guang/code/ros2_ws/src/ros2_amr_framework/install/ros2_robot_middleware/share/ros2_robot_middleware/config/sros2/enclaves/decision/governance.p7s
[27.695s] -- Installing: /home/guang/code/ros2_ws/src/ros2_amr_framework/install/ros2_robot_middleware/share/ros2_robot_middleware/config/sros2/enclaves/decision/permissions_ca.cert.pem
[27.695s] -- Installing: /home/guang/code/ros2_ws/src/ros2_amr_framework/install/ros2_robot_middleware/share/ros2_robot_middleware/config/sros2/enclaves/decision/permissions.p7s
[27.695s] -- Installing: /home/guang/code/ros2_ws/src/ros2_amr_framework/install/ros2_robot_middleware/share/ros2_robot_middleware/config/sros2/enclaves/decision/permissions.xml
[27.696s] -- Installing: /home/guang/code/ros2_ws/src/ros2_amr_framework/install/ros2_robot_middleware/share/ros2_robot_middleware/config/sros2/enclaves/decision/identity_ca.cert.pem
[27.696s] -- Installing: /home/guang/code/ros2_ws/src/ros2_amr_framework/install/ros2_robot_middleware/share/ros2_robot_middleware/config/sros2/enclaves/motor_ctrl
[27.696s] -- Installing: /home/guang/code/ros2_ws/src/ros2_amr_framework/install/ros2_robot_middleware/share/ros2_robot_middleware/config/sros2/enclaves/motor_ctrl/key.pem
[27.696s] -- Installing: /home/guang/code/ros2_ws/src/ros2_amr_framework/install/ros2_robot_middleware/share/ros2_robot_middleware/config/sros2/enclaves/motor_ctrl/cert.pem
[27.696s] -- Installing: /home/guang/code/ros2_ws/src/ros2_amr_framework/install/ros2_robot_middleware/share/ros2_robot_middleware/config/sros2/enclaves/motor_ctrl/governance.p7s
[27.696s] -- Installing: /home/guang/code/ros2_ws/src/ros2_amr_framework/install/ros2_robot_middleware/share/ros2_robot_middleware/config/sros2/enclaves/motor_ctrl/permissions_ca.cert.pem
[27.696s] -- Installing: /home/guang/code/ros2_ws/src/ros2_amr_framework/install/ros2_robot_middleware/share/ros2_robot_middleware/config/sros2/enclaves/motor_ctrl/permissions.p7s
[27.697s] -- Installing: /home/guang/code/ros2_ws/src/ros2_amr_framework/install/ros2_robot_middleware/share/ros2_robot_middleware/config/sros2/enclaves/motor_ctrl/permissions.xml
[27.697s] -- Installing: /home/guang/code/ros2_ws/src/ros2_amr_framework/install/ros2_robot_middleware/share/ros2_robot_middleware/config/sros2/enclaves/motor_ctrl/identity_ca.cert.pem
[27.697s] -- Installing: /home/guang/code/ros2_ws/src/ros2_amr_framework/install/ros2_robot_middleware/share/ros2_robot_middleware/config/sros2/enclaves/fleet_manager
[27.697s] -- Installing: /home/guang/code/ros2_ws/src/ros2_amr_framework/install/ros2_robot_middleware/share/ros2_robot_middleware/config/sros2/enclaves/fleet_manager/key.pem
[27.697s] -- Installing: /home/guang/code/ros2_ws/src/ros2_amr_framework/install/ros2_robot_middleware/share/ros2_robot_middleware/config/sros2/enclaves/fleet_manager/cert.pem
[27.697s] -- Installing: /home/guang/code/ros2_ws/src/ros2_amr_framework/install/ros2_robot_middleware/share/ros2_robot_middleware/config/sros2/enclaves/fleet_manager/governance.p7s
[27.697s] -- Installing: /home/guang/code/ros2_ws/src/ros2_amr_framework/install/ros2_robot_middleware/share/ros2_robot_middleware/config/sros2/enclaves/fleet_manager/permissions_ca.cert.pem
[27.697s] -- Installing: /home/guang/code/ros2_ws/src/ros2_amr_framework/install/ros2_robot_middleware/share/ros2_robot_middleware/config/sros2/enclaves/fleet_manager/permissions.p7s
[27.697s] -- Installing: /home/guang/code/ros2_ws/src/ros2_amr_framework/install/ros2_robot_middleware/share/ros2_robot_middleware/config/sros2/enclaves/fleet_manager/permissions.xml
[27.698s] -- Installing: /home/guang/code/ros2_ws/src/ros2_amr_framework/install/ros2_robot_middleware/share/ros2_robot_middleware/config/sros2/enclaves/fleet_manager/identity_ca.cert.pem
[27.698s] -- Installing: /home/guang/code/ros2_ws/src/ros2_amr_framework/install/ros2_robot_middleware/share/ros2_robot_middleware/config/sros2/enclaves/fusion
[27.698s] -- Installing: /home/guang/code/ros2_ws/src/ros2_amr_framework/install/ros2_robot_middleware/share/ros2_robot_middleware/config/sros2/enclaves/fusion/key.pem
[27.698s] -- Installing: /home/guang/code/ros2_ws/src/ros2_amr_framework/install/ros2_robot_middleware/share/ros2_robot_middleware/config/sros2/enclaves/fusion/cert.pem
[27.698s] -- Installing: /home/guang/code/ros2_ws/src/ros2_amr_framework/install/ros2_robot_middleware/share/ros2_robot_middleware/config/sros2/enclaves/fusion/governance.p7s
[27.698s] -- Installing: /home/guang/code/ros2_ws/src/ros2_amr_framework/install/ros2_robot_middleware/share/ros2_robot_middleware/config/sros2/enclaves/fusion/permissions_ca.cert.pem
[27.698s] -- Installing: /home/guang/code/ros2_ws/src/ros2_amr_framework/install/ros2_robot_middleware/share/ros2_robot_middleware/config/sros2/enclaves/fusion/permissions.p7s
[27.698s] -- Installing: /home/guang/code/ros2_ws/src/ros2_amr_framework/install/ros2_robot_middleware/share/ros2_robot_middleware/config/sros2/enclaves/fusion/permissions.xml
[27.699s] -- Installing: /home/guang/code/ros2_ws/src/ros2_amr_framework/install/ros2_robot_middleware/share/ros2_robot_middleware/config/sros2/enclaves/fusion/identity_ca.cert.pem
[27.699s] -- Installing: /home/guang/code/ros2_ws/src/ros2_amr_framework/install/ros2_robot_middleware/share/ros2_robot_middleware/config/sros2/enclaves/imu
[27.699s] -- Installing: /home/guang/code/ros2_ws/src/ros2_amr_framework/install/ros2_robot_middleware/share/ros2_robot_middleware/config/sros2/enclaves/imu/key.pem
[27.699s] -- Installing: /home/guang/code/ros2_ws/src/ros2_amr_framework/install/ros2_robot_middleware/share/ros2_robot_middleware/config/sros2/enclaves/imu/cert.pem
[27.699s] -- Installing: /home/guang/code/ros2_ws/src/ros2_amr_framework/install/ros2_robot_middleware/share/ros2_robot_middleware/config/sros2/enclaves/imu/governance.p7s
[27.699s] -- Installing: /home/guang/code/ros2_ws/src/ros2_amr_framework/install/ros2_robot_middleware/share/ros2_robot_middleware/config/sros2/enclaves/imu/permissions_ca.cert.pem
[27.699s] -- Installing: /home/guang/code/ros2_ws/src/ros2_amr_framework/install/ros2_robot_middleware/share/ros2_robot_middleware/config/sros2/enclaves/imu/permissions.p7s
[27.699s] -- Installing: /home/guang/code/ros2_ws/src/ros2_amr_framework/install/ros2_robot_middleware/share/ros2_robot_middleware/config/sros2/enclaves/imu/permissions.xml
[27.700s] -- Installing: /home/guang/code/ros2_ws/src/ros2_amr_framework/install/ros2_robot_middleware/share/ros2_robot_middleware/config/sros2/enclaves/imu/identity_ca.cert.pem
[27.700s] -- Installing: /home/guang/code/ros2_ws/src/ros2_amr_framework/install/ros2_robot_middleware/share/ros2_robot_middleware/launch
[27.700s] -- Installing: /home/guang/code/ros2_ws/src/ros2_amr_framework/install/ros2_robot_middleware/share/ros2_robot_middleware/launch/system.launch.py
[27.700s] -- Installing: /home/guang/code/ros2_ws/src/ros2_amr_framework/install/ros2_robot_middleware/share/ros2_robot_middleware/launch/system_secure.launch.py
[27.700s] -- Installing: /home/guang/code/ros2_ws/src/ros2_amr_framework/install/ros2_robot_middleware/share/ros2_robot_middleware/launch/simulation.launch.py
[27.701s] -- Installing: /home/guang/code/ros2_ws/src/ros2_amr_framework/install/ros2_robot_middleware/share/ros2_robot_middleware/launch/fleet_multi.launch.py
[27.702s] -- Installing: /home/guang/code/ros2_ws/src/ros2_amr_framework/install/ros2_robot_middleware/share/ament_index/resource_index/package_run_dependencies/ros2_robot_middleware
[27.702s] -- Installing: /home/guang/code/ros2_ws/src/ros2_amr_framework/install/ros2_robot_middleware/share/ament_index/resource_index/parent_prefix_path/ros2_robot_middleware
[27.702s] -- Installing: /home/guang/code/ros2_ws/src/ros2_amr_framework/install/ros2_robot_middleware/share/ros2_robot_middleware/environment/ament_prefix_path.sh
[27.702s] -- Installing: /home/guang/code/ros2_ws/src/ros2_amr_framework/install/ros2_robot_middleware/share/ros2_robot_middleware/environment/ament_prefix_path.dsv
[27.702s] -- Installing: /home/guang/code/ros2_ws/src/ros2_amr_framework/install/ros2_robot_middleware/share/ros2_robot_middleware/environment/path.sh
[27.702s] -- Installing: /home/guang/code/ros2_ws/src/ros2_amr_framework/install/ros2_robot_middleware/share/ros2_robot_middleware/environment/path.dsv
[27.702s] -- Installing: /home/guang/code/ros2_ws/src/ros2_amr_framework/install/ros2_robot_middleware/share/ros2_robot_middleware/local_setup.bash
[27.702s] -- Installing: /home/guang/code/ros2_ws/src/ros2_amr_framework/install/ros2_robot_middleware/share/ros2_robot_middleware/local_setup.sh
[27.702s] -- Installing: /home/guang/code/ros2_ws/src/ros2_amr_framework/install/ros2_robot_middleware/share/ros2_robot_middleware/local_setup.zsh
[27.703s] -- Installing: /home/guang/code/ros2_ws/src/ros2_amr_framework/install/ros2_robot_middleware/share/ros2_robot_middleware/local_setup.dsv
[27.703s] -- Installing: /home/guang/code/ros2_ws/src/ros2_amr_framework/install/ros2_robot_middleware/share/ros2_robot_middleware/package.dsv
[27.703s] -- Installing: /home/guang/code/ros2_ws/src/ros2_amr_framework/install/ros2_robot_middleware/share/ament_index/resource_index/packages/ros2_robot_middleware
[27.703s] -- Installing: /home/guang/code/ros2_ws/src/ros2_amr_framework/install/ros2_robot_middleware/share/ros2_robot_middleware/cmake/export_ros2_robot_middleware__rosidl_generator_cExport.cmake
[27.703s] -- Installing: /home/guang/code/ros2_ws/src/ros2_amr_framework/install/ros2_robot_middleware/share/ros2_robot_middleware/cmake/export_ros2_robot_middleware__rosidl_generator_cExport-noconfig.cmake
[27.703s] -- Installing: /home/guang/code/ros2_ws/src/ros2_amr_framework/install/ros2_robot_middleware/share/ros2_robot_middleware/cmake/export_ros2_robot_middleware__rosidl_typesupport_fastrtps_cExport.cmake
[27.703s] -- Installing: /home/guang/code/ros2_ws/src/ros2_amr_framework/install/ros2_robot_middleware/share/ros2_robot_middleware/cmake/export_ros2_robot_middleware__rosidl_typesupport_fastrtps_cExport-noconfig.cmake
[27.703s] -- Installing: /home/guang/code/ros2_ws/src/ros2_amr_framework/install/ros2_robot_middleware/share/ros2_robot_middleware/cmake/export_ros2_robot_middleware__rosidl_generator_cppExport.cmake
[27.703s] -- Installing: /home/guang/code/ros2_ws/src/ros2_amr_framework/install/ros2_robot_middleware/share/ros2_robot_middleware/cmake/export_ros2_robot_middleware__rosidl_typesupport_fastrtps_cppExport.cmake
[27.704s] -- Installing: /home/guang/code/ros2_ws/src/ros2_amr_framework/install/ros2_robot_middleware/share/ros2_robot_middleware/cmake/export_ros2_robot_middleware__rosidl_typesupport_fastrtps_cppExport-noconfig.cmake
[27.704s] -- Installing: /home/guang/code/ros2_ws/src/ros2_amr_framework/install/ros2_robot_middleware/share/ros2_robot_middleware/cmake/ros2_robot_middleware__rosidl_typesupport_introspection_cExport.cmake
[27.704s] -- Installing: /home/guang/code/ros2_ws/src/ros2_amr_framework/install/ros2_robot_middleware/share/ros2_robot_middleware/cmake/ros2_robot_middleware__rosidl_typesupport_introspection_cExport-noconfig.cmake
[27.704s] -- Installing: /home/guang/code/ros2_ws/src/ros2_amr_framework/install/ros2_robot_middleware/share/ros2_robot_middleware/cmake/ros2_robot_middleware__rosidl_typesupport_cExport.cmake
[27.704s] -- Installing: /home/guang/code/ros2_ws/src/ros2_amr_framework/install/ros2_robot_middleware/share/ros2_robot_middleware/cmake/ros2_robot_middleware__rosidl_typesupport_cExport-noconfig.cmake
[27.704s] -- Installing: /home/guang/code/ros2_ws/src/ros2_amr_framework/install/ros2_robot_middleware/share/ros2_robot_middleware/cmake/ros2_robot_middleware__rosidl_typesupport_introspection_cppExport.cmake
[27.704s] -- Installing: /home/guang/code/ros2_ws/src/ros2_amr_framework/install/ros2_robot_middleware/share/ros2_robot_middleware/cmake/ros2_robot_middleware__rosidl_typesupport_introspection_cppExport-noconfig.cmake
[27.704s] -- Installing: /home/guang/code/ros2_ws/src/ros2_amr_framework/install/ros2_robot_middleware/share/ros2_robot_middleware/cmake/ros2_robot_middleware__rosidl_typesupport_cppExport.cmake
[27.704s] -- Installing: /home/guang/code/ros2_ws/src/ros2_amr_framework/install/ros2_robot_middleware/share/ros2_robot_middleware/cmake/ros2_robot_middleware__rosidl_typesupport_cppExport-noconfig.cmake
[27.704s] -- Installing: /home/guang/code/ros2_ws/src/ros2_amr_framework/install/ros2_robot_middleware/share/ros2_robot_middleware/cmake/export_ros2_robot_middleware__rosidl_generator_pyExport.cmake
[27.704s] -- Installing: /home/guang/code/ros2_ws/src/ros2_amr_framework/install/ros2_robot_middleware/share/ros2_robot_middleware/cmake/export_ros2_robot_middleware__rosidl_generator_pyExport-noconfig.cmake
[27.705s] -- Installing: /home/guang/code/ros2_ws/src/ros2_amr_framework/install/ros2_robot_middleware/share/ros2_robot_middleware/cmake/rosidl_cmake-extras.cmake
[27.705s] -- Installing: /home/guang/code/ros2_ws/src/ros2_amr_framework/install/ros2_robot_middleware/share/ros2_robot_middleware/cmake/ament_cmake_export_dependencies-extras.cmake
[27.705s] -- Installing: /home/guang/code/ros2_ws/src/ros2_amr_framework/install/ros2_robot_middleware/share/ros2_robot_middleware/cmake/ament_cmake_export_include_directories-extras.cmake
[27.705s] -- Installing: /home/guang/code/ros2_ws/src/ros2_amr_framework/install/ros2_robot_middleware/share/ros2_robot_middleware/cmake/ament_cmake_export_libraries-extras.cmake
[27.705s] -- Installing: /home/guang/code/ros2_ws/src/ros2_amr_framework/install/ros2_robot_middleware/share/ros2_robot_middleware/cmake/ament_cmake_export_targets-extras.cmake
[27.705s] -- Installing: /home/guang/code/ros2_ws/src/ros2_amr_framework/install/ros2_robot_middleware/share/ros2_robot_middleware/cmake/rosidl_cmake_export_typesupport_targets-extras.cmake
[27.705s] -- Installing: /home/guang/code/ros2_ws/src/ros2_amr_framework/install/ros2_robot_middleware/share/ros2_robot_middleware/cmake/rosidl_cmake_export_typesupport_libraries-extras.cmake
[27.705s] -- Installing: /home/guang/code/ros2_ws/src/ros2_amr_framework/install/ros2_robot_middleware/share/ros2_robot_middleware/cmake/ros2_robot_middlewareConfig.cmake
[27.705s] -- Installing: /home/guang/code/ros2_ws/src/ros2_amr_framework/install/ros2_robot_middleware/share/ros2_robot_middleware/cmake/ros2_robot_middlewareConfig-version.cmake
[27.705s] -- Installing: /home/guang/code/ros2_ws/src/ros2_amr_framework/install/ros2_robot_middleware/share/ros2_robot_middleware/package.xml
[27.707s] Invoked command in '/home/guang/code/ros2_ws/src/ros2_amr_framework/build/ros2_robot_middleware' returned '0': CMAKE_PREFIX_PATH=${CMAKE_PREFIX_PATH}:/opt/ros/jazzy DEBUGINFOD_URLS=https://debuginfod.ubuntu.com /usr/bin/cmake --install /home/guang/code/ros2_ws/src/ros2_amr_framework/build/ros2_robot_middleware
